#
# There is insufficient memory for the Java Runtime Environment to continue.
# Native memory allocation (malloc) failed to allocate 573456 bytes for Chunk::new
# Possible reasons:
#   The system is out of physical RAM or swap space
#   The process is running with CompressedOops enabled, and the Java Heap may be blocking the growth of the native heap
# Possible solutions:
#   Reduce memory load on the system
#   Increase physical memory or swap space
#   Check if swap backing store is full
#   Decrease Java heap size (-Xmx/-Xms)
#   Decrease number of Java threads
#   Decrease Java thread stack sizes (-Xss)
#   Set larger code cache with -XX:ReservedCodeCacheSize=
#   JVM is running with Zero Based Compressed Oops mode in which the Java heap is
#     placed in the first 32GB address space. The Java Heap base address is the
#     maximum limit for the native heap growth. Please use -XX:HeapBaseMinAddress
#     to set the Java Heap base and to place the Java Heap above 32GB virtual address.
# This output file may be truncated or incomplete.
#
#  Out of Memory Error (./open/src/hotspot/share/memory/arena.cpp:197), pid=13264, tid=416
#
# JRE version: Java(TM) SE Runtime Environment 18.9 (11.0.11+9) (build 11.0.11+9-LTS-194)
# Java VM: Java HotSpot(TM) 64-Bit Server VM 18.9 (11.0.11+9-LTS-194, mixed mode, tiered, compressed oops, g1 gc, windows-amd64)
# No core dump will be written. Minidumps are not enabled by default on client versions of Windows
#

---------------  S U M M A R Y ------------

Command Line: --add-opens=java.base/java.lang=ALL-UNNAMED --add-opens=java.base/java.io=ALL-UNNAMED --add-opens=java.base/java.util=ALL-UNNAMED --add-opens=java.base/java.util.concurrent=ALL-UNNAMED --add-opens=java.rmi/sun.rmi.transport=ALL-UNNAMED -Djava.util.logging.config.file=C:\Users\cyh12\AppData\Local\JetBrains\IntelliJIdea2021.1\tomcat\b6b2fda9-fe3e-485c-ac22-2db6060a4908\conf\logging.properties -Djava.util.logging.manager=org.apache.juli.ClassLoaderLogManager -Dcom.sun.management.jmxremote= -Dcom.sun.management.jmxremote.port=1099 -Dcom.sun.management.jmxremote.ssl=false -Dcom.sun.management.jmxremote.password.file=C:\Users\cyh12\AppData\Local\JetBrains\IntelliJIdea2021.1\tomcat\b6b2fda9-fe3e-485c-ac22-2db6060a4908\jmxremote.password -Dcom.sun.management.jmxremote.access.file=C:\Users\cyh12\AppData\Local\JetBrains\IntelliJIdea2021.1\tomcat\b6b2fda9-fe3e-485c-ac22-2db6060a4908\jmxremote.access -Djava.rmi.server.hostname=127.0.0.1 -Djdk.tls.ephemeralDHKeySize=2048 -Djava.protocol.handler.pkgs=org.apache.catalina.webresources -Dignore.endorsed.dirs= -Dcatalina.base=C:\Users\cyh12\AppData\Local\JetBrains\IntelliJIdea2021.1\tomcat\b6b2fda9-fe3e-485c-ac22-2db6060a4908 -Dcatalina.home=D:\apache-tomcat-9.0.45 -Djava.io.tmpdir=D:\apache-tomcat-9.0.45\temp org.apache.catalina.startup.Bootstrap start

Host: Intel(R) Core(TM) i7-7700HQ CPU @ 2.80GHz, 8 cores, 23G,  Windows 10 , 64 bit Build 19041 (10.0.19041.1466)
Time: Wed Feb  9 02:18:27 2022 대한민국 표준시 elapsed time: 9.150155 seconds (0d 0h 0m 9s)

---------------  T H R E A D  ---------------

Current thread (0x0000019e35d52800):  JavaThread "C2 CompilerThread1" daemon [_thread_in_native, id=416, stack(0x00000002d6300000,0x00000002d6400000)]


Current CompileTask:
C2:   9150 3718       4       com.sun.org.apache.xerces.internal.impl.XMLScanner::scanAttributeValue (991 bytes)

Stack: [0x00000002d6300000,0x00000002d6400000]
Native frames: (J=compiled Java code, j=interpreted, Vv=VM code, C=native code)
V  [jvm.dll+0x616f2a]
V  [jvm.dll+0x74de7f]
V  [jvm.dll+0x74f505]
V  [jvm.dll+0x74fb83]
V  [jvm.dll+0x2436d8]
V  [jvm.dll+0xba68c]
V  [jvm.dll+0xbad8c]
V  [jvm.dll+0x346272]
V  [jvm.dll+0x3140c3]
V  [jvm.dll+0x31340a]
V  [jvm.dll+0x1fd045]
V  [jvm.dll+0x1fc22f]
V  [jvm.dll+0x17f0bc]
V  [jvm.dll+0x20b68c]
V  [jvm.dll+0x20978b]
V  [jvm.dll+0x7152c9]
V  [jvm.dll+0x70dfc4]
V  [jvm.dll+0x6160f6]
C  [ucrtbase.dll+0x21bb2]
C  [KERNEL32.DLL+0x17034]
C  [ntdll.dll+0x52651]


---------------  P R O C E S S  ---------------

Threads class SMR info:
_java_thread_list=0x0000019e384c77d0, length=36, elements={
0x0000019e09a50800, 0x0000019e32a56800, 0x0000019e32a58000, 0x0000019e32afb800,
0x0000019e32afc800, 0x0000019e32afd800, 0x0000019e32b01800, 0x0000019e32b0a000,
0x0000019e32a15800, 0x0000019e32dbe000, 0x0000019e32e64000, 0x0000019e32fcb000,
0x0000019e32cc2800, 0x0000019e33190000, 0x0000019e334ba800, 0x0000019e34155800,
0x0000019e33da1000, 0x0000019e34195000, 0x0000019e346e4000, 0x0000019e35421000,
0x0000019e3553d000, 0x0000019e3553f000, 0x0000019e3553b800, 0x0000019e3553e000,
0x0000019e3553c800, 0x0000019e35539000, 0x0000019e3553f800, 0x0000019e3553a000,
0x0000019e3553a800, 0x0000019e34010000, 0x0000019e34010800, 0x0000019e34011800,
0x0000019e3400f000, 0x0000019e34012800, 0x0000019e34013000, 0x0000019e35d52800
}

Java Threads: ( => current thread )
  0x0000019e09a50800 JavaThread "main" [_thread_in_native, id=32788, stack(0x00000002d4d00000,0x00000002d4e00000)]
  0x0000019e32a56800 JavaThread "Reference Handler" daemon [_thread_blocked, id=41916, stack(0x00000002d5400000,0x00000002d5500000)]
  0x0000019e32a58000 JavaThread "Finalizer" daemon [_thread_blocked, id=15352, stack(0x00000002d5500000,0x00000002d5600000)]
  0x0000019e32afb800 JavaThread "Signal Dispatcher" daemon [_thread_blocked, id=41416, stack(0x00000002d5600000,0x00000002d5700000)]
  0x0000019e32afc800 JavaThread "Attach Listener" daemon [_thread_blocked, id=26380, stack(0x00000002d5700000,0x00000002d5800000)]
  0x0000019e32afd800 JavaThread "C2 CompilerThread0" daemon [_thread_in_native, id=28872, stack(0x00000002d5800000,0x00000002d5900000)]
  0x0000019e32b01800 JavaThread "C1 CompilerThread0" daemon [_thread_blocked, id=35912, stack(0x00000002d5900000,0x00000002d5a00000)]
  0x0000019e32b0a000 JavaThread "Sweeper thread" daemon [_thread_blocked, id=9764, stack(0x00000002d5a00000,0x00000002d5b00000)]
  0x0000019e32a15800 JavaThread "Common-Cleaner" daemon [_thread_blocked, id=31920, stack(0x00000002d5b00000,0x00000002d5c00000)]
  0x0000019e32dbe000 JavaThread "Service Thread" daemon [_thread_blocked, id=37152, stack(0x00000002d5d00000,0x00000002d5e00000)]
  0x0000019e32e64000 JavaThread "AsyncFileHandlerWriter-1166726978" daemon [_thread_blocked, id=1484, stack(0x00000002d5e00000,0x00000002d5f00000)]
  0x0000019e32fcb000 JavaThread "FileHandlerLogFilesCleaner-1" daemon [_thread_blocked, id=1172, stack(0x00000002d5f00000,0x00000002d6000000)]
  0x0000019e32cc2800 JavaThread "RMI TCP Accept-0" daemon [_thread_in_native, id=40268, stack(0x00000002d5c00000,0x00000002d5d00000)]
  0x0000019e33190000 JavaThread "RMI TCP Accept-1099" daemon [_thread_in_native, id=21436, stack(0x00000002d6000000,0x00000002d6100000)]
  0x0000019e334ba800 JavaThread "RMI TCP Accept-0" daemon [_thread_in_native, id=25352, stack(0x00000002d6100000,0x00000002d6200000)]
  0x0000019e34155800 JavaThread "RMI TCP Connection(3)-127.0.0.1" daemon [_thread_in_vm, id=15852, stack(0x00000002d6d00000,0x00000002d6e00000)]
  0x0000019e33da1000 JavaThread "RMI TCP Connection(2)-127.0.0.1" daemon [_thread_in_native, id=36248, stack(0x00000002d6e00000,0x00000002d6f00000)]
  0x0000019e34195000 JavaThread "RMI Scheduler(0)" daemon [_thread_blocked, id=22364, stack(0x00000002d6f00000,0x00000002d7000000)]
  0x0000019e346e4000 JavaThread "http-nio-80-BlockPoller" daemon [_thread_in_native, id=26228, stack(0x00000002d7200000,0x00000002d7300000)]
  0x0000019e35421000 JavaThread "Catalina-utility-1" [_thread_blocked, id=11692, stack(0x00000002d7300000,0x00000002d7400000)]
  0x0000019e3553d000 JavaThread "Catalina-utility-2" [_thread_blocked, id=12764, stack(0x00000002d7400000,0x00000002d7500000)]
  0x0000019e3553f000 JavaThread "http-nio-80-exec-1" daemon [_thread_blocked, id=44824, stack(0x00000002d7500000,0x00000002d7600000)]
  0x0000019e3553b800 JavaThread "http-nio-80-exec-2" daemon [_thread_blocked, id=39344, stack(0x00000002d7600000,0x00000002d7700000)]
  0x0000019e3553e000 JavaThread "http-nio-80-exec-3" daemon [_thread_blocked, id=28116, stack(0x00000002d7700000,0x00000002d7800000)]
  0x0000019e3553c800 JavaThread "http-nio-80-exec-4" daemon [_thread_blocked, id=3172, stack(0x00000002d7800000,0x00000002d7900000)]
  0x0000019e35539000 JavaThread "http-nio-80-exec-5" daemon [_thread_blocked, id=35424, stack(0x00000002d7900000,0x00000002d7a00000)]
  0x0000019e3553f800 JavaThread "http-nio-80-exec-6" daemon [_thread_blocked, id=27300, stack(0x00000002d7a00000,0x00000002d7b00000)]
  0x0000019e3553a000 JavaThread "http-nio-80-exec-7" daemon [_thread_blocked, id=15056, stack(0x00000002d7b00000,0x00000002d7c00000)]
  0x0000019e3553a800 JavaThread "http-nio-80-exec-8" daemon [_thread_blocked, id=43676, stack(0x00000002d7c00000,0x00000002d7d00000)]
  0x0000019e34010000 JavaThread "http-nio-80-exec-9" daemon [_thread_blocked, id=33340, stack(0x00000002d7d00000,0x00000002d7e00000)]
  0x0000019e34010800 JavaThread "http-nio-80-exec-10" daemon [_thread_blocked, id=37176, stack(0x00000002d7e00000,0x00000002d7f00000)]
  0x0000019e34011800 JavaThread "http-nio-80-ClientPoller" daemon [_thread_in_native, id=23168, stack(0x00000002d7f00000,0x00000002d8000000)]
  0x0000019e3400f000 JavaThread "http-nio-80-Acceptor" daemon [_thread_in_native, id=15200, stack(0x00000002d8000000,0x00000002d8100000)]
  0x0000019e34012800 JavaThread "JMX server connection timeout 42" daemon [_thread_blocked, id=37336, stack(0x00000002d7000000,0x00000002d7100000)]
  0x0000019e34013000 JavaThread "Keep-Alive-Timer" daemon [_thread_blocked, id=25892, stack(0x00000002d8200000,0x00000002d8300000)]
=>0x0000019e35d52800 JavaThread "C2 CompilerThread1" daemon [_thread_in_native, id=416, stack(0x00000002d6300000,0x00000002d6400000)]

Other Threads:
  0x0000019e32a8d800 VMThread "VM Thread" [stack: 0x00000002d5300000,0x00000002d5400000] [id=4400]
  0x0000019e334bb800 WatcherThread [stack: 0x00000002d6200000,0x00000002d6300000] [id=29560]
  0x0000019e09a67000 GCTaskThread "GC Thread#0" [stack: 0x00000002d4e00000,0x00000002d4f00000] [id=38712]
  0x0000019e33473800 GCTaskThread "GC Thread#1" [stack: 0x00000002d6400000,0x00000002d6500000] [id=7744]
  0x0000019e33d54800 GCTaskThread "GC Thread#2" [stack: 0x00000002d6500000,0x00000002d6600000] [id=14860]
  0x0000019e33f7b000 GCTaskThread "GC Thread#3" [stack: 0x00000002d6600000,0x00000002d6700000] [id=5048]
  0x0000019e33d3c800 GCTaskThread "GC Thread#4" [stack: 0x00000002d6700000,0x00000002d6800000] [id=38404]
  0x0000019e33d3d000 GCTaskThread "GC Thread#5" [stack: 0x00000002d6800000,0x00000002d6900000] [id=18884]
  0x0000019e33d42800 GCTaskThread "GC Thread#6" [stack: 0x00000002d6900000,0x00000002d6a00000] [id=23680]
  0x0000019e33d43800 GCTaskThread "GC Thread#7" [stack: 0x00000002d6a00000,0x00000002d6b00000] [id=32060]
  0x0000019e09aee800 ConcurrentGCThread "G1 Main Marker" [stack: 0x00000002d4f00000,0x00000002d5000000] [id=33704]
  0x0000019e09aef800 ConcurrentGCThread "G1 Conc#0" [stack: 0x00000002d5000000,0x00000002d5100000] [id=35368]
  0x0000019e34441000 ConcurrentGCThread "G1 Conc#1" [stack: 0x00000002d7100000,0x00000002d7200000] [id=44872]
  0x0000019e31e94800 ConcurrentGCThread "G1 Refine#0" [stack: 0x00000002d5100000,0x00000002d5200000] [id=23148]
  0x0000019e32e7a800 ConcurrentGCThread "G1 Refine#1" [stack: 0x00000002d6b00000,0x00000002d6c00000] [id=15624]
  0x0000019e32f42000 ConcurrentGCThread "G1 Refine#2" [stack: 0x00000002d6c00000,0x00000002d6d00000] [id=41536]
  0x0000019e31e95800 ConcurrentGCThread "G1 Young RemSet Sampling" [stack: 0x00000002d5200000,0x00000002d5300000] [id=23404]

Threads with active compile tasks:
C2 CompilerThread0   9201 3758 %     4       java.util.Properties$LineReader::readLine @ 53 (584 bytes)
C1 CompilerThread0   9202 3764   !   3       java.io.BufferedReader::readLine (304 bytes)
C2 CompilerThread1   9202 3718       4       com.sun.org.apache.xerces.internal.impl.XMLScanner::scanAttributeValue (991 bytes)

VM state:not at safepoint (normal execution)

VM Mutex/Monitor currently owned by a thread: None

Heap address: 0x0000000682000000, size: 6112 MB, Compressed Oops mode: Zero based, Oop shift amount: 3
Narrow klass base: 0x0000000800000000, Narrow klass shift: 0
Compressed class space size: 1073741824 Address: 0x0000000800000000

Heap:
 garbage-first heap   total 391168K, used 14200K [0x0000000682000000, 0x0000000800000000)
  region size 1024K, 10 young (10240K), 9 survivors (9216K)
 Metaspace       used 34955K, capacity 36031K, committed 36176K, reserved 1081344K
  class space    used 3765K, capacity 4186K, committed 4300K, reserved 1048576K
Heap Regions: E=young(eden), S=young(survivor), O=old, HS=humongous(starts), HC=humongous(continues), CS=collection set, F=free, A=archive, TAMS=top-at-mark-start (previous, next)
|   0|0x0000000682000000, 0x0000000682100000, 0x0000000682100000|100%| O|  |TAMS 0x0000000682100000, 0x0000000682100000| Untracked 
|   1|0x0000000682100000, 0x0000000682200000, 0x0000000682200000|100%| O|  |TAMS 0x0000000682200000, 0x0000000682200000| Untracked 
|   2|0x0000000682200000, 0x0000000682300000, 0x0000000682300000|100%| O|  |TAMS 0x0000000682300000, 0x0000000682300000| Untracked 
|   3|0x0000000682300000, 0x0000000682400000, 0x0000000682400000|100%| O|  |TAMS 0x0000000682400000, 0x0000000682400000| Untracked 
|   4|0x0000000682400000, 0x0000000682500000, 0x0000000682500000|100%| O|  |TAMS 0x0000000682500000, 0x0000000682500000| Untracked 
|   5|0x0000000682500000, 0x000000068254d800, 0x0000000682600000| 30%| O|  |TAMS 0x000000068254d800, 0x000000068254d800| Untracked 
|   6|0x0000000682600000, 0x0000000682600000, 0x0000000682700000|  0%| F|  |TAMS 0x0000000682600000, 0x0000000682600000| Untracked 
|   7|0x0000000682700000, 0x0000000682700000, 0x0000000682800000|  0%| F|  |TAMS 0x0000000682700000, 0x0000000682700000| Untracked 
|   8|0x0000000682800000, 0x0000000682800000, 0x0000000682900000|  0%| F|  |TAMS 0x0000000682800000, 0x0000000682800000| Untracked 
|   9|0x0000000682900000, 0x0000000682900000, 0x0000000682a00000|  0%| F|  |TAMS 0x0000000682900000, 0x0000000682900000| Untracked 
|  10|0x0000000682a00000, 0x0000000682a00000, 0x0000000682b00000|  0%| F|  |TAMS 0x0000000682a00000, 0x0000000682a00000| Untracked 
|  11|0x0000000682b00000, 0x0000000682b00000, 0x0000000682c00000|  0%| F|  |TAMS 0x0000000682b00000, 0x0000000682b00000| Untracked 
|  12|0x0000000682c00000, 0x0000000682c00000, 0x0000000682d00000|  0%| F|  |TAMS 0x0000000682c00000, 0x0000000682c00000| Untracked 
|  13|0x0000000682d00000, 0x0000000682d00000, 0x0000000682e00000|  0%| F|  |TAMS 0x0000000682d00000, 0x0000000682d00000| Untracked 
|  14|0x0000000682e00000, 0x0000000682e00000, 0x0000000682f00000|  0%| F|  |TAMS 0x0000000682e00000, 0x0000000682e00000| Untracked 
|  15|0x0000000682f00000, 0x0000000682f00000, 0x0000000683000000|  0%| F|  |TAMS 0x0000000682f00000, 0x0000000682f00000| Untracked 
|  16|0x0000000683000000, 0x0000000683000000, 0x0000000683100000|  0%| F|  |TAMS 0x0000000683000000, 0x0000000683000000| Untracked 
|  17|0x0000000683100000, 0x0000000683100000, 0x0000000683200000|  0%| F|  |TAMS 0x0000000683100000, 0x0000000683100000| Untracked 
|  18|0x0000000683200000, 0x0000000683200000, 0x0000000683300000|  0%| F|  |TAMS 0x0000000683200000, 0x0000000683200000| Untracked 
|  19|0x0000000683300000, 0x0000000683300000, 0x0000000683400000|  0%| F|  |TAMS 0x0000000683300000, 0x0000000683300000| Untracked 
|  20|0x0000000683400000, 0x0000000683400000, 0x0000000683500000|  0%| F|  |TAMS 0x0000000683400000, 0x0000000683400000| Untracked 
|  21|0x0000000683500000, 0x0000000683500000, 0x0000000683600000|  0%| F|  |TAMS 0x0000000683500000, 0x0000000683500000| Untracked 
|  22|0x0000000683600000, 0x0000000683600000, 0x0000000683700000|  0%| F|  |TAMS 0x0000000683600000, 0x0000000683600000| Untracked 
|  23|0x0000000683700000, 0x0000000683700000, 0x0000000683800000|  0%| F|  |TAMS 0x0000000683700000, 0x0000000683700000| Untracked 
|  24|0x0000000683800000, 0x0000000683800000, 0x0000000683900000|  0%| F|  |TAMS 0x0000000683800000, 0x0000000683800000| Untracked 
|  25|0x0000000683900000, 0x0000000683900000, 0x0000000683a00000|  0%| F|  |TAMS 0x0000000683900000, 0x0000000683900000| Untracked 
|  26|0x0000000683a00000, 0x0000000683a00000, 0x0000000683b00000|  0%| F|  |TAMS 0x0000000683a00000, 0x0000000683a00000| Untracked 
|  27|0x0000000683b00000, 0x0000000683b00000, 0x0000000683c00000|  0%| F|  |TAMS 0x0000000683b00000, 0x0000000683b00000| Untracked 
|  28|0x0000000683c00000, 0x0000000683c00000, 0x0000000683d00000|  0%| F|  |TAMS 0x0000000683c00000, 0x0000000683c00000| Untracked 
|  29|0x0000000683d00000, 0x0000000683d00000, 0x0000000683e00000|  0%| F|  |TAMS 0x0000000683d00000, 0x0000000683d00000| Untracked 
|  30|0x0000000683e00000, 0x0000000683e00000, 0x0000000683f00000|  0%| F|  |TAMS 0x0000000683e00000, 0x0000000683e00000| Untracked 
|  31|0x0000000683f00000, 0x0000000683f00000, 0x0000000684000000|  0%| F|  |TAMS 0x0000000683f00000, 0x0000000683f00000| Untracked 
|  32|0x0000000684000000, 0x0000000684000000, 0x0000000684100000|  0%| F|  |TAMS 0x0000000684000000, 0x0000000684000000| Untracked 
|  33|0x0000000684100000, 0x0000000684100000, 0x0000000684200000|  0%| F|  |TAMS 0x0000000684100000, 0x0000000684100000| Untracked 
|  34|0x0000000684200000, 0x0000000684200000, 0x0000000684300000|  0%| F|  |TAMS 0x0000000684200000, 0x0000000684200000| Untracked 
|  35|0x0000000684300000, 0x0000000684300000, 0x0000000684400000|  0%| F|  |TAMS 0x0000000684300000, 0x0000000684300000| Untracked 
|  36|0x0000000684400000, 0x0000000684400000, 0x0000000684500000|  0%| F|  |TAMS 0x0000000684400000, 0x0000000684400000| Untracked 
|  37|0x0000000684500000, 0x0000000684500000, 0x0000000684600000|  0%| F|  |TAMS 0x0000000684500000, 0x0000000684500000| Untracked 
|  38|0x0000000684600000, 0x0000000684600000, 0x0000000684700000|  0%| F|  |TAMS 0x0000000684600000, 0x0000000684600000| Untracked 
|  39|0x0000000684700000, 0x0000000684700000, 0x0000000684800000|  0%| F|  |TAMS 0x0000000684700000, 0x0000000684700000| Untracked 
|  40|0x0000000684800000, 0x0000000684800000, 0x0000000684900000|  0%| F|  |TAMS 0x0000000684800000, 0x0000000684800000| Untracked 
|  41|0x0000000684900000, 0x0000000684900000, 0x0000000684a00000|  0%| F|  |TAMS 0x0000000684900000, 0x0000000684900000| Untracked 
|  42|0x0000000684a00000, 0x0000000684a00000, 0x0000000684b00000|  0%| F|  |TAMS 0x0000000684a00000, 0x0000000684a00000| Untracked 
|  43|0x0000000684b00000, 0x0000000684b00000, 0x0000000684c00000|  0%| F|  |TAMS 0x0000000684b00000, 0x0000000684b00000| Untracked 
|  44|0x0000000684c00000, 0x0000000684c00000, 0x0000000684d00000|  0%| F|  |TAMS 0x0000000684c00000, 0x0000000684c00000| Untracked 
|  45|0x0000000684d00000, 0x0000000684d00000, 0x0000000684e00000|  0%| F|  |TAMS 0x0000000684d00000, 0x0000000684d00000| Untracked 
|  46|0x0000000684e00000, 0x0000000684e00000, 0x0000000684f00000|  0%| F|  |TAMS 0x0000000684e00000, 0x0000000684e00000| Untracked 
|  47|0x0000000684f00000, 0x0000000684f00000, 0x0000000685000000|  0%| F|  |TAMS 0x0000000684f00000, 0x0000000684f00000| Untracked 
|  48|0x0000000685000000, 0x0000000685000000, 0x0000000685100000|  0%| F|  |TAMS 0x0000000685000000, 0x0000000685000000| Untracked 
|  49|0x0000000685100000, 0x0000000685100000, 0x0000000685200000|  0%| F|  |TAMS 0x0000000685100000, 0x0000000685100000| Untracked 
|  50|0x0000000685200000, 0x0000000685200000, 0x0000000685300000|  0%| F|  |TAMS 0x0000000685200000, 0x0000000685200000| Untracked 
|  51|0x0000000685300000, 0x0000000685300000, 0x0000000685400000|  0%| F|  |TAMS 0x0000000685300000, 0x0000000685300000| Untracked 
|  52|0x0000000685400000, 0x0000000685400000, 0x0000000685500000|  0%| F|  |TAMS 0x0000000685400000, 0x0000000685400000| Untracked 
|  53|0x0000000685500000, 0x0000000685500000, 0x0000000685600000|  0%| F|  |TAMS 0x0000000685500000, 0x0000000685500000| Untracked 
|  54|0x0000000685600000, 0x0000000685600000, 0x0000000685700000|  0%| F|  |TAMS 0x0000000685600000, 0x0000000685600000| Untracked 
|  55|0x0000000685700000, 0x0000000685700000, 0x0000000685800000|  0%| F|  |TAMS 0x0000000685700000, 0x0000000685700000| Untracked 
|  56|0x0000000685800000, 0x0000000685800000, 0x0000000685900000|  0%| F|  |TAMS 0x0000000685800000, 0x0000000685800000| Untracked 
|  57|0x0000000685900000, 0x0000000685900000, 0x0000000685a00000|  0%| F|  |TAMS 0x0000000685900000, 0x0000000685900000| Untracked 
|  58|0x0000000685a00000, 0x0000000685a00000, 0x0000000685b00000|  0%| F|  |TAMS 0x0000000685a00000, 0x0000000685a00000| Untracked 
|  59|0x0000000685b00000, 0x0000000685b00000, 0x0000000685c00000|  0%| F|  |TAMS 0x0000000685b00000, 0x0000000685b00000| Untracked 
|  60|0x0000000685c00000, 0x0000000685c00000, 0x0000000685d00000|  0%| F|  |TAMS 0x0000000685c00000, 0x0000000685c00000| Untracked 
|  61|0x0000000685d00000, 0x0000000685d00000, 0x0000000685e00000|  0%| F|  |TAMS 0x0000000685d00000, 0x0000000685d00000| Untracked 
|  62|0x0000000685e00000, 0x0000000685e00000, 0x0000000685f00000|  0%| F|  |TAMS 0x0000000685e00000, 0x0000000685e00000| Untracked 
|  63|0x0000000685f00000, 0x0000000685f00000, 0x0000000686000000|  0%| F|  |TAMS 0x0000000685f00000, 0x0000000685f00000| Untracked 
|  64|0x0000000686000000, 0x0000000686000000, 0x0000000686100000|  0%| F|  |TAMS 0x0000000686000000, 0x0000000686000000| Untracked 
|  65|0x0000000686100000, 0x0000000686100000, 0x0000000686200000|  0%| F|  |TAMS 0x0000000686100000, 0x0000000686100000| Untracked 
|  66|0x0000000686200000, 0x0000000686200000, 0x0000000686300000|  0%| F|  |TAMS 0x0000000686200000, 0x0000000686200000| Untracked 
|  67|0x0000000686300000, 0x0000000686300000, 0x0000000686400000|  0%| F|  |TAMS 0x0000000686300000, 0x0000000686300000| Untracked 
|  68|0x0000000686400000, 0x0000000686400000, 0x0000000686500000|  0%| F|  |TAMS 0x0000000686400000, 0x0000000686400000| Untracked 
|  69|0x0000000686500000, 0x0000000686500000, 0x0000000686600000|  0%| F|  |TAMS 0x0000000686500000, 0x0000000686500000| Untracked 
|  70|0x0000000686600000, 0x0000000686600000, 0x0000000686700000|  0%| F|  |TAMS 0x0000000686600000, 0x0000000686600000| Untracked 
|  71|0x0000000686700000, 0x0000000686700000, 0x0000000686800000|  0%| F|  |TAMS 0x0000000686700000, 0x0000000686700000| Untracked 
|  72|0x0000000686800000, 0x0000000686800000, 0x0000000686900000|  0%| F|  |TAMS 0x0000000686800000, 0x0000000686800000| Untracked 
|  73|0x0000000686900000, 0x0000000686900000, 0x0000000686a00000|  0%| F|  |TAMS 0x0000000686900000, 0x0000000686900000| Untracked 
|  74|0x0000000686a00000, 0x0000000686a00000, 0x0000000686b00000|  0%| F|  |TAMS 0x0000000686a00000, 0x0000000686a00000| Untracked 
|  75|0x0000000686b00000, 0x0000000686b00000, 0x0000000686c00000|  0%| F|  |TAMS 0x0000000686b00000, 0x0000000686b00000| Untracked 
|  76|0x0000000686c00000, 0x0000000686c00000, 0x0000000686d00000|  0%| F|  |TAMS 0x0000000686c00000, 0x0000000686c00000| Untracked 
|  77|0x0000000686d00000, 0x0000000686d00000, 0x0000000686e00000|  0%| F|  |TAMS 0x0000000686d00000, 0x0000000686d00000| Untracked 
|  78|0x0000000686e00000, 0x0000000686e00000, 0x0000000686f00000|  0%| F|  |TAMS 0x0000000686e00000, 0x0000000686e00000| Untracked 
|  79|0x0000000686f00000, 0x0000000686f00000, 0x0000000687000000|  0%| F|  |TAMS 0x0000000686f00000, 0x0000000686f00000| Untracked 
|  80|0x0000000687000000, 0x0000000687000000, 0x0000000687100000|  0%| F|  |TAMS 0x0000000687000000, 0x0000000687000000| Untracked 
|  81|0x0000000687100000, 0x0000000687100000, 0x0000000687200000|  0%| F|  |TAMS 0x0000000687100000, 0x0000000687100000| Untracked 
|  82|0x0000000687200000, 0x0000000687200000, 0x0000000687300000|  0%| F|  |TAMS 0x0000000687200000, 0x0000000687200000| Untracked 
|  83|0x0000000687300000, 0x0000000687300000, 0x0000000687400000|  0%| F|  |TAMS 0x0000000687300000, 0x0000000687300000| Untracked 
|  84|0x0000000687400000, 0x0000000687400000, 0x0000000687500000|  0%| F|  |TAMS 0x0000000687400000, 0x0000000687400000| Untracked 
|  85|0x0000000687500000, 0x0000000687500000, 0x0000000687600000|  0%| F|  |TAMS 0x0000000687500000, 0x0000000687500000| Untracked 
|  86|0x0000000687600000, 0x0000000687600000, 0x0000000687700000|  0%| F|  |TAMS 0x0000000687600000, 0x0000000687600000| Untracked 
|  87|0x0000000687700000, 0x0000000687700000, 0x0000000687800000|  0%| F|  |TAMS 0x0000000687700000, 0x0000000687700000| Untracked 
|  88|0x0000000687800000, 0x0000000687800000, 0x0000000687900000|  0%| F|  |TAMS 0x0000000687800000, 0x0000000687800000| Untracked 
|  89|0x0000000687900000, 0x0000000687900000, 0x0000000687a00000|  0%| F|  |TAMS 0x0000000687900000, 0x0000000687900000| Untracked 
|  90|0x0000000687a00000, 0x0000000687a00000, 0x0000000687b00000|  0%| F|  |TAMS 0x0000000687a00000, 0x0000000687a00000| Untracked 
|  91|0x0000000687b00000, 0x0000000687b00000, 0x0000000687c00000|  0%| F|  |TAMS 0x0000000687b00000, 0x0000000687b00000| Untracked 
|  92|0x0000000687c00000, 0x0000000687c00000, 0x0000000687d00000|  0%| F|  |TAMS 0x0000000687c00000, 0x0000000687c00000| Untracked 
|  93|0x0000000687d00000, 0x0000000687d00000, 0x0000000687e00000|  0%| F|  |TAMS 0x0000000687d00000, 0x0000000687d00000| Untracked 
|  94|0x0000000687e00000, 0x0000000687e00000, 0x0000000687f00000|  0%| F|  |TAMS 0x0000000687e00000, 0x0000000687e00000| Untracked 
|  95|0x0000000687f00000, 0x0000000687f00000, 0x0000000688000000|  0%| F|  |TAMS 0x0000000687f00000, 0x0000000687f00000| Untracked 
|  96|0x0000000688000000, 0x0000000688000000, 0x0000000688100000|  0%| F|  |TAMS 0x0000000688000000, 0x0000000688000000| Untracked 
|  97|0x0000000688100000, 0x0000000688100000, 0x0000000688200000|  0%| F|  |TAMS 0x0000000688100000, 0x0000000688100000| Untracked 
|  98|0x0000000688200000, 0x0000000688200000, 0x0000000688300000|  0%| F|  |TAMS 0x0000000688200000, 0x0000000688200000| Untracked 
|  99|0x0000000688300000, 0x0000000688300000, 0x0000000688400000|  0%| F|  |TAMS 0x0000000688300000, 0x0000000688300000| Untracked 
| 100|0x0000000688400000, 0x0000000688400000, 0x0000000688500000|  0%| F|  |TAMS 0x0000000688400000, 0x0000000688400000| Untracked 
| 101|0x0000000688500000, 0x0000000688500000, 0x0000000688600000|  0%| F|  |TAMS 0x0000000688500000, 0x0000000688500000| Untracked 
| 102|0x0000000688600000, 0x0000000688600000, 0x0000000688700000|  0%| F|  |TAMS 0x0000000688600000, 0x0000000688600000| Untracked 
| 103|0x0000000688700000, 0x0000000688700000, 0x0000000688800000|  0%| F|  |TAMS 0x0000000688700000, 0x0000000688700000| Untracked 
| 104|0x0000000688800000, 0x0000000688800000, 0x0000000688900000|  0%| F|  |TAMS 0x0000000688800000, 0x0000000688800000| Untracked 
| 105|0x0000000688900000, 0x0000000688900000, 0x0000000688a00000|  0%| F|  |TAMS 0x0000000688900000, 0x0000000688900000| Untracked 
| 106|0x0000000688a00000, 0x0000000688a00000, 0x0000000688b00000|  0%| F|  |TAMS 0x0000000688a00000, 0x0000000688a00000| Untracked 
| 107|0x0000000688b00000, 0x0000000688b00000, 0x0000000688c00000|  0%| F|  |TAMS 0x0000000688b00000, 0x0000000688b00000| Untracked 
| 108|0x0000000688c00000, 0x0000000688c00000, 0x0000000688d00000|  0%| F|  |TAMS 0x0000000688c00000, 0x0000000688c00000| Untracked 
| 109|0x0000000688d00000, 0x0000000688d00000, 0x0000000688e00000|  0%| F|  |TAMS 0x0000000688d00000, 0x0000000688d00000| Untracked 
| 110|0x0000000688e00000, 0x0000000688e00000, 0x0000000688f00000|  0%| F|  |TAMS 0x0000000688e00000, 0x0000000688e00000| Untracked 
| 111|0x0000000688f00000, 0x0000000688f00000, 0x0000000689000000|  0%| F|  |TAMS 0x0000000688f00000, 0x0000000688f00000| Untracked 
| 112|0x0000000689000000, 0x0000000689000000, 0x0000000689100000|  0%| F|  |TAMS 0x0000000689000000, 0x0000000689000000| Untracked 
| 113|0x0000000689100000, 0x0000000689100000, 0x0000000689200000|  0%| F|  |TAMS 0x0000000689100000, 0x0000000689100000| Untracked 
| 114|0x0000000689200000, 0x0000000689200000, 0x0000000689300000|  0%| F|  |TAMS 0x0000000689200000, 0x0000000689200000| Untracked 
| 115|0x0000000689300000, 0x0000000689300000, 0x0000000689400000|  0%| F|  |TAMS 0x0000000689300000, 0x0000000689300000| Untracked 
| 116|0x0000000689400000, 0x0000000689400000, 0x0000000689500000|  0%| F|  |TAMS 0x0000000689400000, 0x0000000689400000| Untracked 
| 117|0x0000000689500000, 0x0000000689500000, 0x0000000689600000|  0%| F|  |TAMS 0x0000000689500000, 0x0000000689500000| Untracked 
| 118|0x0000000689600000, 0x0000000689600000, 0x0000000689700000|  0%| F|  |TAMS 0x0000000689600000, 0x0000000689600000| Untracked 
| 119|0x0000000689700000, 0x0000000689700000, 0x0000000689800000|  0%| F|  |TAMS 0x0000000689700000, 0x0000000689700000| Untracked 
| 120|0x0000000689800000, 0x0000000689800000, 0x0000000689900000|  0%| F|  |TAMS 0x0000000689800000, 0x0000000689800000| Untracked 
| 121|0x0000000689900000, 0x0000000689900000, 0x0000000689a00000|  0%| F|  |TAMS 0x0000000689900000, 0x0000000689900000| Untracked 
| 122|0x0000000689a00000, 0x0000000689a00000, 0x0000000689b00000|  0%| F|  |TAMS 0x0000000689a00000, 0x0000000689a00000| Untracked 
| 123|0x0000000689b00000, 0x0000000689b00000, 0x0000000689c00000|  0%| F|  |TAMS 0x0000000689b00000, 0x0000000689b00000| Untracked 
| 124|0x0000000689c00000, 0x0000000689c00000, 0x0000000689d00000|  0%| F|  |TAMS 0x0000000689c00000, 0x0000000689c00000| Untracked 
| 125|0x0000000689d00000, 0x0000000689d00000, 0x0000000689e00000|  0%| F|  |TAMS 0x0000000689d00000, 0x0000000689d00000| Untracked 
| 126|0x0000000689e00000, 0x0000000689e00000, 0x0000000689f00000|  0%| F|  |TAMS 0x0000000689e00000, 0x0000000689e00000| Untracked 
| 127|0x0000000689f00000, 0x0000000689f00000, 0x000000068a000000|  0%| F|  |TAMS 0x0000000689f00000, 0x0000000689f00000| Untracked 
| 128|0x000000068a000000, 0x000000068a000000, 0x000000068a100000|  0%| F|  |TAMS 0x000000068a000000, 0x000000068a000000| Untracked 
| 129|0x000000068a100000, 0x000000068a100000, 0x000000068a200000|  0%| F|  |TAMS 0x000000068a100000, 0x000000068a100000| Untracked 
| 130|0x000000068a200000, 0x000000068a200000, 0x000000068a300000|  0%| F|  |TAMS 0x000000068a200000, 0x000000068a200000| Untracked 
| 131|0x000000068a300000, 0x000000068a300000, 0x000000068a400000|  0%| F|  |TAMS 0x000000068a300000, 0x000000068a300000| Untracked 
| 132|0x000000068a400000, 0x000000068a400000, 0x000000068a500000|  0%| F|  |TAMS 0x000000068a400000, 0x000000068a400000| Untracked 
| 133|0x000000068a500000, 0x000000068a500000, 0x000000068a600000|  0%| F|  |TAMS 0x000000068a500000, 0x000000068a500000| Untracked 
| 134|0x000000068a600000, 0x000000068a600000, 0x000000068a700000|  0%| F|  |TAMS 0x000000068a600000, 0x000000068a600000| Untracked 
| 135|0x000000068a700000, 0x000000068a700000, 0x000000068a800000|  0%| F|  |TAMS 0x000000068a700000, 0x000000068a700000| Untracked 
| 136|0x000000068a800000, 0x000000068a800000, 0x000000068a900000|  0%| F|  |TAMS 0x000000068a800000, 0x000000068a800000| Untracked 
| 137|0x000000068a900000, 0x000000068a900000, 0x000000068aa00000|  0%| F|  |TAMS 0x000000068a900000, 0x000000068a900000| Untracked 
| 138|0x000000068aa00000, 0x000000068aa00000, 0x000000068ab00000|  0%| F|  |TAMS 0x000000068aa00000, 0x000000068aa00000| Untracked 
| 139|0x000000068ab00000, 0x000000068ab00000, 0x000000068ac00000|  0%| F|  |TAMS 0x000000068ab00000, 0x000000068ab00000| Untracked 
| 140|0x000000068ac00000, 0x000000068ac00000, 0x000000068ad00000|  0%| F|  |TAMS 0x000000068ac00000, 0x000000068ac00000| Untracked 
| 141|0x000000068ad00000, 0x000000068ad00000, 0x000000068ae00000|  0%| F|  |TAMS 0x000000068ad00000, 0x000000068ad00000| Untracked 
| 142|0x000000068ae00000, 0x000000068ae00000, 0x000000068af00000|  0%| F|  |TAMS 0x000000068ae00000, 0x000000068ae00000| Untracked 
| 143|0x000000068af00000, 0x000000068af00000, 0x000000068b000000|  0%| F|  |TAMS 0x000000068af00000, 0x000000068af00000| Untracked 
| 144|0x000000068b000000, 0x000000068b000000, 0x000000068b100000|  0%| F|  |TAMS 0x000000068b000000, 0x000000068b000000| Untracked 
| 145|0x000000068b100000, 0x000000068b100000, 0x000000068b200000|  0%| F|  |TAMS 0x000000068b100000, 0x000000068b100000| Untracked 
| 146|0x000000068b200000, 0x000000068b200000, 0x000000068b300000|  0%| F|  |TAMS 0x000000068b200000, 0x000000068b200000| Untracked 
| 147|0x000000068b300000, 0x000000068b300000, 0x000000068b400000|  0%| F|  |TAMS 0x000000068b300000, 0x000000068b300000| Untracked 
| 148|0x000000068b400000, 0x000000068b400000, 0x000000068b500000|  0%| F|  |TAMS 0x000000068b400000, 0x000000068b400000| Untracked 
| 149|0x000000068b500000, 0x000000068b500000, 0x000000068b600000|  0%| F|  |TAMS 0x000000068b500000, 0x000000068b500000| Untracked 
| 150|0x000000068b600000, 0x000000068b600000, 0x000000068b700000|  0%| F|  |TAMS 0x000000068b600000, 0x000000068b600000| Untracked 
| 151|0x000000068b700000, 0x000000068b700000, 0x000000068b800000|  0%| F|  |TAMS 0x000000068b700000, 0x000000068b700000| Untracked 
| 152|0x000000068b800000, 0x000000068b800000, 0x000000068b900000|  0%| F|  |TAMS 0x000000068b800000, 0x000000068b800000| Untracked 
| 153|0x000000068b900000, 0x000000068b900000, 0x000000068ba00000|  0%| F|  |TAMS 0x000000068b900000, 0x000000068b900000| Untracked 
| 154|0x000000068ba00000, 0x000000068ba00000, 0x000000068bb00000|  0%| F|  |TAMS 0x000000068ba00000, 0x000000068ba00000| Untracked 
| 155|0x000000068bb00000, 0x000000068bb00000, 0x000000068bc00000|  0%| F|  |TAMS 0x000000068bb00000, 0x000000068bb00000| Untracked 
| 156|0x000000068bc00000, 0x000000068bc00000, 0x000000068bd00000|  0%| F|  |TAMS 0x000000068bc00000, 0x000000068bc00000| Untracked 
| 157|0x000000068bd00000, 0x000000068bd00000, 0x000000068be00000|  0%| F|  |TAMS 0x000000068bd00000, 0x000000068bd00000| Untracked 
| 158|0x000000068be00000, 0x000000068be00000, 0x000000068bf00000|  0%| F|  |TAMS 0x000000068be00000, 0x000000068be00000| Untracked 
| 159|0x000000068bf00000, 0x000000068bf00000, 0x000000068c000000|  0%| F|  |TAMS 0x000000068bf00000, 0x000000068bf00000| Untracked 
| 160|0x000000068c000000, 0x000000068c000000, 0x000000068c100000|  0%| F|  |TAMS 0x000000068c000000, 0x000000068c000000| Untracked 
| 161|0x000000068c100000, 0x000000068c100000, 0x000000068c200000|  0%| F|  |TAMS 0x000000068c100000, 0x000000068c100000| Untracked 
| 162|0x000000068c200000, 0x000000068c200000, 0x000000068c300000|  0%| F|  |TAMS 0x000000068c200000, 0x000000068c200000| Untracked 
| 163|0x000000068c300000, 0x000000068c300000, 0x000000068c400000|  0%| F|  |TAMS 0x000000068c300000, 0x000000068c300000| Untracked 
| 164|0x000000068c400000, 0x000000068c400000, 0x000000068c500000|  0%| F|  |TAMS 0x000000068c400000, 0x000000068c400000| Untracked 
| 165|0x000000068c500000, 0x000000068c500000, 0x000000068c600000|  0%| F|  |TAMS 0x000000068c500000, 0x000000068c500000| Untracked 
| 166|0x000000068c600000, 0x000000068c600000, 0x000000068c700000|  0%| F|  |TAMS 0x000000068c600000, 0x000000068c600000| Untracked 
| 167|0x000000068c700000, 0x000000068c700000, 0x000000068c800000|  0%| F|  |TAMS 0x000000068c700000, 0x000000068c700000| Untracked 
| 168|0x000000068c800000, 0x000000068c800000, 0x000000068c900000|  0%| F|  |TAMS 0x000000068c800000, 0x000000068c800000| Untracked 
| 169|0x000000068c900000, 0x000000068c900000, 0x000000068ca00000|  0%| F|  |TAMS 0x000000068c900000, 0x000000068c900000| Untracked 
| 170|0x000000068ca00000, 0x000000068ca00000, 0x000000068cb00000|  0%| F|  |TAMS 0x000000068ca00000, 0x000000068ca00000| Untracked 
| 171|0x000000068cb00000, 0x000000068cb00000, 0x000000068cc00000|  0%| F|  |TAMS 0x000000068cb00000, 0x000000068cb00000| Untracked 
| 172|0x000000068cc00000, 0x000000068cc00000, 0x000000068cd00000|  0%| F|  |TAMS 0x000000068cc00000, 0x000000068cc00000| Untracked 
| 173|0x000000068cd00000, 0x000000068cd00000, 0x000000068ce00000|  0%| F|  |TAMS 0x000000068cd00000, 0x000000068cd00000| Untracked 
| 174|0x000000068ce00000, 0x000000068ce00000, 0x000000068cf00000|  0%| F|  |TAMS 0x000000068ce00000, 0x000000068ce00000| Untracked 
| 175|0x000000068cf00000, 0x000000068cf00000, 0x000000068d000000|  0%| F|  |TAMS 0x000000068cf00000, 0x000000068cf00000| Untracked 
| 176|0x000000068d000000, 0x000000068d000000, 0x000000068d100000|  0%| F|  |TAMS 0x000000068d000000, 0x000000068d000000| Untracked 
| 177|0x000000068d100000, 0x000000068d100000, 0x000000068d200000|  0%| F|  |TAMS 0x000000068d100000, 0x000000068d100000| Untracked 
| 178|0x000000068d200000, 0x000000068d200000, 0x000000068d300000|  0%| F|  |TAMS 0x000000068d200000, 0x000000068d200000| Untracked 
| 179|0x000000068d300000, 0x000000068d300000, 0x000000068d400000|  0%| F|  |TAMS 0x000000068d300000, 0x000000068d300000| Untracked 
| 180|0x000000068d400000, 0x000000068d400000, 0x000000068d500000|  0%| F|  |TAMS 0x000000068d400000, 0x000000068d400000| Untracked 
| 181|0x000000068d500000, 0x000000068d500000, 0x000000068d600000|  0%| F|  |TAMS 0x000000068d500000, 0x000000068d500000| Untracked 
| 182|0x000000068d600000, 0x000000068d600000, 0x000000068d700000|  0%| F|  |TAMS 0x000000068d600000, 0x000000068d600000| Untracked 
| 183|0x000000068d700000, 0x000000068d700000, 0x000000068d800000|  0%| F|  |TAMS 0x000000068d700000, 0x000000068d700000| Untracked 
| 184|0x000000068d800000, 0x000000068d800000, 0x000000068d900000|  0%| F|  |TAMS 0x000000068d800000, 0x000000068d800000| Untracked 
| 185|0x000000068d900000, 0x000000068d900000, 0x000000068da00000|  0%| F|  |TAMS 0x000000068d900000, 0x000000068d900000| Untracked 
| 186|0x000000068da00000, 0x000000068da00000, 0x000000068db00000|  0%| F|  |TAMS 0x000000068da00000, 0x000000068da00000| Untracked 
| 187|0x000000068db00000, 0x000000068db00000, 0x000000068dc00000|  0%| F|  |TAMS 0x000000068db00000, 0x000000068db00000| Untracked 
| 188|0x000000068dc00000, 0x000000068dc00000, 0x000000068dd00000|  0%| F|  |TAMS 0x000000068dc00000, 0x000000068dc00000| Untracked 
| 189|0x000000068dd00000, 0x000000068dd00000, 0x000000068de00000|  0%| F|  |TAMS 0x000000068dd00000, 0x000000068dd00000| Untracked 
| 190|0x000000068de00000, 0x000000068de00000, 0x000000068df00000|  0%| F|  |TAMS 0x000000068de00000, 0x000000068de00000| Untracked 
| 191|0x000000068df00000, 0x000000068df00000, 0x000000068e000000|  0%| F|  |TAMS 0x000000068df00000, 0x000000068df00000| Untracked 
| 192|0x000000068e000000, 0x000000068e000000, 0x000000068e100000|  0%| F|  |TAMS 0x000000068e000000, 0x000000068e000000| Untracked 
| 193|0x000000068e100000, 0x000000068e100000, 0x000000068e200000|  0%| F|  |TAMS 0x000000068e100000, 0x000000068e100000| Untracked 
| 194|0x000000068e200000, 0x000000068e200000, 0x000000068e300000|  0%| F|  |TAMS 0x000000068e200000, 0x000000068e200000| Untracked 
| 195|0x000000068e300000, 0x000000068e300000, 0x000000068e400000|  0%| F|  |TAMS 0x000000068e300000, 0x000000068e300000| Untracked 
| 196|0x000000068e400000, 0x000000068e400000, 0x000000068e500000|  0%| F|  |TAMS 0x000000068e400000, 0x000000068e400000| Untracked 
| 197|0x000000068e500000, 0x000000068e500000, 0x000000068e600000|  0%| F|  |TAMS 0x000000068e500000, 0x000000068e500000| Untracked 
| 198|0x000000068e600000, 0x000000068e600000, 0x000000068e700000|  0%| F|  |TAMS 0x000000068e600000, 0x000000068e600000| Untracked 
| 199|0x000000068e700000, 0x000000068e700000, 0x000000068e800000|  0%| F|  |TAMS 0x000000068e700000, 0x000000068e700000| Untracked 
| 200|0x000000068e800000, 0x000000068e800000, 0x000000068e900000|  0%| F|  |TAMS 0x000000068e800000, 0x000000068e800000| Untracked 
| 201|0x000000068e900000, 0x000000068e900000, 0x000000068ea00000|  0%| F|  |TAMS 0x000000068e900000, 0x000000068e900000| Untracked 
| 202|0x000000068ea00000, 0x000000068ea00000, 0x000000068eb00000|  0%| F|  |TAMS 0x000000068ea00000, 0x000000068ea00000| Untracked 
| 203|0x000000068eb00000, 0x000000068eb00000, 0x000000068ec00000|  0%| F|  |TAMS 0x000000068eb00000, 0x000000068eb00000| Untracked 
| 204|0x000000068ec00000, 0x000000068ec00000, 0x000000068ed00000|  0%| F|  |TAMS 0x000000068ec00000, 0x000000068ec00000| Untracked 
| 205|0x000000068ed00000, 0x000000068ed00000, 0x000000068ee00000|  0%| F|  |TAMS 0x000000068ed00000, 0x000000068ed00000| Untracked 
| 206|0x000000068ee00000, 0x000000068ee00000, 0x000000068ef00000|  0%| F|  |TAMS 0x000000068ee00000, 0x000000068ee00000| Untracked 
| 207|0x000000068ef00000, 0x000000068ef00000, 0x000000068f000000|  0%| F|  |TAMS 0x000000068ef00000, 0x000000068ef00000| Untracked 
| 208|0x000000068f000000, 0x000000068f000000, 0x000000068f100000|  0%| F|  |TAMS 0x000000068f000000, 0x000000068f000000| Untracked 
| 209|0x000000068f100000, 0x000000068f100000, 0x000000068f200000|  0%| F|  |TAMS 0x000000068f100000, 0x000000068f100000| Untracked 
| 210|0x000000068f200000, 0x000000068f200000, 0x000000068f300000|  0%| F|  |TAMS 0x000000068f200000, 0x000000068f200000| Untracked 
| 211|0x000000068f300000, 0x000000068f300000, 0x000000068f400000|  0%| F|  |TAMS 0x000000068f300000, 0x000000068f300000| Untracked 
| 212|0x000000068f400000, 0x000000068f400000, 0x000000068f500000|  0%| F|  |TAMS 0x000000068f400000, 0x000000068f400000| Untracked 
| 213|0x000000068f500000, 0x000000068f500000, 0x000000068f600000|  0%| F|  |TAMS 0x000000068f500000, 0x000000068f500000| Untracked 
| 214|0x000000068f600000, 0x000000068f600000, 0x000000068f700000|  0%| F|  |TAMS 0x000000068f600000, 0x000000068f600000| Untracked 
| 215|0x000000068f700000, 0x000000068f700000, 0x000000068f800000|  0%| F|  |TAMS 0x000000068f700000, 0x000000068f700000| Untracked 
| 216|0x000000068f800000, 0x000000068f800000, 0x000000068f900000|  0%| F|  |TAMS 0x000000068f800000, 0x000000068f800000| Untracked 
| 217|0x000000068f900000, 0x000000068f900000, 0x000000068fa00000|  0%| F|  |TAMS 0x000000068f900000, 0x000000068f900000| Untracked 
| 218|0x000000068fa00000, 0x000000068fa00000, 0x000000068fb00000|  0%| F|  |TAMS 0x000000068fa00000, 0x000000068fa00000| Untracked 
| 219|0x000000068fb00000, 0x000000068fb00000, 0x000000068fc00000|  0%| F|  |TAMS 0x000000068fb00000, 0x000000068fb00000| Untracked 
| 220|0x000000068fc00000, 0x000000068fc00000, 0x000000068fd00000|  0%| F|  |TAMS 0x000000068fc00000, 0x000000068fc00000| Untracked 
| 221|0x000000068fd00000, 0x000000068fd00000, 0x000000068fe00000|  0%| F|  |TAMS 0x000000068fd00000, 0x000000068fd00000| Untracked 
| 222|0x000000068fe00000, 0x000000068fe00000, 0x000000068ff00000|  0%| F|  |TAMS 0x000000068fe00000, 0x000000068fe00000| Untracked 
| 223|0x000000068ff00000, 0x000000068ff00000, 0x0000000690000000|  0%| F|  |TAMS 0x000000068ff00000, 0x000000068ff00000| Untracked 
| 224|0x0000000690000000, 0x0000000690000000, 0x0000000690100000|  0%| F|  |TAMS 0x0000000690000000, 0x0000000690000000| Untracked 
| 225|0x0000000690100000, 0x0000000690100000, 0x0000000690200000|  0%| F|  |TAMS 0x0000000690100000, 0x0000000690100000| Untracked 
| 226|0x0000000690200000, 0x0000000690200000, 0x0000000690300000|  0%| F|  |TAMS 0x0000000690200000, 0x0000000690200000| Untracked 
| 227|0x0000000690300000, 0x0000000690300000, 0x0000000690400000|  0%| F|  |TAMS 0x0000000690300000, 0x0000000690300000| Untracked 
| 228|0x0000000690400000, 0x0000000690400000, 0x0000000690500000|  0%| F|  |TAMS 0x0000000690400000, 0x0000000690400000| Untracked 
| 229|0x0000000690500000, 0x0000000690500000, 0x0000000690600000|  0%| F|  |TAMS 0x0000000690500000, 0x0000000690500000| Untracked 
| 230|0x0000000690600000, 0x0000000690600000, 0x0000000690700000|  0%| F|  |TAMS 0x0000000690600000, 0x0000000690600000| Untracked 
| 231|0x0000000690700000, 0x0000000690700000, 0x0000000690800000|  0%| F|  |TAMS 0x0000000690700000, 0x0000000690700000| Untracked 
| 232|0x0000000690800000, 0x0000000690800000, 0x0000000690900000|  0%| F|  |TAMS 0x0000000690800000, 0x0000000690800000| Untracked 
| 233|0x0000000690900000, 0x0000000690900000, 0x0000000690a00000|  0%| F|  |TAMS 0x0000000690900000, 0x0000000690900000| Untracked 
| 234|0x0000000690a00000, 0x0000000690a00000, 0x0000000690b00000|  0%| F|  |TAMS 0x0000000690a00000, 0x0000000690a00000| Untracked 
| 235|0x0000000690b00000, 0x0000000690b00000, 0x0000000690c00000|  0%| F|  |TAMS 0x0000000690b00000, 0x0000000690b00000| Untracked 
| 236|0x0000000690c00000, 0x0000000690c00000, 0x0000000690d00000|  0%| F|  |TAMS 0x0000000690c00000, 0x0000000690c00000| Untracked 
| 237|0x0000000690d00000, 0x0000000690d00000, 0x0000000690e00000|  0%| F|  |TAMS 0x0000000690d00000, 0x0000000690d00000| Untracked 
| 238|0x0000000690e00000, 0x0000000690e00000, 0x0000000690f00000|  0%| F|  |TAMS 0x0000000690e00000, 0x0000000690e00000| Untracked 
| 239|0x0000000690f00000, 0x0000000690f00000, 0x0000000691000000|  0%| F|  |TAMS 0x0000000690f00000, 0x0000000690f00000| Untracked 
| 240|0x0000000691000000, 0x0000000691000000, 0x0000000691100000|  0%| F|  |TAMS 0x0000000691000000, 0x0000000691000000| Untracked 
| 241|0x0000000691100000, 0x0000000691100000, 0x0000000691200000|  0%| F|  |TAMS 0x0000000691100000, 0x0000000691100000| Untracked 
| 242|0x0000000691200000, 0x0000000691200000, 0x0000000691300000|  0%| F|  |TAMS 0x0000000691200000, 0x0000000691200000| Untracked 
| 243|0x0000000691300000, 0x0000000691300000, 0x0000000691400000|  0%| F|  |TAMS 0x0000000691300000, 0x0000000691300000| Untracked 
| 244|0x0000000691400000, 0x0000000691400000, 0x0000000691500000|  0%| F|  |TAMS 0x0000000691400000, 0x0000000691400000| Untracked 
| 245|0x0000000691500000, 0x0000000691500000, 0x0000000691600000|  0%| F|  |TAMS 0x0000000691500000, 0x0000000691500000| Untracked 
| 246|0x0000000691600000, 0x0000000691600000, 0x0000000691700000|  0%| F|  |TAMS 0x0000000691600000, 0x0000000691600000| Untracked 
| 247|0x0000000691700000, 0x0000000691700000, 0x0000000691800000|  0%| F|  |TAMS 0x0000000691700000, 0x0000000691700000| Untracked 
| 248|0x0000000691800000, 0x0000000691800000, 0x0000000691900000|  0%| F|  |TAMS 0x0000000691800000, 0x0000000691800000| Untracked 
| 249|0x0000000691900000, 0x0000000691900000, 0x0000000691a00000|  0%| F|  |TAMS 0x0000000691900000, 0x0000000691900000| Untracked 
| 250|0x0000000691a00000, 0x0000000691a00000, 0x0000000691b00000|  0%| F|  |TAMS 0x0000000691a00000, 0x0000000691a00000| Untracked 
| 251|0x0000000691b00000, 0x0000000691b00000, 0x0000000691c00000|  0%| F|  |TAMS 0x0000000691b00000, 0x0000000691b00000| Untracked 
| 252|0x0000000691c00000, 0x0000000691c00000, 0x0000000691d00000|  0%| F|  |TAMS 0x0000000691c00000, 0x0000000691c00000| Untracked 
| 253|0x0000000691d00000, 0x0000000691d00000, 0x0000000691e00000|  0%| F|  |TAMS 0x0000000691d00000, 0x0000000691d00000| Untracked 
| 254|0x0000000691e00000, 0x0000000691e00000, 0x0000000691f00000|  0%| F|  |TAMS 0x0000000691e00000, 0x0000000691e00000| Untracked 
| 255|0x0000000691f00000, 0x0000000691f00000, 0x0000000692000000|  0%| F|  |TAMS 0x0000000691f00000, 0x0000000691f00000| Untracked 
| 256|0x0000000692000000, 0x0000000692000000, 0x0000000692100000|  0%| F|  |TAMS 0x0000000692000000, 0x0000000692000000| Untracked 
| 257|0x0000000692100000, 0x0000000692100000, 0x0000000692200000|  0%| F|  |TAMS 0x0000000692100000, 0x0000000692100000| Untracked 
| 258|0x0000000692200000, 0x0000000692200000, 0x0000000692300000|  0%| F|  |TAMS 0x0000000692200000, 0x0000000692200000| Untracked 
| 259|0x0000000692300000, 0x0000000692300000, 0x0000000692400000|  0%| F|  |TAMS 0x0000000692300000, 0x0000000692300000| Untracked 
| 260|0x0000000692400000, 0x0000000692400000, 0x0000000692500000|  0%| F|  |TAMS 0x0000000692400000, 0x0000000692400000| Untracked 
| 261|0x0000000692500000, 0x0000000692500000, 0x0000000692600000|  0%| F|  |TAMS 0x0000000692500000, 0x0000000692500000| Untracked 
| 262|0x0000000692600000, 0x0000000692600000, 0x0000000692700000|  0%| F|  |TAMS 0x0000000692600000, 0x0000000692600000| Untracked 
| 263|0x0000000692700000, 0x0000000692700000, 0x0000000692800000|  0%| F|  |TAMS 0x0000000692700000, 0x0000000692700000| Untracked 
| 264|0x0000000692800000, 0x0000000692800000, 0x0000000692900000|  0%| F|  |TAMS 0x0000000692800000, 0x0000000692800000| Untracked 
| 265|0x0000000692900000, 0x0000000692900000, 0x0000000692a00000|  0%| F|  |TAMS 0x0000000692900000, 0x0000000692900000| Untracked 
| 266|0x0000000692a00000, 0x0000000692a00000, 0x0000000692b00000|  0%| F|  |TAMS 0x0000000692a00000, 0x0000000692a00000| Untracked 
| 267|0x0000000692b00000, 0x0000000692b00000, 0x0000000692c00000|  0%| F|  |TAMS 0x0000000692b00000, 0x0000000692b00000| Untracked 
| 268|0x0000000692c00000, 0x0000000692c00000, 0x0000000692d00000|  0%| F|  |TAMS 0x0000000692c00000, 0x0000000692c00000| Untracked 
| 269|0x0000000692d00000, 0x0000000692d00000, 0x0000000692e00000|  0%| F|  |TAMS 0x0000000692d00000, 0x0000000692d00000| Untracked 
| 270|0x0000000692e00000, 0x0000000692e00000, 0x0000000692f00000|  0%| F|  |TAMS 0x0000000692e00000, 0x0000000692e00000| Untracked 
| 271|0x0000000692f00000, 0x0000000692f00000, 0x0000000693000000|  0%| F|  |TAMS 0x0000000692f00000, 0x0000000692f00000| Untracked 
| 272|0x0000000693000000, 0x0000000693000000, 0x0000000693100000|  0%| F|  |TAMS 0x0000000693000000, 0x0000000693000000| Untracked 
| 273|0x0000000693100000, 0x0000000693100000, 0x0000000693200000|  0%| F|  |TAMS 0x0000000693100000, 0x0000000693100000| Untracked 
| 274|0x0000000693200000, 0x0000000693200000, 0x0000000693300000|  0%| F|  |TAMS 0x0000000693200000, 0x0000000693200000| Untracked 
| 275|0x0000000693300000, 0x0000000693300000, 0x0000000693400000|  0%| F|  |TAMS 0x0000000693300000, 0x0000000693300000| Untracked 
| 276|0x0000000693400000, 0x0000000693400000, 0x0000000693500000|  0%| F|  |TAMS 0x0000000693400000, 0x0000000693400000| Untracked 
| 277|0x0000000693500000, 0x0000000693500000, 0x0000000693600000|  0%| F|  |TAMS 0x0000000693500000, 0x0000000693500000| Untracked 
| 278|0x0000000693600000, 0x0000000693600000, 0x0000000693700000|  0%| F|  |TAMS 0x0000000693600000, 0x0000000693600000| Untracked 
| 279|0x0000000693700000, 0x0000000693700000, 0x0000000693800000|  0%| F|  |TAMS 0x0000000693700000, 0x0000000693700000| Untracked 
| 280|0x0000000693800000, 0x0000000693800000, 0x0000000693900000|  0%| F|  |TAMS 0x0000000693800000, 0x0000000693800000| Untracked 
| 281|0x0000000693900000, 0x0000000693900000, 0x0000000693a00000|  0%| F|  |TAMS 0x0000000693900000, 0x0000000693900000| Untracked 
| 282|0x0000000693a00000, 0x0000000693a00000, 0x0000000693b00000|  0%| F|  |TAMS 0x0000000693a00000, 0x0000000693a00000| Untracked 
| 283|0x0000000693b00000, 0x0000000693b00000, 0x0000000693c00000|  0%| F|  |TAMS 0x0000000693b00000, 0x0000000693b00000| Untracked 
| 284|0x0000000693c00000, 0x0000000693c00000, 0x0000000693d00000|  0%| F|  |TAMS 0x0000000693c00000, 0x0000000693c00000| Untracked 
| 285|0x0000000693d00000, 0x0000000693d00000, 0x0000000693e00000|  0%| F|  |TAMS 0x0000000693d00000, 0x0000000693d00000| Untracked 
| 286|0x0000000693e00000, 0x0000000693e00000, 0x0000000693f00000|  0%| F|  |TAMS 0x0000000693e00000, 0x0000000693e00000| Untracked 
| 287|0x0000000693f00000, 0x0000000693f00000, 0x0000000694000000|  0%| F|  |TAMS 0x0000000693f00000, 0x0000000693f00000| Untracked 
| 288|0x0000000694000000, 0x0000000694000000, 0x0000000694100000|  0%| F|  |TAMS 0x0000000694000000, 0x0000000694000000| Untracked 
| 289|0x0000000694100000, 0x0000000694100000, 0x0000000694200000|  0%| F|  |TAMS 0x0000000694100000, 0x0000000694100000| Untracked 
| 290|0x0000000694200000, 0x0000000694200000, 0x0000000694300000|  0%| F|  |TAMS 0x0000000694200000, 0x0000000694200000| Untracked 
| 291|0x0000000694300000, 0x0000000694300000, 0x0000000694400000|  0%| F|  |TAMS 0x0000000694300000, 0x0000000694300000| Untracked 
| 292|0x0000000694400000, 0x0000000694400000, 0x0000000694500000|  0%| F|  |TAMS 0x0000000694400000, 0x0000000694400000| Untracked 
| 293|0x0000000694500000, 0x0000000694500000, 0x0000000694600000|  0%| F|  |TAMS 0x0000000694500000, 0x0000000694500000| Untracked 
| 294|0x0000000694600000, 0x0000000694600000, 0x0000000694700000|  0%| F|  |TAMS 0x0000000694600000, 0x0000000694600000| Untracked 
| 295|0x0000000694700000, 0x0000000694700000, 0x0000000694800000|  0%| F|  |TAMS 0x0000000694700000, 0x0000000694700000| Untracked 
| 296|0x0000000694800000, 0x0000000694800000, 0x0000000694900000|  0%| F|  |TAMS 0x0000000694800000, 0x0000000694800000| Untracked 
| 297|0x0000000694900000, 0x0000000694900000, 0x0000000694a00000|  0%| F|  |TAMS 0x0000000694900000, 0x0000000694900000| Untracked 
| 298|0x0000000694a00000, 0x0000000694a00000, 0x0000000694b00000|  0%| F|  |TAMS 0x0000000694a00000, 0x0000000694a00000| Untracked 
| 299|0x0000000694b00000, 0x0000000694b00000, 0x0000000694c00000|  0%| F|  |TAMS 0x0000000694b00000, 0x0000000694b00000| Untracked 
| 300|0x0000000694c00000, 0x0000000694c00000, 0x0000000694d00000|  0%| F|  |TAMS 0x0000000694c00000, 0x0000000694c00000| Untracked 
| 301|0x0000000694d00000, 0x0000000694d00000, 0x0000000694e00000|  0%| F|  |TAMS 0x0000000694d00000, 0x0000000694d00000| Untracked 
| 302|0x0000000694e00000, 0x0000000694e00000, 0x0000000694f00000|  0%| F|  |TAMS 0x0000000694e00000, 0x0000000694e00000| Untracked 
| 303|0x0000000694f00000, 0x0000000694f00000, 0x0000000695000000|  0%| F|  |TAMS 0x0000000694f00000, 0x0000000694f00000| Untracked 
| 304|0x0000000695000000, 0x0000000695000000, 0x0000000695100000|  0%| F|  |TAMS 0x0000000695000000, 0x0000000695000000| Untracked 
| 305|0x0000000695100000, 0x0000000695100000, 0x0000000695200000|  0%| F|  |TAMS 0x0000000695100000, 0x0000000695100000| Untracked 
| 306|0x0000000695200000, 0x0000000695200000, 0x0000000695300000|  0%| F|  |TAMS 0x0000000695200000, 0x0000000695200000| Untracked 
| 307|0x0000000695300000, 0x0000000695300000, 0x0000000695400000|  0%| F|  |TAMS 0x0000000695300000, 0x0000000695300000| Untracked 
| 308|0x0000000695400000, 0x0000000695400000, 0x0000000695500000|  0%| F|  |TAMS 0x0000000695400000, 0x0000000695400000| Untracked 
| 309|0x0000000695500000, 0x0000000695500000, 0x0000000695600000|  0%| F|  |TAMS 0x0000000695500000, 0x0000000695500000| Untracked 
| 310|0x0000000695600000, 0x0000000695600000, 0x0000000695700000|  0%| F|  |TAMS 0x0000000695600000, 0x0000000695600000| Untracked 
| 311|0x0000000695700000, 0x0000000695700000, 0x0000000695800000|  0%| F|  |TAMS 0x0000000695700000, 0x0000000695700000| Untracked 
| 312|0x0000000695800000, 0x0000000695800000, 0x0000000695900000|  0%| F|  |TAMS 0x0000000695800000, 0x0000000695800000| Untracked 
| 313|0x0000000695900000, 0x0000000695900000, 0x0000000695a00000|  0%| F|  |TAMS 0x0000000695900000, 0x0000000695900000| Untracked 
| 314|0x0000000695a00000, 0x0000000695a00000, 0x0000000695b00000|  0%| F|  |TAMS 0x0000000695a00000, 0x0000000695a00000| Untracked 
| 315|0x0000000695b00000, 0x0000000695b00000, 0x0000000695c00000|  0%| F|  |TAMS 0x0000000695b00000, 0x0000000695b00000| Untracked 
| 316|0x0000000695c00000, 0x0000000695c90ad8, 0x0000000695d00000| 56%| S|CS|TAMS 0x0000000695c00000, 0x0000000695c00000| Complete 
| 317|0x0000000695d00000, 0x0000000695e00000, 0x0000000695e00000|100%| S|CS|TAMS 0x0000000695d00000, 0x0000000695d00000| Complete 
| 318|0x0000000695e00000, 0x0000000695f00000, 0x0000000695f00000|100%| S|CS|TAMS 0x0000000695e00000, 0x0000000695e00000| Complete 
| 319|0x0000000695f00000, 0x0000000696000000, 0x0000000696000000|100%| S|CS|TAMS 0x0000000695f00000, 0x0000000695f00000| Complete 
| 320|0x0000000696000000, 0x0000000696100000, 0x0000000696100000|100%| S|CS|TAMS 0x0000000696000000, 0x0000000696000000| Complete 
| 321|0x0000000696100000, 0x0000000696200000, 0x0000000696200000|100%| S|CS|TAMS 0x0000000696100000, 0x0000000696100000| Complete 
| 322|0x0000000696200000, 0x0000000696300000, 0x0000000696300000|100%| S|CS|TAMS 0x0000000696200000, 0x0000000696200000| Complete 
| 323|0x0000000696300000, 0x0000000696400000, 0x0000000696400000|100%| S|CS|TAMS 0x0000000696300000, 0x0000000696300000| Complete 
| 324|0x0000000696400000, 0x0000000696500000, 0x0000000696500000|100%| S|CS|TAMS 0x0000000696400000, 0x0000000696400000| Complete 
| 325|0x0000000696500000, 0x0000000696500000, 0x0000000696600000|  0%| F|  |TAMS 0x0000000696500000, 0x0000000696500000| Untracked 
| 326|0x0000000696600000, 0x0000000696600000, 0x0000000696700000|  0%| F|  |TAMS 0x0000000696600000, 0x0000000696600000| Untracked 
| 327|0x0000000696700000, 0x0000000696700000, 0x0000000696800000|  0%| F|  |TAMS 0x0000000696700000, 0x0000000696700000| Untracked 
| 328|0x0000000696800000, 0x0000000696800000, 0x0000000696900000|  0%| F|  |TAMS 0x0000000696800000, 0x0000000696800000| Untracked 
| 329|0x0000000696900000, 0x0000000696900000, 0x0000000696a00000|  0%| F|  |TAMS 0x0000000696900000, 0x0000000696900000| Untracked 
| 330|0x0000000696a00000, 0x0000000696a00000, 0x0000000696b00000|  0%| F|  |TAMS 0x0000000696a00000, 0x0000000696a00000| Untracked 
| 331|0x0000000696b00000, 0x0000000696b00000, 0x0000000696c00000|  0%| F|  |TAMS 0x0000000696b00000, 0x0000000696b00000| Untracked 
| 332|0x0000000696c00000, 0x0000000696c00000, 0x0000000696d00000|  0%| F|  |TAMS 0x0000000696c00000, 0x0000000696c00000| Untracked 
| 333|0x0000000696d00000, 0x0000000696d00000, 0x0000000696e00000|  0%| F|  |TAMS 0x0000000696d00000, 0x0000000696d00000| Untracked 
| 334|0x0000000696e00000, 0x0000000696e00000, 0x0000000696f00000|  0%| F|  |TAMS 0x0000000696e00000, 0x0000000696e00000| Untracked 
| 335|0x0000000696f00000, 0x0000000696f00000, 0x0000000697000000|  0%| F|  |TAMS 0x0000000696f00000, 0x0000000696f00000| Untracked 
| 336|0x0000000697000000, 0x0000000697000000, 0x0000000697100000|  0%| F|  |TAMS 0x0000000697000000, 0x0000000697000000| Untracked 
| 337|0x0000000697100000, 0x0000000697100000, 0x0000000697200000|  0%| F|  |TAMS 0x0000000697100000, 0x0000000697100000| Untracked 
| 338|0x0000000697200000, 0x0000000697200000, 0x0000000697300000|  0%| F|  |TAMS 0x0000000697200000, 0x0000000697200000| Untracked 
| 339|0x0000000697300000, 0x0000000697300000, 0x0000000697400000|  0%| F|  |TAMS 0x0000000697300000, 0x0000000697300000| Untracked 
| 340|0x0000000697400000, 0x0000000697400000, 0x0000000697500000|  0%| F|  |TAMS 0x0000000697400000, 0x0000000697400000| Untracked 
| 341|0x0000000697500000, 0x0000000697500000, 0x0000000697600000|  0%| F|  |TAMS 0x0000000697500000, 0x0000000697500000| Untracked 
| 342|0x0000000697600000, 0x0000000697600000, 0x0000000697700000|  0%| F|  |TAMS 0x0000000697600000, 0x0000000697600000| Untracked 
| 343|0x0000000697700000, 0x0000000697700000, 0x0000000697800000|  0%| F|  |TAMS 0x0000000697700000, 0x0000000697700000| Untracked 
| 344|0x0000000697800000, 0x0000000697800000, 0x0000000697900000|  0%| F|  |TAMS 0x0000000697800000, 0x0000000697800000| Untracked 
| 345|0x0000000697900000, 0x0000000697900000, 0x0000000697a00000|  0%| F|  |TAMS 0x0000000697900000, 0x0000000697900000| Untracked 
| 346|0x0000000697a00000, 0x0000000697a00000, 0x0000000697b00000|  0%| F|  |TAMS 0x0000000697a00000, 0x0000000697a00000| Untracked 
| 347|0x0000000697b00000, 0x0000000697b00000, 0x0000000697c00000|  0%| F|  |TAMS 0x0000000697b00000, 0x0000000697b00000| Untracked 
| 348|0x0000000697c00000, 0x0000000697c00000, 0x0000000697d00000|  0%| F|  |TAMS 0x0000000697c00000, 0x0000000697c00000| Untracked 
| 349|0x0000000697d00000, 0x0000000697d00000, 0x0000000697e00000|  0%| F|  |TAMS 0x0000000697d00000, 0x0000000697d00000| Untracked 
| 350|0x0000000697e00000, 0x0000000697e00000, 0x0000000697f00000|  0%| F|  |TAMS 0x0000000697e00000, 0x0000000697e00000| Untracked 
| 351|0x0000000697f00000, 0x0000000697f00000, 0x0000000698000000|  0%| F|  |TAMS 0x0000000697f00000, 0x0000000697f00000| Untracked 
| 352|0x0000000698000000, 0x0000000698000000, 0x0000000698100000|  0%| F|  |TAMS 0x0000000698000000, 0x0000000698000000| Untracked 
| 353|0x0000000698100000, 0x0000000698100000, 0x0000000698200000|  0%| F|  |TAMS 0x0000000698100000, 0x0000000698100000| Untracked 
| 354|0x0000000698200000, 0x0000000698200000, 0x0000000698300000|  0%| F|  |TAMS 0x0000000698200000, 0x0000000698200000| Untracked 
| 355|0x0000000698300000, 0x0000000698300000, 0x0000000698400000|  0%| F|  |TAMS 0x0000000698300000, 0x0000000698300000| Untracked 
| 356|0x0000000698400000, 0x0000000698400000, 0x0000000698500000|  0%| F|  |TAMS 0x0000000698400000, 0x0000000698400000| Untracked 
| 357|0x0000000698500000, 0x0000000698500000, 0x0000000698600000|  0%| F|  |TAMS 0x0000000698500000, 0x0000000698500000| Untracked 
| 358|0x0000000698600000, 0x0000000698600000, 0x0000000698700000|  0%| F|  |TAMS 0x0000000698600000, 0x0000000698600000| Untracked 
| 359|0x0000000698700000, 0x0000000698700000, 0x0000000698800000|  0%| F|  |TAMS 0x0000000698700000, 0x0000000698700000| Untracked 
| 360|0x0000000698800000, 0x0000000698800000, 0x0000000698900000|  0%| F|  |TAMS 0x0000000698800000, 0x0000000698800000| Untracked 
| 361|0x0000000698900000, 0x0000000698900000, 0x0000000698a00000|  0%| F|  |TAMS 0x0000000698900000, 0x0000000698900000| Untracked 
| 362|0x0000000698a00000, 0x0000000698a00000, 0x0000000698b00000|  0%| F|  |TAMS 0x0000000698a00000, 0x0000000698a00000| Untracked 
| 363|0x0000000698b00000, 0x0000000698b00000, 0x0000000698c00000|  0%| F|  |TAMS 0x0000000698b00000, 0x0000000698b00000| Untracked 
| 364|0x0000000698c00000, 0x0000000698c00000, 0x0000000698d00000|  0%| F|  |TAMS 0x0000000698c00000, 0x0000000698c00000| Untracked 
| 365|0x0000000698d00000, 0x0000000698d00000, 0x0000000698e00000|  0%| F|  |TAMS 0x0000000698d00000, 0x0000000698d00000| Untracked 
| 366|0x0000000698e00000, 0x0000000698e00000, 0x0000000698f00000|  0%| F|  |TAMS 0x0000000698e00000, 0x0000000698e00000| Untracked 
| 367|0x0000000698f00000, 0x0000000698f00000, 0x0000000699000000|  0%| F|  |TAMS 0x0000000698f00000, 0x0000000698f00000| Untracked 
| 368|0x0000000699000000, 0x0000000699000000, 0x0000000699100000|  0%| F|  |TAMS 0x0000000699000000, 0x0000000699000000| Untracked 
| 369|0x0000000699100000, 0x0000000699100000, 0x0000000699200000|  0%| F|  |TAMS 0x0000000699100000, 0x0000000699100000| Untracked 
| 370|0x0000000699200000, 0x0000000699200000, 0x0000000699300000|  0%| F|  |TAMS 0x0000000699200000, 0x0000000699200000| Untracked 
| 371|0x0000000699300000, 0x0000000699300000, 0x0000000699400000|  0%| F|  |TAMS 0x0000000699300000, 0x0000000699300000| Untracked 
| 372|0x0000000699400000, 0x0000000699400000, 0x0000000699500000|  0%| F|  |TAMS 0x0000000699400000, 0x0000000699400000| Untracked 
| 373|0x0000000699500000, 0x0000000699500000, 0x0000000699600000|  0%| F|  |TAMS 0x0000000699500000, 0x0000000699500000| Untracked 
| 374|0x0000000699600000, 0x0000000699600000, 0x0000000699700000|  0%| F|  |TAMS 0x0000000699600000, 0x0000000699600000| Untracked 
| 375|0x0000000699700000, 0x0000000699700000, 0x0000000699800000|  0%| F|  |TAMS 0x0000000699700000, 0x0000000699700000| Untracked 
| 376|0x0000000699800000, 0x0000000699800000, 0x0000000699900000|  0%| F|  |TAMS 0x0000000699800000, 0x0000000699800000| Untracked 
| 377|0x0000000699900000, 0x0000000699900000, 0x0000000699a00000|  0%| F|  |TAMS 0x0000000699900000, 0x0000000699900000| Untracked 
| 378|0x0000000699a00000, 0x0000000699a00000, 0x0000000699b00000|  0%| F|  |TAMS 0x0000000699a00000, 0x0000000699a00000| Untracked 
| 379|0x0000000699b00000, 0x0000000699b00000, 0x0000000699c00000|  0%| F|  |TAMS 0x0000000699b00000, 0x0000000699b00000| Untracked 
| 380|0x0000000699c00000, 0x0000000699c80800, 0x0000000699d00000| 50%| E|  |TAMS 0x0000000699c00000, 0x0000000699c00000| Complete 
| 381|0x0000000699d00000, 0x0000000699e00000, 0x0000000699e00000|100%| E|CS|TAMS 0x0000000699d00000, 0x0000000699d00000| Complete 

Card table byte_map: [0x0000019e21e20000,0x0000019e22a10000] _byte_map_base: 0x0000019e1ea10000

Marking Bits (Prev, Next): (CMBitMap*) 0x0000019e09ad59b8, (CMBitMap*) 0x0000019e09ad59f0
 Prev Bits: [0x0000019e23600000, 0x0000019e29580000)
 Next Bits: [0x0000019e29580000, 0x0000019e2f500000)

Polling page: 0x0000019e09230000

Metaspace:

Usage:
  Non-class:     31.10 MB capacity,    30.48 MB ( 98%) used,   535.43 KB (  2%) free+waste,   100.31 KB ( <1%) overhead. 
      Class:      4.09 MB capacity,     3.68 MB ( 90%) used,   371.14 KB (  9%) free+waste,    48.50 KB (  1%) overhead. 
       Both:     35.19 MB capacity,    34.16 MB ( 97%) used,   906.57 KB (  3%) free+waste,   148.81 KB ( <1%) overhead. 

Virtual space:
  Non-class space:       32.00 MB reserved,      31.13 MB ( 97%) committed 
      Class space:        1.00 GB reserved,       4.20 MB ( <1%) committed 
             Both:        1.03 GB reserved,      35.33 MB (  3%) committed 

Chunk freelists:
   Non-Class:  1.38 KB
       Class:  768 bytes
        Both:  2.13 KB

CodeHeap 'non-profiled nmethods': size=120000Kb used=2395Kb max_used=2395Kb free=117604Kb
 bounds [0x0000019e199d0000, 0x0000019e19c40000, 0x0000019e20f00000]
CodeHeap 'profiled nmethods': size=120000Kb used=8995Kb max_used=8995Kb free=111004Kb
 bounds [0x0000019e124a0000, 0x0000019e12d70000, 0x0000019e199d0000]
CodeHeap 'non-nmethods': size=5760Kb used=1209Kb max_used=1252Kb free=4550Kb
 bounds [0x0000019e11f00000, 0x0000019e12170000, 0x0000019e124a0000]
 total_blobs=4325 nmethods=3761 adapters=475
 compilation: enabled
              stopped_count=0, restarted_count=0
 full_count=0

Compilation events (10 events):
Event: 9.143 Thread 0x0000019e32b01800 nmethod 3733 0x0000019e12d53690 code [0x0000019e12d538a0, 0x0000019e12d54088]
Event: 9.143 Thread 0x0000019e32b01800 3739       1       com.sun.org.apache.xerces.internal.impl.dtd.models.CMNode::setMaxStates (6 bytes)
Event: 9.143 Thread 0x0000019e32b01800 nmethod 3739 0x0000019e19c21e90 code [0x0000019e19c22020, 0x0000019e19c220d8]
Event: 9.143 Thread 0x0000019e32b01800 3738       1       com.sun.org.apache.xerces.internal.impl.xs.XSComplexTypeDecl::getTypeCategory (3 bytes)
Event: 9.143 Thread 0x0000019e32afd800 nmethod 3726 0x0000019e19c22190 code [0x0000019e19c22340, 0x0000019e19c22b88]
Event: 9.143 Thread 0x0000019e32b01800 nmethod 3738 0x0000019e19c22f10 code [0x0000019e19c230a0, 0x0000019e19c23158]
Event: 9.143 Thread 0x0000019e32b01800 3741       3       sun.net.util.IPAddressUtil::match (50 bytes)
Event: 9.143 Thread 0x0000019e32b01800 nmethod 3741 0x0000019e12d54310 code [0x0000019e12d544c0, 0x0000019e12d54738]
Event: 9.143 Thread 0x0000019e32b01800 3736       1       com.sun.org.apache.xerces.internal.impl.xs.opti.NodeImpl::getReadOnly (5 bytes)
Event: 9.143 Thread 0x0000019e32b01800 nmethod 3736 0x0000019e19c23210 code [0x0000019e19c233a0, 0x0000019e19c23458]

GC Heap History (10 events):
Event: 2.669 GC heap before
{Heap before GC invocations=0 (full 0):
 garbage-first heap   total 391168K, used 23552K [0x0000000682000000, 0x0000000800000000)
  region size 1024K, 24 young (24576K), 0 survivors (0K)
 Metaspace       used 17626K, capacity 18131K, committed 18432K, reserved 1064960K
  class space    used 1783K, capacity 1981K, committed 2048K, reserved 1048576K
}
Event: 2.675 GC heap after
{Heap after GC invocations=1 (full 0):
 garbage-first heap   total 391168K, used 5383K [0x0000000682000000, 0x0000000800000000)
  region size 1024K, 3 young (3072K), 3 survivors (3072K)
 Metaspace       used 17626K, capacity 18131K, committed 18432K, reserved 1064960K
  class space    used 1783K, capacity 1981K, committed 2048K, reserved 1048576K
}
Event: 3.032 GC heap before
{Heap before GC invocations=1 (full 0):
 garbage-first heap   total 391168K, used 21767K [0x0000000682000000, 0x0000000800000000)
  region size 1024K, 19 young (19456K), 3 survivors (3072K)
 Metaspace       used 20127K, capacity 20902K, committed 21120K, reserved 1069056K
  class space    used 2074K, capacity 2356K, committed 2432K, reserved 1048576K
}
Event: 3.037 GC heap after
{Heap after GC invocations=2 (full 0):
 garbage-first heap   total 391168K, used 6822K [0x0000000682000000, 0x0000000800000000)
  region size 1024K, 2 young (2048K), 2 survivors (2048K)
 Metaspace       used 20127K, capacity 20902K, committed 21120K, reserved 1069056K
  class space    used 2074K, capacity 2356K, committed 2432K, reserved 1048576K
}
Event: 3.073 GC heap before
{Heap before GC invocations=2 (full 0):
 garbage-first heap   total 391168K, used 7846K [0x0000000682000000, 0x0000000800000000)
  region size 1024K, 4 young (4096K), 2 survivors (2048K)
 Metaspace       used 20492K, capacity 21231K, committed 21296K, reserved 1069056K
  class space    used 2113K, capacity 2422K, committed 2432K, reserved 1048576K
}
Event: 3.074 GC heap after
{Heap after GC invocations=3 (full 0):
 garbage-first heap   total 391168K, used 6824K [0x0000000682000000, 0x0000000800000000)
  region size 1024K, 2 young (2048K), 2 survivors (2048K)
 Metaspace       used 20492K, capacity 21231K, committed 21296K, reserved 1069056K
  class space    used 2113K, capacity 2422K, committed 2432K, reserved 1048576K
}
Event: 4.327 GC heap before
{Heap before GC invocations=4 (full 0):
 garbage-first heap   total 391168K, used 76456K [0x0000000682000000, 0x0000000800000000)
  region size 1024K, 71 young (72704K), 2 survivors (2048K)
 Metaspace       used 23353K, capacity 24211K, committed 24316K, reserved 1071104K
  class space    used 2419K, capacity 2787K, committed 2892K, reserved 1048576K
}
Event: 4.331 GC heap after
{Heap after GC invocations=5 (full 0):
 garbage-first heap   total 391168K, used 10550K [0x0000000682000000, 0x0000000800000000)
  region size 1024K, 5 young (5120K), 5 survivors (5120K)
 Metaspace       used 23353K, capacity 24211K, committed 24316K, reserved 1071104K
  class space    used 2419K, capacity 2787K, committed 2892K, reserved 1048576K
}
Event: 5.245 GC heap before
{Heap before GC invocations=5 (full 0):
 garbage-first heap   total 391168K, used 140598K [0x0000000682000000, 0x0000000800000000)
  region size 1024K, 132 young (135168K), 5 survivors (5120K)
 Metaspace       used 23390K, capacity 24275K, committed 24572K, reserved 1071104K
  class space    used 2420K, capacity 2787K, committed 2892K, reserved 1048576K
}
Event: 5.250 GC heap after
{Heap after GC invocations=6 (full 0):
 garbage-first heap   total 391168K, used 12172K [0x0000000682000000, 0x0000000800000000)
  region size 1024K, 7 young (7168K), 7 survivors (7168K)
 Metaspace       used 23390K, capacity 24275K, committed 24572K, reserved 1071104K
  class space    used 2420K, capacity 2787K, committed 2892K, reserved 1048576K
}

Deoptimization events (10 events):
Event: 6.771 Thread 0x0000019e34155800 Uncommon trap: reason=speculate_class_check action=maybe_recompile pc=0x0000019e19b34f18 method=java.util.zip.InflaterInputStream.read([BII)I @ 100 c2
Event: 6.849 Thread 0x0000019e34155800 Uncommon trap: reason=unstable_if action=reinterpret pc=0x0000019e19b8ece0 method=com.sun.org.apache.xerces.internal.impl.XMLDocumentFragmentScannerImpl$FragmentContentDriver.next()I @ 265 c2
Event: 6.850 Thread 0x0000019e34155800 Uncommon trap: reason=unstable_if action=reinterpret pc=0x0000019e19afa8ec method=java.io.BufferedInputStream.read1([BII)I @ 29 c2
Event: 8.875 Thread 0x0000019e34155800 Uncommon trap: reason=unstable_if action=reinterpret pc=0x0000019e19bbd098 method=java.lang.PublicMethods$MethodList.merge(Ljava/lang/PublicMethods$MethodList;Ljava/lang/reflect/Method;)Ljava/lang/PublicMethods$MethodList; @ 34 c2
Event: 8.875 Thread 0x0000019e34155800 Uncommon trap: reason=unstable_if action=reinterpret pc=0x0000019e19bb6bfc method=java.lang.PublicMethods$MethodList.merge(Ljava/lang/PublicMethods$MethodList;Ljava/lang/reflect/Method;)Ljava/lang/PublicMethods$MethodList; @ 34 c2
Event: 8.964 Thread 0x0000019e34155800 Uncommon trap: reason=unstable_if action=reinterpret pc=0x0000019e19a7c504 method=com.sun.org.apache.xerces.internal.impl.io.UTF8Reader.read([CII)I @ 131 c2
Event: 8.965 Thread 0x0000019e34155800 Uncommon trap: reason=unstable_if action=reinterpret pc=0x0000019e19a8bb74 method=com.sun.org.apache.xerces.internal.impl.XMLEntityScanner.scanChar(Lcom/sun/org/apache/xerces/internal/impl/XMLScanner$NameType;)I @ 59 c2
Event: 9.141 Thread 0x0000019e34155800 Uncommon trap: reason=class_check action=maybe_recompile pc=0x0000019e19c1bfa4 method=com.sun.org.apache.xerces.internal.impl.XMLNSDocumentScannerImpl.scanStartElement()Z @ 953 c2
Event: 9.142 Thread 0x0000019e34155800 Uncommon trap: reason=class_check action=maybe_recompile pc=0x0000019e19c1bfa4 method=com.sun.org.apache.xerces.internal.impl.XMLNSDocumentScannerImpl.scanStartElement()Z @ 953 c2
Event: 9.142 Thread 0x0000019e34155800 Uncommon trap: reason=class_check action=maybe_recompile pc=0x0000019e19c1bfa4 method=com.sun.org.apache.xerces.internal.impl.XMLNSDocumentScannerImpl.scanStartElement()Z @ 953 c2

Classes redefined (0 events):
No events

Internal exceptions (10 events):
Event: 8.929 Thread 0x0000019e34155800 Exception <a 'java/lang/ClassNotFoundException'{0x00000006968226e0}: org/springframework/context/ApplicationContextAwareBeanInfo> (0x00000006968226e0) thrown at [./open/src/hotspot/share/classfile/systemDictionary.cpp, line 228]
Event: 8.931 Thread 0x0000019e34155800 Exception <a 'java/lang/ClassNotFoundException'{0x00000006968394c8}: org/springframework/context/ApplicationContextAwareCustomizer> (0x00000006968394c8) thrown at [./open/src/hotspot/share/classfile/systemDictionary.cpp, line 228]
Event: 8.933 Thread 0x0000019e34155800 Exception <a 'java/lang/ClassNotFoundException'{0x0000000696850d98}: org/springframework/core/env/EnvironmentCapableBeanInfo> (0x0000000696850d98) thrown at [./open/src/hotspot/share/classfile/systemDictionary.cpp, line 228]
Event: 8.935 Thread 0x0000019e34155800 Exception <a 'java/lang/ClassNotFoundException'{0x0000000696867028}: org/springframework/core/env/EnvironmentCapableCustomizer> (0x0000000696867028) thrown at [./open/src/hotspot/share/classfile/systemDictionary.cpp, line 228]
Event: 8.937 Thread 0x0000019e34155800 Exception <a 'java/lang/ClassNotFoundException'{0x000000069687e1b8}: org/springframework/context/EnvironmentAwareBeanInfo> (0x000000069687e1b8) thrown at [./open/src/hotspot/share/classfile/systemDictionary.cpp, line 228]
Event: 8.938 Thread 0x0000019e34155800 Exception <a 'java/lang/ClassNotFoundException'{0x0000000696893f08}: org/springframework/context/EnvironmentAwareCustomizer> (0x0000000696893f08) thrown at [./open/src/hotspot/share/classfile/systemDictionary.cpp, line 228]
Event: 8.940 Thread 0x0000019e34155800 Exception <a 'java/lang/ClassNotFoundException'{0x00000006968a2708}: javax/servlet/ServletBeanInfo> (0x00000006968a2708) thrown at [./open/src/hotspot/share/classfile/systemDictionary.cpp, line 228]
Event: 8.941 Thread 0x0000019e34155800 Exception <a 'java/lang/ClassNotFoundException'{0x00000006968b0000}: javax/servlet/ServletCustomizer> (0x00000006968b0000) thrown at [./open/src/hotspot/share/classfile/systemDictionary.cpp, line 228]
Event: 8.943 Thread 0x0000019e34155800 Exception <a 'java/lang/ClassNotFoundException'{0x00000006968c08b8}: javax/servlet/ServletConfigBeanInfo> (0x00000006968c08b8) thrown at [./open/src/hotspot/share/classfile/systemDictionary.cpp, line 228]
Event: 8.944 Thread 0x0000019e34155800 Exception <a 'java/lang/ClassNotFoundException'{0x00000006968cdc60}: javax/servlet/ServletConfigCustomizer> (0x00000006968cdc60) thrown at [./open/src/hotspot/share/classfile/systemDictionary.cpp, line 228]

Events (10 events):
Event: 9.141 loading class com/sun/org/apache/xerces/internal/impl/xs/models/XSAllCM done
Event: 9.141 Thread 0x0000019e34155800 Uncommon trap: trap_request=0xffffffde fr.pc=0x0000019e19c1bfa4 relative=0x00000000000015a4
Event: 9.141 Thread 0x0000019e34155800 DEOPT PACKING pc=0x0000019e19c1bfa4 sp=0x00000002d6df6aa0
Event: 9.141 Thread 0x0000019e34155800 DEOPT UNPACKING pc=0x0000019e11f268af sp=0x00000002d6df6a30 mode 2
Event: 9.142 Thread 0x0000019e34155800 Uncommon trap: trap_request=0xffffffde fr.pc=0x0000019e19c1bfa4 relative=0x00000000000015a4
Event: 9.142 Thread 0x0000019e34155800 DEOPT PACKING pc=0x0000019e19c1bfa4 sp=0x00000002d6df6aa0
Event: 9.142 Thread 0x0000019e34155800 DEOPT UNPACKING pc=0x0000019e11f268af sp=0x00000002d6df6a30 mode 2
Event: 9.142 Thread 0x0000019e34155800 Uncommon trap: trap_request=0xffffffde fr.pc=0x0000019e19c1bfa4 relative=0x00000000000015a4
Event: 9.142 Thread 0x0000019e34155800 DEOPT PACKING pc=0x0000019e19c1bfa4 sp=0x00000002d6df6aa0
Event: 9.142 Thread 0x0000019e34155800 DEOPT UNPACKING pc=0x0000019e11f268af sp=0x00000002d6df6a30 mode 2


Dynamic libraries:
0x00007ff7b3f80000 - 0x00007ff7b3f8f000 	C:\Program Files\Java\jdk-11.0.11\bin\java.exe
0x00007ff9e1890000 - 0x00007ff9e1a85000 	C:\WINDOWS\SYSTEM32\ntdll.dll
0x00007ff9dff60000 - 0x00007ff9e001e000 	C:\WINDOWS\System32\KERNEL32.DLL
0x00007ff9df230000 - 0x00007ff9df4f8000 	C:\WINDOWS\System32\KERNELBASE.dll
0x00007ff9df5e0000 - 0x00007ff9df6e0000 	C:\WINDOWS\System32\ucrtbase.dll
0x00007ff9dc2d0000 - 0x00007ff9dc2e8000 	C:\Program Files\Java\jdk-11.0.11\bin\jli.dll
0x00007ff9d85d0000 - 0x00007ff9d85e5000 	C:\Program Files\Java\jdk-11.0.11\bin\VCRUNTIME140.dll
0x00007ff9dfd50000 - 0x00007ff9dfdfe000 	C:\WINDOWS\System32\ADVAPI32.dll
0x00007ff9e12b0000 - 0x00007ff9e134e000 	C:\WINDOWS\System32\msvcrt.dll
0x00007ff9e1620000 - 0x00007ff9e16bc000 	C:\WINDOWS\System32\sechost.dll
0x00007ff9dfc20000 - 0x00007ff9dfd45000 	C:\WINDOWS\System32\RPCRT4.dll
0x00007ff9e0020000 - 0x00007ff9e01c1000 	C:\WINDOWS\System32\USER32.dll
0x00007ff9df6e0000 - 0x00007ff9df702000 	C:\WINDOWS\System32\win32u.dll
0x00007ff9df9f0000 - 0x00007ff9dfa1b000 	C:\WINDOWS\System32\GDI32.dll
0x00007ff9df710000 - 0x00007ff9df81d000 	C:\WINDOWS\System32\gdi32full.dll
0x00007ff9df190000 - 0x00007ff9df22d000 	C:\WINDOWS\System32\msvcp_win.dll
0x00007ff9c6c40000 - 0x00007ff9c6eda000 	C:\WINDOWS\WinSxS\amd64_microsoft.windows.common-controls_6595b64144ccf1df_6.0.19041.1110_none_60b5254171f9507e\COMCTL32.dll
0x00007ff9d6470000 - 0x00007ff9d647a000 	C:\WINDOWS\SYSTEM32\VERSION.dll
0x00007ff9df960000 - 0x00007ff9df990000 	C:\WINDOWS\System32\IMM32.DLL
0x00007ff9d8500000 - 0x00007ff9d859b000 	C:\Program Files\Java\jdk-11.0.11\bin\msvcp140.dll
0x00007ff9a15c0000 - 0x00007ff9a20be000 	C:\Program Files\Java\jdk-11.0.11\bin\server\jvm.dll
0x00007ff9dfa20000 - 0x00007ff9dfa28000 	C:\WINDOWS\System32\PSAPI.DLL
0x00007ff9c4aa0000 - 0x00007ff9c4ac7000 	C:\WINDOWS\SYSTEM32\WINMM.dll
0x00007ff9c69a0000 - 0x00007ff9c69a9000 	C:\WINDOWS\SYSTEM32\WSOCK32.dll
0x00007ff9e1500000 - 0x00007ff9e156b000 	C:\WINDOWS\System32\WS2_32.dll
0x00007ff9dd7e0000 - 0x00007ff9dd7f2000 	C:\WINDOWS\SYSTEM32\kernel.appcore.dll
0x00007ff9da450000 - 0x00007ff9da460000 	C:\Program Files\Java\jdk-11.0.11\bin\verify.dll
0x00007ff9dd4e0000 - 0x00007ff9dd6c4000 	C:\WINDOWS\SYSTEM32\DBGHELP.DLL
0x00007ff9c45b0000 - 0x00007ff9c45dc000 	C:\WINDOWS\SYSTEM32\dbgcore.DLL
0x00007ff9df550000 - 0x00007ff9df5d2000 	C:\WINDOWS\System32\bcryptPrimitives.dll
0x00007ff9d84d0000 - 0x00007ff9d84f8000 	C:\Program Files\Java\jdk-11.0.11\bin\java.dll
0x00007ff9d92f0000 - 0x00007ff9d92fa000 	C:\Program Files\Java\jdk-11.0.11\bin\jimage.dll
0x00007ff9d84b0000 - 0x00007ff9d84c6000 	C:\Program Files\Java\jdk-11.0.11\bin\zip.dll
0x00007ff9e0800000 - 0x00007ff9e0f44000 	C:\WINDOWS\System32\SHELL32.dll
0x00007ff9dcd40000 - 0x00007ff9dd4d5000 	C:\WINDOWS\SYSTEM32\windows.storage.dll
0x00007ff9e0f50000 - 0x00007ff9e12a5000 	C:\WINDOWS\System32\combase.dll
0x00007ff9de8a0000 - 0x00007ff9de8ce000 	C:\WINDOWS\SYSTEM32\Wldp.dll
0x00007ff9dfa90000 - 0x00007ff9dfb3d000 	C:\WINDOWS\System32\SHCORE.dll
0x00007ff9e01d0000 - 0x00007ff9e0225000 	C:\WINDOWS\System32\shlwapi.dll
0x00007ff9deee0000 - 0x00007ff9deeff000 	C:\WINDOWS\SYSTEM32\profapi.dll
0x00007ff9d5610000 - 0x00007ff9d5629000 	C:\Program Files\Java\jdk-11.0.11\bin\net.dll
0x00007ff9d8c80000 - 0x00007ff9d8d8c000 	C:\WINDOWS\SYSTEM32\WINHTTP.dll
0x00007ff9de620000 - 0x00007ff9de68a000 	C:\WINDOWS\system32\mswsock.dll
0x00007ff9d55f0000 - 0x00007ff9d5602000 	C:\Program Files\Java\jdk-11.0.11\bin\nio.dll
0x00007ff9d5a50000 - 0x00007ff9d5a59000 	C:\Program Files\Java\jdk-11.0.11\bin\management_agent.dll
0x00007ff9d8400000 - 0x00007ff9d8409000 	C:\Program Files\Java\jdk-11.0.11\bin\management.dll
0x00007ff9d6000000 - 0x00007ff9d600b000 	C:\Program Files\Java\jdk-11.0.11\bin\management_ext.dll
0x00007ff9bd380000 - 0x00007ff9bd397000 	C:\WINDOWS\system32\napinsp.dll
0x00007ff9bca90000 - 0x00007ff9bcaab000 	C:\WINDOWS\system32\pnrpnsp.dll
0x00007ff9d95e0000 - 0x00007ff9d95f5000 	C:\WINDOWS\system32\wshbth.dll
0x00007ff9da240000 - 0x00007ff9da25d000 	C:\WINDOWS\system32\NLAapi.dll
0x00007ff9de330000 - 0x00007ff9de36b000 	C:\WINDOWS\SYSTEM32\IPHLPAPI.DLL
0x00007ff9de370000 - 0x00007ff9de43b000 	C:\WINDOWS\SYSTEM32\DNSAPI.dll
0x00007ff9e16c0000 - 0x00007ff9e16c8000 	C:\WINDOWS\System32\NSI.dll
0x00007ff9bca70000 - 0x00007ff9bca82000 	C:\WINDOWS\System32\winrnr.dll
0x00007ff9d3520000 - 0x00007ff9d352a000 	C:\Windows\System32\rasadhlp.dll
0x00007ff9c95c0000 - 0x00007ff9c963f000 	C:\WINDOWS\System32\fwpuclnt.dll
0x00007ff9defa0000 - 0x00007ff9defc7000 	C:\WINDOWS\System32\bcrypt.dll
0x00007ff9de8e0000 - 0x00007ff9de8f8000 	C:\WINDOWS\SYSTEM32\CRYPTSP.dll
0x00007ff9ddfc0000 - 0x00007ff9ddff4000 	C:\WINDOWS\system32\rsaenh.dll
0x00007ff9dee60000 - 0x00007ff9dee8e000 	C:\WINDOWS\SYSTEM32\USERENV.dll
0x00007ff9de7b0000 - 0x00007ff9de7bc000 	C:\WINDOWS\SYSTEM32\CRYPTBASE.dll
0x00007ff9d6bd0000 - 0x00007ff9d6be7000 	C:\WINDOWS\SYSTEM32\dhcpcsvc6.DLL
0x00007ff9d6bb0000 - 0x00007ff9d6bcd000 	C:\WINDOWS\SYSTEM32\dhcpcsvc.DLL
0x0000000180000000 - 0x0000000180286000 	D:\apache-tomcat-9.0.45\bin\tcnative-1.dll
0x00007ff9defd0000 - 0x00007ff9df126000 	C:\WINDOWS\System32\CRYPT32.dll
0x00007ff9d55e0000 - 0x00007ff9d55ed000 	C:\Program Files\Java\jdk-11.0.11\bin\sunmscapi.dll
0x00007ff9dea60000 - 0x00007ff9dea87000 	C:\WINDOWS\SYSTEM32\ncrypt.dll
0x00007ff9dea20000 - 0x00007ff9dea5b000 	C:\WINDOWS\SYSTEM32\NTASN1.dll
0x00007ff9c90f0000 - 0x00007ff9c9115000 	C:\Program Files\Java\jdk-11.0.11\bin\sunec.dll

dbghelp: loaded successfully - version: 4.0.5 - missing functions: none
symbol engine: initialized successfully - sym options: 0x614 - pdb path: .;C:\Program Files\Java\jdk-11.0.11\bin;C:\WINDOWS\SYSTEM32;C:\WINDOWS\WinSxS\amd64_microsoft.windows.common-controls_6595b64144ccf1df_6.0.19041.1110_none_60b5254171f9507e;C:\Program Files\Java\jdk-11.0.11\bin\server;D:\apache-tomcat-9.0.45\bin

VM Arguments:
jvm_args: --add-opens=java.base/java.lang=ALL-UNNAMED --add-opens=java.base/java.io=ALL-UNNAMED --add-opens=java.base/java.util=ALL-UNNAMED --add-opens=java.base/java.util.concurrent=ALL-UNNAMED --add-opens=java.rmi/sun.rmi.transport=ALL-UNNAMED -Djava.util.logging.config.file=C:\Users\cyh12\AppData\Local\JetBrains\IntelliJIdea2021.1\tomcat\b6b2fda9-fe3e-485c-ac22-2db6060a4908\conf\logging.properties -Djava.util.logging.manager=org.apache.juli.ClassLoaderLogManager -Dcom.sun.management.jmxremote= -Dcom.sun.management.jmxremote.port=1099 -Dcom.sun.management.jmxremote.ssl=false -Dcom.sun.management.jmxremote.password.file=C:\Users\cyh12\AppData\Local\JetBrains\IntelliJIdea2021.1\tomcat\b6b2fda9-fe3e-485c-ac22-2db6060a4908\jmxremote.password -Dcom.sun.management.jmxremote.access.file=C:\Users\cyh12\AppData\Local\JetBrains\IntelliJIdea2021.1\tomcat\b6b2fda9-fe3e-485c-ac22-2db6060a4908\jmxremote.access -Djava.rmi.server.hostname=127.0.0.1 -Djdk.tls.ephemeralDHKeySize=2048 -Djava.protocol.handler.pkgs=org.apache.catalina.webresources -Dignore.endorsed.dirs= -Dcatalina.base=C:\Users\cyh12\AppData\Local\JetBrains\IntelliJIdea2021.1\tomcat\b6b2fda9-fe3e-485c-ac22-2db6060a4908 -Dcatalina.home=D:\apache-tomcat-9.0.45 -Djava.io.tmpdir=D:\apache-tomcat-9.0.45\temp 
java_command: org.apache.catalina.startup.Bootstrap start
java_class_path (initial): D:\apache-tomcat-9.0.45\bin\bootstrap.jar;D:\apache-tomcat-9.0.45\bin\tomcat-juli.jar
Launcher Type: SUN_STANDARD

[Global flags]
     intx CICompilerCount                          = 4                                         {product} {ergonomic}
     uint ConcGCThreads                            = 2                                         {product} {ergonomic}
     uint G1ConcRefinementThreads                  = 8                                         {product} {ergonomic}
   size_t G1HeapRegionSize                         = 1048576                                   {product} {ergonomic}
    uintx GCDrainStackTargetSize                   = 64                                        {product} {ergonomic}
   size_t InitialHeapSize                          = 400556032                                 {product} {ergonomic}
     bool ManagementServer                         = true                                      {product} {command line}
   size_t MarkStackSize                            = 4194304                                   {product} {ergonomic}
   size_t MaxHeapSize                              = 6408896512                                {product} {ergonomic}
   size_t MaxNewSize                               = 3845128192                                {product} {ergonomic}
   size_t MinHeapDeltaBytes                        = 1048576                                   {product} {ergonomic}
    uintx NonNMethodCodeHeapSize                   = 5836300                                {pd product} {ergonomic}
    uintx NonProfiledCodeHeapSize                  = 122910970                              {pd product} {ergonomic}
    uintx ProfiledCodeHeapSize                     = 122910970                              {pd product} {ergonomic}
    uintx ReservedCodeCacheSize                    = 251658240                              {pd product} {ergonomic}
     bool SegmentedCodeCache                       = true                                      {product} {ergonomic}
     bool UseCompressedClassPointers               = true                                 {lp64_product} {ergonomic}
     bool UseCompressedOops                        = true                                 {lp64_product} {ergonomic}
     bool UseG1GC                                  = true                                      {product} {ergonomic}
     bool UseLargePagesIndividualAllocation        = false                                  {pd product} {ergonomic}

Logging:
Log output configuration:
 #0: stdout all=warning uptime,level,tags
 #1: stderr all=off uptime,level,tags

Environment Variables:
JAVA_HOME=C:\Program Files\Java\jdk-11.0.11
JRE_HOME=C:\Program Files\Java\jdk-11.0.11
CLASSPATH=D:\apache-tomcat-9.0.45\bin\bootstrap.jar;D:\apache-tomcat-9.0.45\bin\tomcat-juli.jar
PATH=D:\Anaconda3;D:\Anaconda3\Library\mingw-w64\bin;D:\Anaconda3\Library\usr\bin;D:\Anaconda3\Library\bin;D:\Anaconda3\Scripts;D:\app\cyh12\product\11.2.0\dbhome_1\bin;D:\Program Files\Java\jdk-15.0.1\bin;C:\Program Files\Common Files\Oracle\Java\javapath;C:\Program Files (x86)\NAT Service;C:\Program Files (x86)\Common Files\Oracle\Java\javapath;C:\WINDOWS\system32;C:\WINDOWS;C:\WINDOWS\System32\Wbem;C:\WINDOWS\System32\WindowsPowerShell\v1.0\;C:\WINDOWS\System32\OpenSSH\;C:\Program Files (x86)\NVIDIA Corporation\PhysX\Common;C:\Program Files\NVIDIA Corporation\NVIDIA NvDLISR;C:\Program Files (x86)\command;C:\WINDOWS\system32;C:\WINDOWS;C:\WINDOWS\System32\Wbem;C:\WINDOWS\System32\WindowsPowerShell\v1.0\;C:\WINDOWS\System32\OpenSSH\;C:\Program Files\dotnet\;C:\Program Files\Microsoft SQL Server\130\Tools\Binn\;C:\Program Files\Microsoft SQL Server\Client SDK\ODBC\170\Tools\Binn\;D:\Program Files\Git\cmd;C:\dev\local\cmder;D:\Program Files\nodejs\;D:\gradle-6.7.1\bin;D:\mongodb\bin;D:\Program Files\Java\jdk-15.0.1\bin;D:\Program Files\Java\apache-maven-3.8.4-bin\apache-maven-3.8.4\bin;C:\Ruby27-x64\bin;C:\Users\cyh12\AppData\Local\Programs\Python\Python39\Scripts\;C:\Users\cyh12\AppData\Local\Programs\Python\Python39\;D:\Program Files\Java\jdk1.8.0_201\bin;C:\Users\cyh12\AppData\Local\Microsoft\WindowsApps;D:\Microsoft VS Code\bin;D:\Program Files\Bandizip\;D:\flutter\bin;D:\Program Files\JetBrains\IntelliJ IDEA Community Edition 2020.1.1\bin;D:\Program Files\JetBrains\PyCharm Community Edition 2020.2.3\bin;C:\venvs;C:\Users\cyh12\.dotnet\tools;C:\Users\cyh12\AppData\Local\atom\bin;C:\Program Files\JetBrains\IntelliJ IDEA 2021.1\bin;;C:\Users\cyh12\AppData\Roaming\npm;D:\Program Files (x86)\ALSee\x64
USERNAME=cyh12
OS=Windows_NT
PROCESSOR_IDENTIFIER=Intel64 Family 6 Model 158 Stepping 9, GenuineIntel



---------------  S Y S T E M  ---------------

OS: Windows 10 , 64 bit Build 19041 (10.0.19041.1466)
Hyper-V role detected

CPU:total 8 (initial active 8) (4 cores per cpu, 2 threads per core) family 6 model 158 stepping 9 microcode 0xb4, cmov, cx8, fxsr, mmx, sse, sse2, sse3, ssse3, sse4.1, sse4.2, popcnt, avx, avx2, aes, clmul, erms, 3dnowpref, lzcnt, ht, tsc, tscinvbit, bmi1, bmi2, adx, fma

Memory: 4k page, system-wide physical 24442M (8640M free)
TotalPageFile size 39628M (AvailPageFile size 47M)
current process WorkingSet (physical memory assigned to process): 255M, peak: 293M
current process commit charge ("private bytes"): 531M, peak: 569M

vm_info: Java HotSpot(TM) 64-Bit Server VM (11.0.11+9-LTS-194) for windows-amd64 JRE (11.0.11+9-LTS-194), built on Mar 18 2021 18:46:53 by "mach5one" with MS VC++ 15.9 (VS2017)

END.
