#
# There is insufficient memory for the Java Runtime Environment to continue.
# Native memory allocation (malloc) failed to allocate 1671056 bytes for Chunk::new
# Possible reasons:
#   The system is out of physical RAM or swap space
#   The process is running with CompressedOops enabled, and the Java Heap may be blocking the growth of the native heap
# Possible solutions:
#   Reduce memory load on the system
#   Increase physical memory or swap space
#   Check if swap backing store is full
#   Decrease Java heap size (-Xmx/-Xms)
#   Decrease number of Java threads
#   Decrease Java thread stack sizes (-Xss)
#   Set larger code cache with -XX:ReservedCodeCacheSize=
#   JVM is running with Zero Based Compressed Oops mode in which the Java heap is
#     placed in the first 32GB address space. The Java Heap base address is the
#     maximum limit for the native heap growth. Please use -XX:HeapBaseMinAddress
#     to set the Java Heap base and to place the Java Heap above 32GB virtual address.
# This output file may be truncated or incomplete.
#
#  Out of Memory Error (./open/src/hotspot/share/memory/arena.cpp:197), pid=652, tid=23196
#
# JRE version: Java(TM) SE Runtime Environment 18.9 (11.0.11+9) (build 11.0.11+9-LTS-194)
# Java VM: Java HotSpot(TM) 64-Bit Server VM 18.9 (11.0.11+9-LTS-194, mixed mode, tiered, compressed oops, g1 gc, windows-amd64)
# No core dump will be written. Minidumps are not enabled by default on client versions of Windows
#

---------------  S U M M A R Y ------------

Command Line: --add-opens=java.base/java.lang=ALL-UNNAMED --add-opens=java.base/java.io=ALL-UNNAMED --add-opens=java.base/java.util=ALL-UNNAMED --add-opens=java.base/java.util.concurrent=ALL-UNNAMED --add-opens=java.rmi/sun.rmi.transport=ALL-UNNAMED -Djava.util.logging.config.file=C:\Users\cyh12\AppData\Local\JetBrains\IntelliJIdea2021.1\tomcat\b6b2fda9-fe3e-485c-ac22-2db6060a4908\conf\logging.properties -Djava.util.logging.manager=org.apache.juli.ClassLoaderLogManager -Dcom.sun.management.jmxremote= -Dcom.sun.management.jmxremote.port=1099 -Dcom.sun.management.jmxremote.ssl=false -Dcom.sun.management.jmxremote.password.file=C:\Users\cyh12\AppData\Local\JetBrains\IntelliJIdea2021.1\tomcat\b6b2fda9-fe3e-485c-ac22-2db6060a4908\jmxremote.password -Dcom.sun.management.jmxremote.access.file=C:\Users\cyh12\AppData\Local\JetBrains\IntelliJIdea2021.1\tomcat\b6b2fda9-fe3e-485c-ac22-2db6060a4908\jmxremote.access -Djava.rmi.server.hostname=127.0.0.1 -Djdk.tls.ephemeralDHKeySize=2048 -Djava.protocol.handler.pkgs=org.apache.catalina.webresources -Dignore.endorsed.dirs= -Dcatalina.base=C:\Users\cyh12\AppData\Local\JetBrains\IntelliJIdea2021.1\tomcat\b6b2fda9-fe3e-485c-ac22-2db6060a4908 -Dcatalina.home=D:\apache-tomcat-9.0.45 -Djava.io.tmpdir=D:\apache-tomcat-9.0.45\temp org.apache.catalina.startup.Bootstrap start

Host: Intel(R) Core(TM) i7-7700HQ CPU @ 2.80GHz, 8 cores, 23G,  Windows 10 , 64 bit Build 19041 (10.0.19041.1466)
Time: Wed Feb  9 02:16:55 2022 대한민국 표준시 elapsed time: 7.856658 seconds (0d 0h 0m 7s)

---------------  T H R E A D  ---------------

Current thread (0x000001c68e8dc800):  JavaThread "C2 CompilerThread0" daemon [_thread_in_native, id=23196, stack(0x00000019b8f00000,0x00000019b9000000)]


Current CompileTask:
C2:   7856 2749   !   4       org.apache.catalina.startup.ContextConfig::populateJavaClassCache (252 bytes)

Stack: [0x00000019b8f00000,0x00000019b9000000]
Native frames: (J=compiled Java code, j=interpreted, Vv=VM code, C=native code)
V  [jvm.dll+0x616f2a]
V  [jvm.dll+0x74de7f]
V  [jvm.dll+0x74f505]
V  [jvm.dll+0x74fb83]
V  [jvm.dll+0x2436d8]
V  [jvm.dll+0xba68c]
V  [jvm.dll+0xbad8c]
V  [jvm.dll+0x2b3ee4]
V  [jvm.dll+0x52c0f6]
V  [jvm.dll+0x20506d]
V  [jvm.dll+0x1ff0aa]
V  [jvm.dll+0x1fc10f]
V  [jvm.dll+0x17f0bc]
V  [jvm.dll+0x20b68c]
V  [jvm.dll+0x20978b]
V  [jvm.dll+0x7152c9]
V  [jvm.dll+0x70dfc4]
V  [jvm.dll+0x6160f6]
C  [ucrtbase.dll+0x21bb2]
C  [KERNEL32.DLL+0x17034]
C  [ntdll.dll+0x52651]


---------------  P R O C E S S  ---------------

Threads class SMR info:
_java_thread_list=0x000001c6900e0480, length=36, elements={
0x000001c6e5740000, 0x000001c68e834000, 0x000001c68e872000, 0x000001c68e8d9000,
0x000001c68e8db000, 0x000001c68e8dc800, 0x000001c68e8e0000, 0x000001c68e8e7800,
0x000001c68e9f6000, 0x000001c68ecb3000, 0x000001c68ec4d800, 0x000001c68ed1f800,
0x000001c68f0eb000, 0x000001c68f1d6800, 0x000001c68fbd2000, 0x000001c68f2fe800,
0x000001c68fdba800, 0x000001c68fb25000, 0x000001c68fe3d000, 0x000001c68fda4000,
0x000001c68fda5800, 0x000001c68fda6800, 0x000001c68fda2000, 0x000001c68fda4800,
0x000001c68fda7000, 0x000001c68fda8000, 0x000001c68fda8800, 0x000001c68fda3000,
0x000001c6902de800, 0x000001c6902db800, 0x000001c6902dd800, 0x000001c6902dc000,
0x000001c6902dd000, 0x000001c6902df800, 0x000001c691881800, 0x000001c690223000
}

Java Threads: ( => current thread )
  0x000001c6e5740000 JavaThread "main" [_thread_in_native, id=18824, stack(0x00000019b8400000,0x00000019b8500000)]
  0x000001c68e834000 JavaThread "Reference Handler" daemon [_thread_blocked, id=30948, stack(0x00000019b8b00000,0x00000019b8c00000)]
  0x000001c68e872000 JavaThread "Finalizer" daemon [_thread_blocked, id=37592, stack(0x00000019b8c00000,0x00000019b8d00000)]
  0x000001c68e8d9000 JavaThread "Signal Dispatcher" daemon [_thread_blocked, id=26652, stack(0x00000019b8d00000,0x00000019b8e00000)]
  0x000001c68e8db000 JavaThread "Attach Listener" daemon [_thread_blocked, id=16172, stack(0x00000019b8e00000,0x00000019b8f00000)]
=>0x000001c68e8dc800 JavaThread "C2 CompilerThread0" daemon [_thread_in_native, id=23196, stack(0x00000019b8f00000,0x00000019b9000000)]
  0x000001c68e8e0000 JavaThread "C1 CompilerThread0" daemon [_thread_blocked, id=17876, stack(0x00000019b9000000,0x00000019b9100000)]
  0x000001c68e8e7800 JavaThread "Sweeper thread" daemon [_thread_blocked, id=28924, stack(0x00000019b9100000,0x00000019b9200000)]
  0x000001c68e9f6000 JavaThread "Common-Cleaner" daemon [_thread_blocked, id=16532, stack(0x00000019b9200000,0x00000019b9300000)]
  0x000001c68ecb3000 JavaThread "Service Thread" daemon [_thread_blocked, id=42836, stack(0x00000019b9400000,0x00000019b9500000)]
  0x000001c68ec4d800 JavaThread "AsyncFileHandlerWriter-1166726978" daemon [_thread_blocked, id=32484, stack(0x00000019b9300000,0x00000019b9400000)]
  0x000001c68ed1f800 JavaThread "FileHandlerLogFilesCleaner-1" daemon [_thread_blocked, id=46000, stack(0x00000019b9500000,0x00000019b9600000)]
  0x000001c68f0eb000 JavaThread "RMI TCP Accept-0" daemon [_thread_in_native, id=14532, stack(0x00000019b9700000,0x00000019b9800000)]
  0x000001c68f1d6800 JavaThread "RMI TCP Accept-1099" daemon [_thread_in_native, id=10368, stack(0x00000019b9800000,0x00000019b9900000)]
  0x000001c68fbd2000 JavaThread "RMI TCP Accept-0" daemon [_thread_in_native, id=30632, stack(0x00000019b9900000,0x00000019b9a00000)]
  0x000001c68f2fe800 JavaThread "RMI TCP Connection(2)-127.0.0.1" daemon [_thread_in_native, id=37456, stack(0x00000019b9b00000,0x00000019b9c00000)]
  0x000001c68fdba800 JavaThread "RMI Scheduler(0)" daemon [_thread_blocked, id=24156, stack(0x00000019b9c00000,0x00000019b9d00000)]
  0x000001c68fb25000 JavaThread "RMI TCP Connection(3)-127.0.0.1" daemon [_thread_in_Java, id=11912, stack(0x00000019b9d00000,0x00000019b9e00000)]
  0x000001c68fe3d000 JavaThread "http-nio-80-BlockPoller" daemon [_thread_in_native, id=17744, stack(0x00000019baa00000,0x00000019bab00000)]
  0x000001c68fda4000 JavaThread "Catalina-utility-1" [_thread_blocked, id=19760, stack(0x00000019ba900000,0x00000019baa00000)]
  0x000001c68fda5800 JavaThread "Catalina-utility-2" [_thread_blocked, id=37516, stack(0x00000019bab00000,0x00000019bac00000)]
  0x000001c68fda6800 JavaThread "http-nio-80-exec-1" daemon [_thread_blocked, id=34176, stack(0x00000019bac00000,0x00000019bad00000)]
  0x000001c68fda2000 JavaThread "http-nio-80-exec-2" daemon [_thread_blocked, id=38216, stack(0x00000019bad00000,0x00000019bae00000)]
  0x000001c68fda4800 JavaThread "http-nio-80-exec-3" daemon [_thread_blocked, id=43396, stack(0x00000019bae00000,0x00000019baf00000)]
  0x000001c68fda7000 JavaThread "http-nio-80-exec-4" daemon [_thread_blocked, id=15784, stack(0x00000019baf00000,0x00000019bb000000)]
  0x000001c68fda8000 JavaThread "http-nio-80-exec-5" daemon [_thread_blocked, id=32304, stack(0x00000019bb000000,0x00000019bb100000)]
  0x000001c68fda8800 JavaThread "http-nio-80-exec-6" daemon [_thread_blocked, id=19684, stack(0x00000019bb100000,0x00000019bb200000)]
  0x000001c68fda3000 JavaThread "http-nio-80-exec-7" daemon [_thread_blocked, id=33992, stack(0x00000019bb200000,0x00000019bb300000)]
  0x000001c6902de800 JavaThread "http-nio-80-exec-8" daemon [_thread_blocked, id=3716, stack(0x00000019bb300000,0x00000019bb400000)]
  0x000001c6902db800 JavaThread "http-nio-80-exec-9" daemon [_thread_blocked, id=36040, stack(0x00000019bb400000,0x00000019bb500000)]
  0x000001c6902dd800 JavaThread "http-nio-80-exec-10" daemon [_thread_blocked, id=17888, stack(0x00000019bb500000,0x00000019bb600000)]
  0x000001c6902dc000 JavaThread "http-nio-80-ClientPoller" daemon [_thread_in_native, id=37368, stack(0x00000019bb600000,0x00000019bb700000)]
  0x000001c6902dd000 JavaThread "http-nio-80-Acceptor" daemon [_thread_in_native, id=14056, stack(0x00000019bb700000,0x00000019bb800000)]
  0x000001c6902df800 JavaThread "JMX server connection timeout 44" daemon [_thread_blocked, id=28964, stack(0x00000019b9600000,0x00000019b9700000)]
  0x000001c691881800 JavaThread "C2 CompilerThread1" daemon [_thread_in_native, id=33004, stack(0x00000019b9e00000,0x00000019b9f00000)]
  0x000001c690223000 JavaThread "C2 CompilerThread2" daemon [_thread_in_native, id=44648, stack(0x00000019bb800000,0x00000019bb900000)]

Other Threads:
  0x000001c68e868800 VMThread "VM Thread" [stack: 0x00000019b8a00000,0x00000019b8b00000] [id=23184]
  0x000001c68f2fd800 WatcherThread [stack: 0x00000019b9a00000,0x00000019b9b00000] [id=43332]
  0x000001c6e5756000 GCTaskThread "GC Thread#0" [stack: 0x00000019b8500000,0x00000019b8600000] [id=45256]
  0x000001c690109800 GCTaskThread "GC Thread#1" [stack: 0x00000019b9f00000,0x00000019ba000000] [id=44468]
  0x000001c68fe43000 GCTaskThread "GC Thread#2" [stack: 0x00000019ba000000,0x00000019ba100000] [id=42904]
  0x000001c68fe43800 GCTaskThread "GC Thread#3" [stack: 0x00000019ba100000,0x00000019ba200000] [id=23076]
  0x000001c68ff68800 GCTaskThread "GC Thread#4" [stack: 0x00000019ba200000,0x00000019ba300000] [id=31024]
  0x000001c68ff69000 GCTaskThread "GC Thread#5" [stack: 0x00000019ba300000,0x00000019ba400000] [id=4832]
  0x000001c68ff72800 GCTaskThread "GC Thread#6" [stack: 0x00000019ba400000,0x00000019ba500000] [id=16688]
  0x000001c68ff73000 GCTaskThread "GC Thread#7" [stack: 0x00000019ba500000,0x00000019ba600000] [id=33660]
  0x000001c6e57de800 ConcurrentGCThread "G1 Main Marker" [stack: 0x00000019b8600000,0x00000019b8700000] [id=12532]
  0x000001c6e57df800 ConcurrentGCThread "G1 Conc#0" [stack: 0x00000019b8700000,0x00000019b8800000] [id=34660]
  0x000001c68fe7d800 ConcurrentGCThread "G1 Conc#1" [stack: 0x00000019ba800000,0x00000019ba900000] [id=36344]
  0x000001c6ff835800 ConcurrentGCThread "G1 Refine#0" [stack: 0x00000019b8800000,0x00000019b8900000] [id=10200]
  0x000001c68ee06800 ConcurrentGCThread "G1 Refine#1" [stack: 0x00000019ba600000,0x00000019ba700000] [id=32272]
  0x000001c68fa6d800 ConcurrentGCThread "G1 Refine#2" [stack: 0x00000019ba700000,0x00000019ba800000] [id=11464]
  0x000001c6ff836800 ConcurrentGCThread "G1 Young RemSet Sampling" [stack: 0x00000019b8900000,0x00000019b8a00000] [id=31640]

Threads with active compile tasks:
C2 CompilerThread0   7919 2749   !   4       org.apache.catalina.startup.ContextConfig::populateJavaClassCache (252 bytes)
C2 CompilerThread1   7920 2766       4       org.apache.catalina.startup.ContextConfig::populateJavaClassCache (78 bytes)
C2 CompilerThread2   7920 2784       4       org.apache.catalina.startup.ContextConfig::populateSCIsForCacheEntry (202 bytes)

VM state:not at safepoint (normal execution)

VM Mutex/Monitor currently owned by a thread: None

Heap address: 0x0000000682000000, size: 6112 MB, Compressed Oops mode: Zero based, Oop shift amount: 3
Narrow klass base: 0x0000000800000000, Narrow klass shift: 0
Compressed class space size: 1073741824 Address: 0x0000000800000000

Heap:
 garbage-first heap   total 391168K, used 121083K [0x0000000682000000, 0x0000000800000000)
  region size 1024K, 115 young (117760K), 5 survivors (5120K)
 Metaspace       used 23436K, capacity 24255K, committed 24496K, reserved 1071104K
  class space    used 2417K, capacity 2783K, committed 2816K, reserved 1048576K
Heap Regions: E=young(eden), S=young(survivor), O=old, HS=humongous(starts), HC=humongous(continues), CS=collection set, F=free, A=archive, TAMS=top-at-mark-start (previous, next)
|   0|0x0000000682000000, 0x0000000682100000, 0x0000000682100000|100%| O|  |TAMS 0x0000000682100000, 0x0000000682000000| Untracked 
|   1|0x0000000682100000, 0x0000000682200000, 0x0000000682200000|100%| O|  |TAMS 0x0000000682200000, 0x0000000682100000| Untracked 
|   2|0x0000000682200000, 0x0000000682300000, 0x0000000682300000|100%| O|  |TAMS 0x0000000682300000, 0x0000000682200000| Untracked 
|   3|0x0000000682300000, 0x0000000682400000, 0x0000000682400000|100%| O|  |TAMS 0x0000000682400000, 0x0000000682300000| Untracked 
|   4|0x0000000682400000, 0x0000000682500000, 0x0000000682500000|100%| O|  |TAMS 0x0000000682500000, 0x0000000682400000| Untracked 
|   5|0x0000000682500000, 0x0000000682553e00, 0x0000000682600000| 32%| O|  |TAMS 0x0000000682553e00, 0x0000000682500000| Untracked 
|   6|0x0000000682600000, 0x0000000682600000, 0x0000000682700000|  0%| F|  |TAMS 0x0000000682600000, 0x0000000682600000| Untracked 
|   7|0x0000000682700000, 0x0000000682700000, 0x0000000682800000|  0%| F|  |TAMS 0x0000000682700000, 0x0000000682700000| Untracked 
|   8|0x0000000682800000, 0x0000000682800000, 0x0000000682900000|  0%| F|  |TAMS 0x0000000682800000, 0x0000000682800000| Untracked 
|   9|0x0000000682900000, 0x0000000682900000, 0x0000000682a00000|  0%| F|  |TAMS 0x0000000682900000, 0x0000000682900000| Untracked 
|  10|0x0000000682a00000, 0x0000000682a00000, 0x0000000682b00000|  0%| F|  |TAMS 0x0000000682a00000, 0x0000000682a00000| Untracked 
|  11|0x0000000682b00000, 0x0000000682b00000, 0x0000000682c00000|  0%| F|  |TAMS 0x0000000682b00000, 0x0000000682b00000| Untracked 
|  12|0x0000000682c00000, 0x0000000682c00000, 0x0000000682d00000|  0%| F|  |TAMS 0x0000000682c00000, 0x0000000682c00000| Untracked 
|  13|0x0000000682d00000, 0x0000000682d00000, 0x0000000682e00000|  0%| F|  |TAMS 0x0000000682d00000, 0x0000000682d00000| Untracked 
|  14|0x0000000682e00000, 0x0000000682e00000, 0x0000000682f00000|  0%| F|  |TAMS 0x0000000682e00000, 0x0000000682e00000| Untracked 
|  15|0x0000000682f00000, 0x0000000682f00000, 0x0000000683000000|  0%| F|  |TAMS 0x0000000682f00000, 0x0000000682f00000| Untracked 
|  16|0x0000000683000000, 0x0000000683000000, 0x0000000683100000|  0%| F|  |TAMS 0x0000000683000000, 0x0000000683000000| Untracked 
|  17|0x0000000683100000, 0x0000000683100000, 0x0000000683200000|  0%| F|  |TAMS 0x0000000683100000, 0x0000000683100000| Untracked 
|  18|0x0000000683200000, 0x0000000683200000, 0x0000000683300000|  0%| F|  |TAMS 0x0000000683200000, 0x0000000683200000| Untracked 
|  19|0x0000000683300000, 0x0000000683300000, 0x0000000683400000|  0%| F|  |TAMS 0x0000000683300000, 0x0000000683300000| Untracked 
|  20|0x0000000683400000, 0x0000000683400000, 0x0000000683500000|  0%| F|  |TAMS 0x0000000683400000, 0x0000000683400000| Untracked 
|  21|0x0000000683500000, 0x0000000683500000, 0x0000000683600000|  0%| F|  |TAMS 0x0000000683500000, 0x0000000683500000| Untracked 
|  22|0x0000000683600000, 0x0000000683600000, 0x0000000683700000|  0%| F|  |TAMS 0x0000000683600000, 0x0000000683600000| Untracked 
|  23|0x0000000683700000, 0x0000000683700000, 0x0000000683800000|  0%| F|  |TAMS 0x0000000683700000, 0x0000000683700000| Untracked 
|  24|0x0000000683800000, 0x0000000683800000, 0x0000000683900000|  0%| F|  |TAMS 0x0000000683800000, 0x0000000683800000| Untracked 
|  25|0x0000000683900000, 0x0000000683900000, 0x0000000683a00000|  0%| F|  |TAMS 0x0000000683900000, 0x0000000683900000| Untracked 
|  26|0x0000000683a00000, 0x0000000683a00000, 0x0000000683b00000|  0%| F|  |TAMS 0x0000000683a00000, 0x0000000683a00000| Untracked 
|  27|0x0000000683b00000, 0x0000000683b00000, 0x0000000683c00000|  0%| F|  |TAMS 0x0000000683b00000, 0x0000000683b00000| Untracked 
|  28|0x0000000683c00000, 0x0000000683c00000, 0x0000000683d00000|  0%| F|  |TAMS 0x0000000683c00000, 0x0000000683c00000| Untracked 
|  29|0x0000000683d00000, 0x0000000683d00000, 0x0000000683e00000|  0%| F|  |TAMS 0x0000000683d00000, 0x0000000683d00000| Untracked 
|  30|0x0000000683e00000, 0x0000000683e00000, 0x0000000683f00000|  0%| F|  |TAMS 0x0000000683e00000, 0x0000000683e00000| Untracked 
|  31|0x0000000683f00000, 0x0000000683f00000, 0x0000000684000000|  0%| F|  |TAMS 0x0000000683f00000, 0x0000000683f00000| Untracked 
|  32|0x0000000684000000, 0x0000000684000000, 0x0000000684100000|  0%| F|  |TAMS 0x0000000684000000, 0x0000000684000000| Untracked 
|  33|0x0000000684100000, 0x0000000684100000, 0x0000000684200000|  0%| F|  |TAMS 0x0000000684100000, 0x0000000684100000| Untracked 
|  34|0x0000000684200000, 0x0000000684200000, 0x0000000684300000|  0%| F|  |TAMS 0x0000000684200000, 0x0000000684200000| Untracked 
|  35|0x0000000684300000, 0x0000000684300000, 0x0000000684400000|  0%| F|  |TAMS 0x0000000684300000, 0x0000000684300000| Untracked 
|  36|0x0000000684400000, 0x0000000684400000, 0x0000000684500000|  0%| F|  |TAMS 0x0000000684400000, 0x0000000684400000| Untracked 
|  37|0x0000000684500000, 0x0000000684500000, 0x0000000684600000|  0%| F|  |TAMS 0x0000000684500000, 0x0000000684500000| Untracked 
|  38|0x0000000684600000, 0x0000000684600000, 0x0000000684700000|  0%| F|  |TAMS 0x0000000684600000, 0x0000000684600000| Untracked 
|  39|0x0000000684700000, 0x0000000684700000, 0x0000000684800000|  0%| F|  |TAMS 0x0000000684700000, 0x0000000684700000| Untracked 
|  40|0x0000000684800000, 0x0000000684800000, 0x0000000684900000|  0%| F|  |TAMS 0x0000000684800000, 0x0000000684800000| Untracked 
|  41|0x0000000684900000, 0x0000000684900000, 0x0000000684a00000|  0%| F|  |TAMS 0x0000000684900000, 0x0000000684900000| Untracked 
|  42|0x0000000684a00000, 0x0000000684a00000, 0x0000000684b00000|  0%| F|  |TAMS 0x0000000684a00000, 0x0000000684a00000| Untracked 
|  43|0x0000000684b00000, 0x0000000684b00000, 0x0000000684c00000|  0%| F|  |TAMS 0x0000000684b00000, 0x0000000684b00000| Untracked 
|  44|0x0000000684c00000, 0x0000000684c00000, 0x0000000684d00000|  0%| F|  |TAMS 0x0000000684c00000, 0x0000000684c00000| Untracked 
|  45|0x0000000684d00000, 0x0000000684d00000, 0x0000000684e00000|  0%| F|  |TAMS 0x0000000684d00000, 0x0000000684d00000| Untracked 
|  46|0x0000000684e00000, 0x0000000684e00000, 0x0000000684f00000|  0%| F|  |TAMS 0x0000000684e00000, 0x0000000684e00000| Untracked 
|  47|0x0000000684f00000, 0x0000000684f00000, 0x0000000685000000|  0%| F|  |TAMS 0x0000000684f00000, 0x0000000684f00000| Untracked 
|  48|0x0000000685000000, 0x0000000685000000, 0x0000000685100000|  0%| F|  |TAMS 0x0000000685000000, 0x0000000685000000| Untracked 
|  49|0x0000000685100000, 0x0000000685100000, 0x0000000685200000|  0%| F|  |TAMS 0x0000000685100000, 0x0000000685100000| Untracked 
|  50|0x0000000685200000, 0x0000000685200000, 0x0000000685300000|  0%| F|  |TAMS 0x0000000685200000, 0x0000000685200000| Untracked 
|  51|0x0000000685300000, 0x0000000685300000, 0x0000000685400000|  0%| F|  |TAMS 0x0000000685300000, 0x0000000685300000| Untracked 
|  52|0x0000000685400000, 0x0000000685400000, 0x0000000685500000|  0%| F|  |TAMS 0x0000000685400000, 0x0000000685400000| Untracked 
|  53|0x0000000685500000, 0x0000000685500000, 0x0000000685600000|  0%| F|  |TAMS 0x0000000685500000, 0x0000000685500000| Untracked 
|  54|0x0000000685600000, 0x0000000685600000, 0x0000000685700000|  0%| F|  |TAMS 0x0000000685600000, 0x0000000685600000| Untracked 
|  55|0x0000000685700000, 0x0000000685700000, 0x0000000685800000|  0%| F|  |TAMS 0x0000000685700000, 0x0000000685700000| Untracked 
|  56|0x0000000685800000, 0x0000000685800000, 0x0000000685900000|  0%| F|  |TAMS 0x0000000685800000, 0x0000000685800000| Untracked 
|  57|0x0000000685900000, 0x0000000685900000, 0x0000000685a00000|  0%| F|  |TAMS 0x0000000685900000, 0x0000000685900000| Untracked 
|  58|0x0000000685a00000, 0x0000000685a00000, 0x0000000685b00000|  0%| F|  |TAMS 0x0000000685a00000, 0x0000000685a00000| Untracked 
|  59|0x0000000685b00000, 0x0000000685b00000, 0x0000000685c00000|  0%| F|  |TAMS 0x0000000685b00000, 0x0000000685b00000| Untracked 
|  60|0x0000000685c00000, 0x0000000685c00000, 0x0000000685d00000|  0%| F|  |TAMS 0x0000000685c00000, 0x0000000685c00000| Untracked 
|  61|0x0000000685d00000, 0x0000000685d00000, 0x0000000685e00000|  0%| F|  |TAMS 0x0000000685d00000, 0x0000000685d00000| Untracked 
|  62|0x0000000685e00000, 0x0000000685e00000, 0x0000000685f00000|  0%| F|  |TAMS 0x0000000685e00000, 0x0000000685e00000| Untracked 
|  63|0x0000000685f00000, 0x0000000685f00000, 0x0000000686000000|  0%| F|  |TAMS 0x0000000685f00000, 0x0000000685f00000| Untracked 
|  64|0x0000000686000000, 0x0000000686000000, 0x0000000686100000|  0%| F|  |TAMS 0x0000000686000000, 0x0000000686000000| Untracked 
|  65|0x0000000686100000, 0x0000000686100000, 0x0000000686200000|  0%| F|  |TAMS 0x0000000686100000, 0x0000000686100000| Untracked 
|  66|0x0000000686200000, 0x0000000686200000, 0x0000000686300000|  0%| F|  |TAMS 0x0000000686200000, 0x0000000686200000| Untracked 
|  67|0x0000000686300000, 0x0000000686300000, 0x0000000686400000|  0%| F|  |TAMS 0x0000000686300000, 0x0000000686300000| Untracked 
|  68|0x0000000686400000, 0x0000000686400000, 0x0000000686500000|  0%| F|  |TAMS 0x0000000686400000, 0x0000000686400000| Untracked 
|  69|0x0000000686500000, 0x0000000686500000, 0x0000000686600000|  0%| F|  |TAMS 0x0000000686500000, 0x0000000686500000| Untracked 
|  70|0x0000000686600000, 0x0000000686600000, 0x0000000686700000|  0%| F|  |TAMS 0x0000000686600000, 0x0000000686600000| Untracked 
|  71|0x0000000686700000, 0x0000000686700000, 0x0000000686800000|  0%| F|  |TAMS 0x0000000686700000, 0x0000000686700000| Untracked 
|  72|0x0000000686800000, 0x0000000686800000, 0x0000000686900000|  0%| F|  |TAMS 0x0000000686800000, 0x0000000686800000| Untracked 
|  73|0x0000000686900000, 0x0000000686900000, 0x0000000686a00000|  0%| F|  |TAMS 0x0000000686900000, 0x0000000686900000| Untracked 
|  74|0x0000000686a00000, 0x0000000686a00000, 0x0000000686b00000|  0%| F|  |TAMS 0x0000000686a00000, 0x0000000686a00000| Untracked 
|  75|0x0000000686b00000, 0x0000000686b00000, 0x0000000686c00000|  0%| F|  |TAMS 0x0000000686b00000, 0x0000000686b00000| Untracked 
|  76|0x0000000686c00000, 0x0000000686c00000, 0x0000000686d00000|  0%| F|  |TAMS 0x0000000686c00000, 0x0000000686c00000| Untracked 
|  77|0x0000000686d00000, 0x0000000686d00000, 0x0000000686e00000|  0%| F|  |TAMS 0x0000000686d00000, 0x0000000686d00000| Untracked 
|  78|0x0000000686e00000, 0x0000000686e00000, 0x0000000686f00000|  0%| F|  |TAMS 0x0000000686e00000, 0x0000000686e00000| Untracked 
|  79|0x0000000686f00000, 0x0000000686f00000, 0x0000000687000000|  0%| F|  |TAMS 0x0000000686f00000, 0x0000000686f00000| Untracked 
|  80|0x0000000687000000, 0x0000000687000000, 0x0000000687100000|  0%| F|  |TAMS 0x0000000687000000, 0x0000000687000000| Untracked 
|  81|0x0000000687100000, 0x0000000687100000, 0x0000000687200000|  0%| F|  |TAMS 0x0000000687100000, 0x0000000687100000| Untracked 
|  82|0x0000000687200000, 0x0000000687200000, 0x0000000687300000|  0%| F|  |TAMS 0x0000000687200000, 0x0000000687200000| Untracked 
|  83|0x0000000687300000, 0x0000000687300000, 0x0000000687400000|  0%| F|  |TAMS 0x0000000687300000, 0x0000000687300000| Untracked 
|  84|0x0000000687400000, 0x0000000687400000, 0x0000000687500000|  0%| F|  |TAMS 0x0000000687400000, 0x0000000687400000| Untracked 
|  85|0x0000000687500000, 0x0000000687500000, 0x0000000687600000|  0%| F|  |TAMS 0x0000000687500000, 0x0000000687500000| Untracked 
|  86|0x0000000687600000, 0x0000000687600000, 0x0000000687700000|  0%| F|  |TAMS 0x0000000687600000, 0x0000000687600000| Untracked 
|  87|0x0000000687700000, 0x0000000687700000, 0x0000000687800000|  0%| F|  |TAMS 0x0000000687700000, 0x0000000687700000| Untracked 
|  88|0x0000000687800000, 0x0000000687800000, 0x0000000687900000|  0%| F|  |TAMS 0x0000000687800000, 0x0000000687800000| Untracked 
|  89|0x0000000687900000, 0x0000000687900000, 0x0000000687a00000|  0%| F|  |TAMS 0x0000000687900000, 0x0000000687900000| Untracked 
|  90|0x0000000687a00000, 0x0000000687a00000, 0x0000000687b00000|  0%| F|  |TAMS 0x0000000687a00000, 0x0000000687a00000| Untracked 
|  91|0x0000000687b00000, 0x0000000687b00000, 0x0000000687c00000|  0%| F|  |TAMS 0x0000000687b00000, 0x0000000687b00000| Untracked 
|  92|0x0000000687c00000, 0x0000000687c00000, 0x0000000687d00000|  0%| F|  |TAMS 0x0000000687c00000, 0x0000000687c00000| Untracked 
|  93|0x0000000687d00000, 0x0000000687d00000, 0x0000000687e00000|  0%| F|  |TAMS 0x0000000687d00000, 0x0000000687d00000| Untracked 
|  94|0x0000000687e00000, 0x0000000687e00000, 0x0000000687f00000|  0%| F|  |TAMS 0x0000000687e00000, 0x0000000687e00000| Untracked 
|  95|0x0000000687f00000, 0x0000000687f00000, 0x0000000688000000|  0%| F|  |TAMS 0x0000000687f00000, 0x0000000687f00000| Untracked 
|  96|0x0000000688000000, 0x0000000688000000, 0x0000000688100000|  0%| F|  |TAMS 0x0000000688000000, 0x0000000688000000| Untracked 
|  97|0x0000000688100000, 0x0000000688100000, 0x0000000688200000|  0%| F|  |TAMS 0x0000000688100000, 0x0000000688100000| Untracked 
|  98|0x0000000688200000, 0x0000000688200000, 0x0000000688300000|  0%| F|  |TAMS 0x0000000688200000, 0x0000000688200000| Untracked 
|  99|0x0000000688300000, 0x0000000688300000, 0x0000000688400000|  0%| F|  |TAMS 0x0000000688300000, 0x0000000688300000| Untracked 
| 100|0x0000000688400000, 0x0000000688400000, 0x0000000688500000|  0%| F|  |TAMS 0x0000000688400000, 0x0000000688400000| Untracked 
| 101|0x0000000688500000, 0x0000000688500000, 0x0000000688600000|  0%| F|  |TAMS 0x0000000688500000, 0x0000000688500000| Untracked 
| 102|0x0000000688600000, 0x0000000688600000, 0x0000000688700000|  0%| F|  |TAMS 0x0000000688600000, 0x0000000688600000| Untracked 
| 103|0x0000000688700000, 0x0000000688700000, 0x0000000688800000|  0%| F|  |TAMS 0x0000000688700000, 0x0000000688700000| Untracked 
| 104|0x0000000688800000, 0x0000000688800000, 0x0000000688900000|  0%| F|  |TAMS 0x0000000688800000, 0x0000000688800000| Untracked 
| 105|0x0000000688900000, 0x0000000688900000, 0x0000000688a00000|  0%| F|  |TAMS 0x0000000688900000, 0x0000000688900000| Untracked 
| 106|0x0000000688a00000, 0x0000000688a00000, 0x0000000688b00000|  0%| F|  |TAMS 0x0000000688a00000, 0x0000000688a00000| Untracked 
| 107|0x0000000688b00000, 0x0000000688b00000, 0x0000000688c00000|  0%| F|  |TAMS 0x0000000688b00000, 0x0000000688b00000| Untracked 
| 108|0x0000000688c00000, 0x0000000688c00000, 0x0000000688d00000|  0%| F|  |TAMS 0x0000000688c00000, 0x0000000688c00000| Untracked 
| 109|0x0000000688d00000, 0x0000000688d00000, 0x0000000688e00000|  0%| F|  |TAMS 0x0000000688d00000, 0x0000000688d00000| Untracked 
| 110|0x0000000688e00000, 0x0000000688e00000, 0x0000000688f00000|  0%| F|  |TAMS 0x0000000688e00000, 0x0000000688e00000| Untracked 
| 111|0x0000000688f00000, 0x0000000688f00000, 0x0000000689000000|  0%| F|  |TAMS 0x0000000688f00000, 0x0000000688f00000| Untracked 
| 112|0x0000000689000000, 0x0000000689000000, 0x0000000689100000|  0%| F|  |TAMS 0x0000000689000000, 0x0000000689000000| Untracked 
| 113|0x0000000689100000, 0x0000000689100000, 0x0000000689200000|  0%| F|  |TAMS 0x0000000689100000, 0x0000000689100000| Untracked 
| 114|0x0000000689200000, 0x0000000689200000, 0x0000000689300000|  0%| F|  |TAMS 0x0000000689200000, 0x0000000689200000| Untracked 
| 115|0x0000000689300000, 0x0000000689300000, 0x0000000689400000|  0%| F|  |TAMS 0x0000000689300000, 0x0000000689300000| Untracked 
| 116|0x0000000689400000, 0x0000000689400000, 0x0000000689500000|  0%| F|  |TAMS 0x0000000689400000, 0x0000000689400000| Untracked 
| 117|0x0000000689500000, 0x0000000689500000, 0x0000000689600000|  0%| F|  |TAMS 0x0000000689500000, 0x0000000689500000| Untracked 
| 118|0x0000000689600000, 0x0000000689600000, 0x0000000689700000|  0%| F|  |TAMS 0x0000000689600000, 0x0000000689600000| Untracked 
| 119|0x0000000689700000, 0x0000000689700000, 0x0000000689800000|  0%| F|  |TAMS 0x0000000689700000, 0x0000000689700000| Untracked 
| 120|0x0000000689800000, 0x0000000689800000, 0x0000000689900000|  0%| F|  |TAMS 0x0000000689800000, 0x0000000689800000| Untracked 
| 121|0x0000000689900000, 0x0000000689900000, 0x0000000689a00000|  0%| F|  |TAMS 0x0000000689900000, 0x0000000689900000| Untracked 
| 122|0x0000000689a00000, 0x0000000689a00000, 0x0000000689b00000|  0%| F|  |TAMS 0x0000000689a00000, 0x0000000689a00000| Untracked 
| 123|0x0000000689b00000, 0x0000000689b00000, 0x0000000689c00000|  0%| F|  |TAMS 0x0000000689b00000, 0x0000000689b00000| Untracked 
| 124|0x0000000689c00000, 0x0000000689c00000, 0x0000000689d00000|  0%| F|  |TAMS 0x0000000689c00000, 0x0000000689c00000| Untracked 
| 125|0x0000000689d00000, 0x0000000689d00000, 0x0000000689e00000|  0%| F|  |TAMS 0x0000000689d00000, 0x0000000689d00000| Untracked 
| 126|0x0000000689e00000, 0x0000000689e00000, 0x0000000689f00000|  0%| F|  |TAMS 0x0000000689e00000, 0x0000000689e00000| Untracked 
| 127|0x0000000689f00000, 0x0000000689f00000, 0x000000068a000000|  0%| F|  |TAMS 0x0000000689f00000, 0x0000000689f00000| Untracked 
| 128|0x000000068a000000, 0x000000068a000000, 0x000000068a100000|  0%| F|  |TAMS 0x000000068a000000, 0x000000068a000000| Untracked 
| 129|0x000000068a100000, 0x000000068a100000, 0x000000068a200000|  0%| F|  |TAMS 0x000000068a100000, 0x000000068a100000| Untracked 
| 130|0x000000068a200000, 0x000000068a200000, 0x000000068a300000|  0%| F|  |TAMS 0x000000068a200000, 0x000000068a200000| Untracked 
| 131|0x000000068a300000, 0x000000068a300000, 0x000000068a400000|  0%| F|  |TAMS 0x000000068a300000, 0x000000068a300000| Untracked 
| 132|0x000000068a400000, 0x000000068a400000, 0x000000068a500000|  0%| F|  |TAMS 0x000000068a400000, 0x000000068a400000| Untracked 
| 133|0x000000068a500000, 0x000000068a500000, 0x000000068a600000|  0%| F|  |TAMS 0x000000068a500000, 0x000000068a500000| Untracked 
| 134|0x000000068a600000, 0x000000068a600000, 0x000000068a700000|  0%| F|  |TAMS 0x000000068a600000, 0x000000068a600000| Untracked 
| 135|0x000000068a700000, 0x000000068a700000, 0x000000068a800000|  0%| F|  |TAMS 0x000000068a700000, 0x000000068a700000| Untracked 
| 136|0x000000068a800000, 0x000000068a800000, 0x000000068a900000|  0%| F|  |TAMS 0x000000068a800000, 0x000000068a800000| Untracked 
| 137|0x000000068a900000, 0x000000068a900000, 0x000000068aa00000|  0%| F|  |TAMS 0x000000068a900000, 0x000000068a900000| Untracked 
| 138|0x000000068aa00000, 0x000000068aa00000, 0x000000068ab00000|  0%| F|  |TAMS 0x000000068aa00000, 0x000000068aa00000| Untracked 
| 139|0x000000068ab00000, 0x000000068ab00000, 0x000000068ac00000|  0%| F|  |TAMS 0x000000068ab00000, 0x000000068ab00000| Untracked 
| 140|0x000000068ac00000, 0x000000068ac00000, 0x000000068ad00000|  0%| F|  |TAMS 0x000000068ac00000, 0x000000068ac00000| Untracked 
| 141|0x000000068ad00000, 0x000000068ad00000, 0x000000068ae00000|  0%| F|  |TAMS 0x000000068ad00000, 0x000000068ad00000| Untracked 
| 142|0x000000068ae00000, 0x000000068ae00000, 0x000000068af00000|  0%| F|  |TAMS 0x000000068ae00000, 0x000000068ae00000| Untracked 
| 143|0x000000068af00000, 0x000000068af00000, 0x000000068b000000|  0%| F|  |TAMS 0x000000068af00000, 0x000000068af00000| Untracked 
| 144|0x000000068b000000, 0x000000068b000000, 0x000000068b100000|  0%| F|  |TAMS 0x000000068b000000, 0x000000068b000000| Untracked 
| 145|0x000000068b100000, 0x000000068b100000, 0x000000068b200000|  0%| F|  |TAMS 0x000000068b100000, 0x000000068b100000| Untracked 
| 146|0x000000068b200000, 0x000000068b200000, 0x000000068b300000|  0%| F|  |TAMS 0x000000068b200000, 0x000000068b200000| Untracked 
| 147|0x000000068b300000, 0x000000068b300000, 0x000000068b400000|  0%| F|  |TAMS 0x000000068b300000, 0x000000068b300000| Untracked 
| 148|0x000000068b400000, 0x000000068b400000, 0x000000068b500000|  0%| F|  |TAMS 0x000000068b400000, 0x000000068b400000| Untracked 
| 149|0x000000068b500000, 0x000000068b500000, 0x000000068b600000|  0%| F|  |TAMS 0x000000068b500000, 0x000000068b500000| Untracked 
| 150|0x000000068b600000, 0x000000068b600000, 0x000000068b700000|  0%| F|  |TAMS 0x000000068b600000, 0x000000068b600000| Untracked 
| 151|0x000000068b700000, 0x000000068b700000, 0x000000068b800000|  0%| F|  |TAMS 0x000000068b700000, 0x000000068b700000| Untracked 
| 152|0x000000068b800000, 0x000000068b800000, 0x000000068b900000|  0%| F|  |TAMS 0x000000068b800000, 0x000000068b800000| Untracked 
| 153|0x000000068b900000, 0x000000068b900000, 0x000000068ba00000|  0%| F|  |TAMS 0x000000068b900000, 0x000000068b900000| Untracked 
| 154|0x000000068ba00000, 0x000000068ba00000, 0x000000068bb00000|  0%| F|  |TAMS 0x000000068ba00000, 0x000000068ba00000| Untracked 
| 155|0x000000068bb00000, 0x000000068bb00000, 0x000000068bc00000|  0%| F|  |TAMS 0x000000068bb00000, 0x000000068bb00000| Untracked 
| 156|0x000000068bc00000, 0x000000068bc00000, 0x000000068bd00000|  0%| F|  |TAMS 0x000000068bc00000, 0x000000068bc00000| Untracked 
| 157|0x000000068bd00000, 0x000000068bd00000, 0x000000068be00000|  0%| F|  |TAMS 0x000000068bd00000, 0x000000068bd00000| Untracked 
| 158|0x000000068be00000, 0x000000068be00000, 0x000000068bf00000|  0%| F|  |TAMS 0x000000068be00000, 0x000000068be00000| Untracked 
| 159|0x000000068bf00000, 0x000000068bf00000, 0x000000068c000000|  0%| F|  |TAMS 0x000000068bf00000, 0x000000068bf00000| Untracked 
| 160|0x000000068c000000, 0x000000068c000000, 0x000000068c100000|  0%| F|  |TAMS 0x000000068c000000, 0x000000068c000000| Untracked 
| 161|0x000000068c100000, 0x000000068c100000, 0x000000068c200000|  0%| F|  |TAMS 0x000000068c100000, 0x000000068c100000| Untracked 
| 162|0x000000068c200000, 0x000000068c200000, 0x000000068c300000|  0%| F|  |TAMS 0x000000068c200000, 0x000000068c200000| Untracked 
| 163|0x000000068c300000, 0x000000068c300000, 0x000000068c400000|  0%| F|  |TAMS 0x000000068c300000, 0x000000068c300000| Untracked 
| 164|0x000000068c400000, 0x000000068c400000, 0x000000068c500000|  0%| F|  |TAMS 0x000000068c400000, 0x000000068c400000| Untracked 
| 165|0x000000068c500000, 0x000000068c500000, 0x000000068c600000|  0%| F|  |TAMS 0x000000068c500000, 0x000000068c500000| Untracked 
| 166|0x000000068c600000, 0x000000068c600000, 0x000000068c700000|  0%| F|  |TAMS 0x000000068c600000, 0x000000068c600000| Untracked 
| 167|0x000000068c700000, 0x000000068c700000, 0x000000068c800000|  0%| F|  |TAMS 0x000000068c700000, 0x000000068c700000| Untracked 
| 168|0x000000068c800000, 0x000000068c800000, 0x000000068c900000|  0%| F|  |TAMS 0x000000068c800000, 0x000000068c800000| Untracked 
| 169|0x000000068c900000, 0x000000068c900000, 0x000000068ca00000|  0%| F|  |TAMS 0x000000068c900000, 0x000000068c900000| Untracked 
| 170|0x000000068ca00000, 0x000000068ca00000, 0x000000068cb00000|  0%| F|  |TAMS 0x000000068ca00000, 0x000000068ca00000| Untracked 
| 171|0x000000068cb00000, 0x000000068cb00000, 0x000000068cc00000|  0%| F|  |TAMS 0x000000068cb00000, 0x000000068cb00000| Untracked 
| 172|0x000000068cc00000, 0x000000068cc00000, 0x000000068cd00000|  0%| F|  |TAMS 0x000000068cc00000, 0x000000068cc00000| Untracked 
| 173|0x000000068cd00000, 0x000000068cd00000, 0x000000068ce00000|  0%| F|  |TAMS 0x000000068cd00000, 0x000000068cd00000| Untracked 
| 174|0x000000068ce00000, 0x000000068ce00000, 0x000000068cf00000|  0%| F|  |TAMS 0x000000068ce00000, 0x000000068ce00000| Untracked 
| 175|0x000000068cf00000, 0x000000068cf00000, 0x000000068d000000|  0%| F|  |TAMS 0x000000068cf00000, 0x000000068cf00000| Untracked 
| 176|0x000000068d000000, 0x000000068d000000, 0x000000068d100000|  0%| F|  |TAMS 0x000000068d000000, 0x000000068d000000| Untracked 
| 177|0x000000068d100000, 0x000000068d100000, 0x000000068d200000|  0%| F|  |TAMS 0x000000068d100000, 0x000000068d100000| Untracked 
| 178|0x000000068d200000, 0x000000068d200000, 0x000000068d300000|  0%| F|  |TAMS 0x000000068d200000, 0x000000068d200000| Untracked 
| 179|0x000000068d300000, 0x000000068d300000, 0x000000068d400000|  0%| F|  |TAMS 0x000000068d300000, 0x000000068d300000| Untracked 
| 180|0x000000068d400000, 0x000000068d400000, 0x000000068d500000|  0%| F|  |TAMS 0x000000068d400000, 0x000000068d400000| Untracked 
| 181|0x000000068d500000, 0x000000068d500000, 0x000000068d600000|  0%| F|  |TAMS 0x000000068d500000, 0x000000068d500000| Untracked 
| 182|0x000000068d600000, 0x000000068d600000, 0x000000068d700000|  0%| F|  |TAMS 0x000000068d600000, 0x000000068d600000| Untracked 
| 183|0x000000068d700000, 0x000000068d700000, 0x000000068d800000|  0%| F|  |TAMS 0x000000068d700000, 0x000000068d700000| Untracked 
| 184|0x000000068d800000, 0x000000068d800000, 0x000000068d900000|  0%| F|  |TAMS 0x000000068d800000, 0x000000068d800000| Untracked 
| 185|0x000000068d900000, 0x000000068d900000, 0x000000068da00000|  0%| F|  |TAMS 0x000000068d900000, 0x000000068d900000| Untracked 
| 186|0x000000068da00000, 0x000000068da00000, 0x000000068db00000|  0%| F|  |TAMS 0x000000068da00000, 0x000000068da00000| Untracked 
| 187|0x000000068db00000, 0x000000068db00000, 0x000000068dc00000|  0%| F|  |TAMS 0x000000068db00000, 0x000000068db00000| Untracked 
| 188|0x000000068dc00000, 0x000000068dc00000, 0x000000068dd00000|  0%| F|  |TAMS 0x000000068dc00000, 0x000000068dc00000| Untracked 
| 189|0x000000068dd00000, 0x000000068dd00000, 0x000000068de00000|  0%| F|  |TAMS 0x000000068dd00000, 0x000000068dd00000| Untracked 
| 190|0x000000068de00000, 0x000000068de00000, 0x000000068df00000|  0%| F|  |TAMS 0x000000068de00000, 0x000000068de00000| Untracked 
| 191|0x000000068df00000, 0x000000068df00000, 0x000000068e000000|  0%| F|  |TAMS 0x000000068df00000, 0x000000068df00000| Untracked 
| 192|0x000000068e000000, 0x000000068e000000, 0x000000068e100000|  0%| F|  |TAMS 0x000000068e000000, 0x000000068e000000| Untracked 
| 193|0x000000068e100000, 0x000000068e100000, 0x000000068e200000|  0%| F|  |TAMS 0x000000068e100000, 0x000000068e100000| Untracked 
| 194|0x000000068e200000, 0x000000068e200000, 0x000000068e300000|  0%| F|  |TAMS 0x000000068e200000, 0x000000068e200000| Untracked 
| 195|0x000000068e300000, 0x000000068e300000, 0x000000068e400000|  0%| F|  |TAMS 0x000000068e300000, 0x000000068e300000| Untracked 
| 196|0x000000068e400000, 0x000000068e400000, 0x000000068e500000|  0%| F|  |TAMS 0x000000068e400000, 0x000000068e400000| Untracked 
| 197|0x000000068e500000, 0x000000068e500000, 0x000000068e600000|  0%| F|  |TAMS 0x000000068e500000, 0x000000068e500000| Untracked 
| 198|0x000000068e600000, 0x000000068e600000, 0x000000068e700000|  0%| F|  |TAMS 0x000000068e600000, 0x000000068e600000| Untracked 
| 199|0x000000068e700000, 0x000000068e700000, 0x000000068e800000|  0%| F|  |TAMS 0x000000068e700000, 0x000000068e700000| Untracked 
| 200|0x000000068e800000, 0x000000068e800000, 0x000000068e900000|  0%| F|  |TAMS 0x000000068e800000, 0x000000068e800000| Untracked 
| 201|0x000000068e900000, 0x000000068e900000, 0x000000068ea00000|  0%| F|  |TAMS 0x000000068e900000, 0x000000068e900000| Untracked 
| 202|0x000000068ea00000, 0x000000068ea00000, 0x000000068eb00000|  0%| F|  |TAMS 0x000000068ea00000, 0x000000068ea00000| Untracked 
| 203|0x000000068eb00000, 0x000000068eb00000, 0x000000068ec00000|  0%| F|  |TAMS 0x000000068eb00000, 0x000000068eb00000| Untracked 
| 204|0x000000068ec00000, 0x000000068ec00000, 0x000000068ed00000|  0%| F|  |TAMS 0x000000068ec00000, 0x000000068ec00000| Untracked 
| 205|0x000000068ed00000, 0x000000068ed00000, 0x000000068ee00000|  0%| F|  |TAMS 0x000000068ed00000, 0x000000068ed00000| Untracked 
| 206|0x000000068ee00000, 0x000000068ee00000, 0x000000068ef00000|  0%| F|  |TAMS 0x000000068ee00000, 0x000000068ee00000| Untracked 
| 207|0x000000068ef00000, 0x000000068ef00000, 0x000000068f000000|  0%| F|  |TAMS 0x000000068ef00000, 0x000000068ef00000| Untracked 
| 208|0x000000068f000000, 0x000000068f000000, 0x000000068f100000|  0%| F|  |TAMS 0x000000068f000000, 0x000000068f000000| Untracked 
| 209|0x000000068f100000, 0x000000068f100000, 0x000000068f200000|  0%| F|  |TAMS 0x000000068f100000, 0x000000068f100000| Untracked 
| 210|0x000000068f200000, 0x000000068f200000, 0x000000068f300000|  0%| F|  |TAMS 0x000000068f200000, 0x000000068f200000| Untracked 
| 211|0x000000068f300000, 0x000000068f300000, 0x000000068f400000|  0%| F|  |TAMS 0x000000068f300000, 0x000000068f300000| Untracked 
| 212|0x000000068f400000, 0x000000068f400000, 0x000000068f500000|  0%| F|  |TAMS 0x000000068f400000, 0x000000068f400000| Untracked 
| 213|0x000000068f500000, 0x000000068f500000, 0x000000068f600000|  0%| F|  |TAMS 0x000000068f500000, 0x000000068f500000| Untracked 
| 214|0x000000068f600000, 0x000000068f600000, 0x000000068f700000|  0%| F|  |TAMS 0x000000068f600000, 0x000000068f600000| Untracked 
| 215|0x000000068f700000, 0x000000068f700000, 0x000000068f800000|  0%| F|  |TAMS 0x000000068f700000, 0x000000068f700000| Untracked 
| 216|0x000000068f800000, 0x000000068f800000, 0x000000068f900000|  0%| F|  |TAMS 0x000000068f800000, 0x000000068f800000| Untracked 
| 217|0x000000068f900000, 0x000000068f900000, 0x000000068fa00000|  0%| F|  |TAMS 0x000000068f900000, 0x000000068f900000| Untracked 
| 218|0x000000068fa00000, 0x000000068fa00000, 0x000000068fb00000|  0%| F|  |TAMS 0x000000068fa00000, 0x000000068fa00000| Untracked 
| 219|0x000000068fb00000, 0x000000068fb00000, 0x000000068fc00000|  0%| F|  |TAMS 0x000000068fb00000, 0x000000068fb00000| Untracked 
| 220|0x000000068fc00000, 0x000000068fc00000, 0x000000068fd00000|  0%| F|  |TAMS 0x000000068fc00000, 0x000000068fc00000| Untracked 
| 221|0x000000068fd00000, 0x000000068fd00000, 0x000000068fe00000|  0%| F|  |TAMS 0x000000068fd00000, 0x000000068fd00000| Untracked 
| 222|0x000000068fe00000, 0x000000068fe00000, 0x000000068ff00000|  0%| F|  |TAMS 0x000000068fe00000, 0x000000068fe00000| Untracked 
| 223|0x000000068ff00000, 0x000000068ff00000, 0x0000000690000000|  0%| F|  |TAMS 0x000000068ff00000, 0x000000068ff00000| Untracked 
| 224|0x0000000690000000, 0x0000000690000000, 0x0000000690100000|  0%| F|  |TAMS 0x0000000690000000, 0x0000000690000000| Untracked 
| 225|0x0000000690100000, 0x0000000690100000, 0x0000000690200000|  0%| F|  |TAMS 0x0000000690100000, 0x0000000690100000| Untracked 
| 226|0x0000000690200000, 0x0000000690200000, 0x0000000690300000|  0%| F|  |TAMS 0x0000000690200000, 0x0000000690200000| Untracked 
| 227|0x0000000690300000, 0x0000000690300000, 0x0000000690400000|  0%| F|  |TAMS 0x0000000690300000, 0x0000000690300000| Untracked 
| 228|0x0000000690400000, 0x0000000690400000, 0x0000000690500000|  0%| F|  |TAMS 0x0000000690400000, 0x0000000690400000| Untracked 
| 229|0x0000000690500000, 0x0000000690500000, 0x0000000690600000|  0%| F|  |TAMS 0x0000000690500000, 0x0000000690500000| Untracked 
| 230|0x0000000690600000, 0x0000000690600000, 0x0000000690700000|  0%| F|  |TAMS 0x0000000690600000, 0x0000000690600000| Untracked 
| 231|0x0000000690700000, 0x0000000690700000, 0x0000000690800000|  0%| F|  |TAMS 0x0000000690700000, 0x0000000690700000| Untracked 
| 232|0x0000000690800000, 0x0000000690800000, 0x0000000690900000|  0%| F|  |TAMS 0x0000000690800000, 0x0000000690800000| Untracked 
| 233|0x0000000690900000, 0x0000000690900000, 0x0000000690a00000|  0%| F|  |TAMS 0x0000000690900000, 0x0000000690900000| Untracked 
| 234|0x0000000690a00000, 0x0000000690a00000, 0x0000000690b00000|  0%| F|  |TAMS 0x0000000690a00000, 0x0000000690a00000| Untracked 
| 235|0x0000000690b00000, 0x0000000690b00000, 0x0000000690c00000|  0%| F|  |TAMS 0x0000000690b00000, 0x0000000690b00000| Untracked 
| 236|0x0000000690c00000, 0x0000000690c00000, 0x0000000690d00000|  0%| F|  |TAMS 0x0000000690c00000, 0x0000000690c00000| Untracked 
| 237|0x0000000690d00000, 0x0000000690d00000, 0x0000000690e00000|  0%| F|  |TAMS 0x0000000690d00000, 0x0000000690d00000| Untracked 
| 238|0x0000000690e00000, 0x0000000690e00000, 0x0000000690f00000|  0%| F|  |TAMS 0x0000000690e00000, 0x0000000690e00000| Untracked 
| 239|0x0000000690f00000, 0x0000000690f00000, 0x0000000691000000|  0%| F|  |TAMS 0x0000000690f00000, 0x0000000690f00000| Untracked 
| 240|0x0000000691000000, 0x0000000691000000, 0x0000000691100000|  0%| F|  |TAMS 0x0000000691000000, 0x0000000691000000| Untracked 
| 241|0x0000000691100000, 0x0000000691100000, 0x0000000691200000|  0%| F|  |TAMS 0x0000000691100000, 0x0000000691100000| Untracked 
| 242|0x0000000691200000, 0x0000000691200000, 0x0000000691300000|  0%| F|  |TAMS 0x0000000691200000, 0x0000000691200000| Untracked 
| 243|0x0000000691300000, 0x0000000691300000, 0x0000000691400000|  0%| F|  |TAMS 0x0000000691300000, 0x0000000691300000| Untracked 
| 244|0x0000000691400000, 0x0000000691400000, 0x0000000691500000|  0%| F|  |TAMS 0x0000000691400000, 0x0000000691400000| Untracked 
| 245|0x0000000691500000, 0x0000000691500000, 0x0000000691600000|  0%| F|  |TAMS 0x0000000691500000, 0x0000000691500000| Untracked 
| 246|0x0000000691600000, 0x0000000691600000, 0x0000000691700000|  0%| F|  |TAMS 0x0000000691600000, 0x0000000691600000| Untracked 
| 247|0x0000000691700000, 0x0000000691700000, 0x0000000691800000|  0%| F|  |TAMS 0x0000000691700000, 0x0000000691700000| Untracked 
| 248|0x0000000691800000, 0x0000000691800000, 0x0000000691900000|  0%| F|  |TAMS 0x0000000691800000, 0x0000000691800000| Untracked 
| 249|0x0000000691900000, 0x0000000691900000, 0x0000000691a00000|  0%| F|  |TAMS 0x0000000691900000, 0x0000000691900000| Untracked 
| 250|0x0000000691a00000, 0x0000000691a00000, 0x0000000691b00000|  0%| F|  |TAMS 0x0000000691a00000, 0x0000000691a00000| Untracked 
| 251|0x0000000691b00000, 0x0000000691b00000, 0x0000000691c00000|  0%| F|  |TAMS 0x0000000691b00000, 0x0000000691b00000| Untracked 
| 252|0x0000000691c00000, 0x0000000691c00000, 0x0000000691d00000|  0%| F|  |TAMS 0x0000000691c00000, 0x0000000691c00000| Untracked 
| 253|0x0000000691d00000, 0x0000000691d00000, 0x0000000691e00000|  0%| F|  |TAMS 0x0000000691d00000, 0x0000000691d00000| Untracked 
| 254|0x0000000691e00000, 0x0000000691e00000, 0x0000000691f00000|  0%| F|  |TAMS 0x0000000691e00000, 0x0000000691e00000| Untracked 
| 255|0x0000000691f00000, 0x0000000691f00000, 0x0000000692000000|  0%| F|  |TAMS 0x0000000691f00000, 0x0000000691f00000| Untracked 
| 256|0x0000000692000000, 0x0000000692000000, 0x0000000692100000|  0%| F|  |TAMS 0x0000000692000000, 0x0000000692000000| Untracked 
| 257|0x0000000692100000, 0x0000000692100000, 0x0000000692200000|  0%| F|  |TAMS 0x0000000692100000, 0x0000000692100000| Untracked 
| 258|0x0000000692200000, 0x0000000692200000, 0x0000000692300000|  0%| F|  |TAMS 0x0000000692200000, 0x0000000692200000| Untracked 
| 259|0x0000000692300000, 0x0000000692300000, 0x0000000692400000|  0%| F|  |TAMS 0x0000000692300000, 0x0000000692300000| Untracked 
| 260|0x0000000692400000, 0x0000000692400000, 0x0000000692500000|  0%| F|  |TAMS 0x0000000692400000, 0x0000000692400000| Untracked 
| 261|0x0000000692500000, 0x0000000692500000, 0x0000000692600000|  0%| F|  |TAMS 0x0000000692500000, 0x0000000692500000| Untracked 
| 262|0x0000000692600000, 0x0000000692600000, 0x0000000692700000|  0%| F|  |TAMS 0x0000000692600000, 0x0000000692600000| Untracked 
| 263|0x0000000692700000, 0x0000000692700000, 0x0000000692800000|  0%| F|  |TAMS 0x0000000692700000, 0x0000000692700000| Untracked 
| 264|0x0000000692800000, 0x0000000692800000, 0x0000000692900000|  0%| F|  |TAMS 0x0000000692800000, 0x0000000692800000| Untracked 
| 265|0x0000000692900000, 0x0000000692980928, 0x0000000692a00000| 50%| E|  |TAMS 0x0000000692900000, 0x0000000692900000| Complete 
| 266|0x0000000692a00000, 0x0000000692b00000, 0x0000000692b00000|100%| E|CS|TAMS 0x0000000692a00000, 0x0000000692a00000| Complete 
| 267|0x0000000692b00000, 0x0000000692c00000, 0x0000000692c00000|100%| E|CS|TAMS 0x0000000692b00000, 0x0000000692b00000| Complete 
| 268|0x0000000692c00000, 0x0000000692d00000, 0x0000000692d00000|100%| E|CS|TAMS 0x0000000692c00000, 0x0000000692c00000| Complete 
| 269|0x0000000692d00000, 0x0000000692e00000, 0x0000000692e00000|100%| E|CS|TAMS 0x0000000692d00000, 0x0000000692d00000| Complete 
| 270|0x0000000692e00000, 0x0000000692f00000, 0x0000000692f00000|100%| E|CS|TAMS 0x0000000692e00000, 0x0000000692e00000| Complete 
| 271|0x0000000692f00000, 0x0000000693000000, 0x0000000693000000|100%| E|CS|TAMS 0x0000000692f00000, 0x0000000692f00000| Complete 
| 272|0x0000000693000000, 0x0000000693100000, 0x0000000693100000|100%| E|CS|TAMS 0x0000000693000000, 0x0000000693000000| Complete 
| 273|0x0000000693100000, 0x0000000693200000, 0x0000000693200000|100%| E|CS|TAMS 0x0000000693100000, 0x0000000693100000| Complete 
| 274|0x0000000693200000, 0x0000000693300000, 0x0000000693300000|100%| E|CS|TAMS 0x0000000693200000, 0x0000000693200000| Complete 
| 275|0x0000000693300000, 0x0000000693400000, 0x0000000693400000|100%| E|CS|TAMS 0x0000000693300000, 0x0000000693300000| Complete 
| 276|0x0000000693400000, 0x0000000693500000, 0x0000000693500000|100%| E|CS|TAMS 0x0000000693400000, 0x0000000693400000| Complete 
| 277|0x0000000693500000, 0x0000000693600000, 0x0000000693600000|100%| E|CS|TAMS 0x0000000693500000, 0x0000000693500000| Complete 
| 278|0x0000000693600000, 0x0000000693700000, 0x0000000693700000|100%| E|CS|TAMS 0x0000000693600000, 0x0000000693600000| Complete 
| 279|0x0000000693700000, 0x0000000693800000, 0x0000000693800000|100%| E|CS|TAMS 0x0000000693700000, 0x0000000693700000| Complete 
| 280|0x0000000693800000, 0x0000000693900000, 0x0000000693900000|100%| E|CS|TAMS 0x0000000693800000, 0x0000000693800000| Complete 
| 281|0x0000000693900000, 0x0000000693a00000, 0x0000000693a00000|100%| E|CS|TAMS 0x0000000693900000, 0x0000000693900000| Complete 
| 282|0x0000000693a00000, 0x0000000693b00000, 0x0000000693b00000|100%| E|CS|TAMS 0x0000000693a00000, 0x0000000693a00000| Complete 
| 283|0x0000000693b00000, 0x0000000693c00000, 0x0000000693c00000|100%| E|CS|TAMS 0x0000000693b00000, 0x0000000693b00000| Complete 
| 284|0x0000000693c00000, 0x0000000693d00000, 0x0000000693d00000|100%| E|CS|TAMS 0x0000000693c00000, 0x0000000693c00000| Complete 
| 285|0x0000000693d00000, 0x0000000693e00000, 0x0000000693e00000|100%| E|CS|TAMS 0x0000000693d00000, 0x0000000693d00000| Complete 
| 286|0x0000000693e00000, 0x0000000693f00000, 0x0000000693f00000|100%| E|CS|TAMS 0x0000000693e00000, 0x0000000693e00000| Complete 
| 287|0x0000000693f00000, 0x0000000694000000, 0x0000000694000000|100%| E|CS|TAMS 0x0000000693f00000, 0x0000000693f00000| Complete 
| 288|0x0000000694000000, 0x0000000694100000, 0x0000000694100000|100%| E|CS|TAMS 0x0000000694000000, 0x0000000694000000| Complete 
| 289|0x0000000694100000, 0x0000000694200000, 0x0000000694200000|100%| E|CS|TAMS 0x0000000694100000, 0x0000000694100000| Complete 
| 290|0x0000000694200000, 0x0000000694300000, 0x0000000694300000|100%| E|CS|TAMS 0x0000000694200000, 0x0000000694200000| Complete 
| 291|0x0000000694300000, 0x0000000694400000, 0x0000000694400000|100%| E|CS|TAMS 0x0000000694300000, 0x0000000694300000| Complete 
| 292|0x0000000694400000, 0x0000000694500000, 0x0000000694500000|100%| E|CS|TAMS 0x0000000694400000, 0x0000000694400000| Complete 
| 293|0x0000000694500000, 0x0000000694600000, 0x0000000694600000|100%| E|CS|TAMS 0x0000000694500000, 0x0000000694500000| Complete 
| 294|0x0000000694600000, 0x0000000694700000, 0x0000000694700000|100%| E|CS|TAMS 0x0000000694600000, 0x0000000694600000| Complete 
| 295|0x0000000694700000, 0x0000000694800000, 0x0000000694800000|100%| E|CS|TAMS 0x0000000694700000, 0x0000000694700000| Complete 
| 296|0x0000000694800000, 0x0000000694900000, 0x0000000694900000|100%| E|CS|TAMS 0x0000000694800000, 0x0000000694800000| Complete 
| 297|0x0000000694900000, 0x0000000694a00000, 0x0000000694a00000|100%| E|CS|TAMS 0x0000000694900000, 0x0000000694900000| Complete 
| 298|0x0000000694a00000, 0x0000000694b00000, 0x0000000694b00000|100%| E|CS|TAMS 0x0000000694a00000, 0x0000000694a00000| Complete 
| 299|0x0000000694b00000, 0x0000000694c00000, 0x0000000694c00000|100%| E|CS|TAMS 0x0000000694b00000, 0x0000000694b00000| Complete 
| 300|0x0000000694c00000, 0x0000000694d00000, 0x0000000694d00000|100%| E|CS|TAMS 0x0000000694c00000, 0x0000000694c00000| Complete 
| 301|0x0000000694d00000, 0x0000000694e00000, 0x0000000694e00000|100%| E|CS|TAMS 0x0000000694d00000, 0x0000000694d00000| Complete 
| 302|0x0000000694e00000, 0x0000000694f00000, 0x0000000694f00000|100%| E|CS|TAMS 0x0000000694e00000, 0x0000000694e00000| Complete 
| 303|0x0000000694f00000, 0x0000000695000000, 0x0000000695000000|100%| E|CS|TAMS 0x0000000694f00000, 0x0000000694f00000| Complete 
| 304|0x0000000695000000, 0x0000000695100000, 0x0000000695100000|100%| E|CS|TAMS 0x0000000695000000, 0x0000000695000000| Complete 
| 305|0x0000000695100000, 0x0000000695200000, 0x0000000695200000|100%| E|CS|TAMS 0x0000000695100000, 0x0000000695100000| Complete 
| 306|0x0000000695200000, 0x0000000695300000, 0x0000000695300000|100%| E|CS|TAMS 0x0000000695200000, 0x0000000695200000| Complete 
| 307|0x0000000695300000, 0x00000006953eb148, 0x0000000695400000| 91%| S|CS|TAMS 0x0000000695300000, 0x0000000695300000| Complete 
| 308|0x0000000695400000, 0x0000000695500000, 0x0000000695500000|100%| S|CS|TAMS 0x0000000695400000, 0x0000000695400000| Complete 
| 309|0x0000000695500000, 0x0000000695600000, 0x0000000695600000|100%| S|CS|TAMS 0x0000000695500000, 0x0000000695500000| Complete 
| 310|0x0000000695600000, 0x0000000695700000, 0x0000000695700000|100%| S|CS|TAMS 0x0000000695600000, 0x0000000695600000| Complete 
| 311|0x0000000695700000, 0x0000000695800000, 0x0000000695800000|100%| S|CS|TAMS 0x0000000695700000, 0x0000000695700000| Complete 
| 312|0x0000000695800000, 0x0000000695900000, 0x0000000695900000|100%| E|CS|TAMS 0x0000000695800000, 0x0000000695800000| Complete 
| 313|0x0000000695900000, 0x0000000695a00000, 0x0000000695a00000|100%| E|CS|TAMS 0x0000000695900000, 0x0000000695900000| Complete 
| 314|0x0000000695a00000, 0x0000000695b00000, 0x0000000695b00000|100%| E|CS|TAMS 0x0000000695a00000, 0x0000000695a00000| Complete 
| 315|0x0000000695b00000, 0x0000000695c00000, 0x0000000695c00000|100%| E|CS|TAMS 0x0000000695b00000, 0x0000000695b00000| Complete 
| 316|0x0000000695c00000, 0x0000000695d00000, 0x0000000695d00000|100%| E|CS|TAMS 0x0000000695c00000, 0x0000000695c00000| Complete 
| 317|0x0000000695d00000, 0x0000000695e00000, 0x0000000695e00000|100%| E|CS|TAMS 0x0000000695d00000, 0x0000000695d00000| Complete 
| 318|0x0000000695e00000, 0x0000000695f00000, 0x0000000695f00000|100%| E|CS|TAMS 0x0000000695e00000, 0x0000000695e00000| Complete 
| 319|0x0000000695f00000, 0x0000000696000000, 0x0000000696000000|100%| E|CS|TAMS 0x0000000695f00000, 0x0000000695f00000| Complete 
| 320|0x0000000696000000, 0x0000000696100000, 0x0000000696100000|100%| E|CS|TAMS 0x0000000696000000, 0x0000000696000000| Complete 
| 321|0x0000000696100000, 0x0000000696200000, 0x0000000696200000|100%| E|CS|TAMS 0x0000000696100000, 0x0000000696100000| Complete 
| 322|0x0000000696200000, 0x0000000696300000, 0x0000000696300000|100%| E|CS|TAMS 0x0000000696200000, 0x0000000696200000| Complete 
| 323|0x0000000696300000, 0x0000000696400000, 0x0000000696400000|100%| E|CS|TAMS 0x0000000696300000, 0x0000000696300000| Complete 
| 324|0x0000000696400000, 0x0000000696500000, 0x0000000696500000|100%| E|CS|TAMS 0x0000000696400000, 0x0000000696400000| Complete 
| 325|0x0000000696500000, 0x0000000696600000, 0x0000000696600000|100%| E|CS|TAMS 0x0000000696500000, 0x0000000696500000| Complete 
| 326|0x0000000696600000, 0x0000000696700000, 0x0000000696700000|100%| E|CS|TAMS 0x0000000696600000, 0x0000000696600000| Complete 
| 327|0x0000000696700000, 0x0000000696800000, 0x0000000696800000|100%| E|CS|TAMS 0x0000000696700000, 0x0000000696700000| Complete 
| 328|0x0000000696800000, 0x0000000696900000, 0x0000000696900000|100%| E|CS|TAMS 0x0000000696800000, 0x0000000696800000| Complete 
| 329|0x0000000696900000, 0x0000000696a00000, 0x0000000696a00000|100%| E|CS|TAMS 0x0000000696900000, 0x0000000696900000| Complete 
| 330|0x0000000696a00000, 0x0000000696b00000, 0x0000000696b00000|100%| E|CS|TAMS 0x0000000696a00000, 0x0000000696a00000| Complete 
| 331|0x0000000696b00000, 0x0000000696c00000, 0x0000000696c00000|100%| E|CS|TAMS 0x0000000696b00000, 0x0000000696b00000| Complete 
| 332|0x0000000696c00000, 0x0000000696d00000, 0x0000000696d00000|100%| E|CS|TAMS 0x0000000696c00000, 0x0000000696c00000| Complete 
| 333|0x0000000696d00000, 0x0000000696e00000, 0x0000000696e00000|100%| E|CS|TAMS 0x0000000696d00000, 0x0000000696d00000| Complete 
| 334|0x0000000696e00000, 0x0000000696f00000, 0x0000000696f00000|100%| E|CS|TAMS 0x0000000696e00000, 0x0000000696e00000| Complete 
| 335|0x0000000696f00000, 0x0000000697000000, 0x0000000697000000|100%| E|CS|TAMS 0x0000000696f00000, 0x0000000696f00000| Complete 
| 336|0x0000000697000000, 0x0000000697100000, 0x0000000697100000|100%| E|CS|TAMS 0x0000000697000000, 0x0000000697000000| Complete 
| 337|0x0000000697100000, 0x0000000697200000, 0x0000000697200000|100%| E|CS|TAMS 0x0000000697100000, 0x0000000697100000| Complete 
| 338|0x0000000697200000, 0x0000000697300000, 0x0000000697300000|100%| E|CS|TAMS 0x0000000697200000, 0x0000000697200000| Complete 
| 339|0x0000000697300000, 0x0000000697400000, 0x0000000697400000|100%| E|CS|TAMS 0x0000000697300000, 0x0000000697300000| Complete 
| 340|0x0000000697400000, 0x0000000697500000, 0x0000000697500000|100%| E|CS|TAMS 0x0000000697400000, 0x0000000697400000| Complete 
| 341|0x0000000697500000, 0x0000000697600000, 0x0000000697600000|100%| E|CS|TAMS 0x0000000697500000, 0x0000000697500000| Complete 
| 342|0x0000000697600000, 0x0000000697700000, 0x0000000697700000|100%| E|CS|TAMS 0x0000000697600000, 0x0000000697600000| Complete 
| 343|0x0000000697700000, 0x0000000697800000, 0x0000000697800000|100%| E|CS|TAMS 0x0000000697700000, 0x0000000697700000| Complete 
| 344|0x0000000697800000, 0x0000000697900000, 0x0000000697900000|100%| E|CS|TAMS 0x0000000697800000, 0x0000000697800000| Complete 
| 345|0x0000000697900000, 0x0000000697a00000, 0x0000000697a00000|100%| E|CS|TAMS 0x0000000697900000, 0x0000000697900000| Complete 
| 346|0x0000000697a00000, 0x0000000697b00000, 0x0000000697b00000|100%| E|CS|TAMS 0x0000000697a00000, 0x0000000697a00000| Complete 
| 347|0x0000000697b00000, 0x0000000697c00000, 0x0000000697c00000|100%| E|CS|TAMS 0x0000000697b00000, 0x0000000697b00000| Complete 
| 348|0x0000000697c00000, 0x0000000697d00000, 0x0000000697d00000|100%| E|CS|TAMS 0x0000000697c00000, 0x0000000697c00000| Complete 
| 349|0x0000000697d00000, 0x0000000697e00000, 0x0000000697e00000|100%| E|CS|TAMS 0x0000000697d00000, 0x0000000697d00000| Complete 
| 350|0x0000000697e00000, 0x0000000697f00000, 0x0000000697f00000|100%| E|CS|TAMS 0x0000000697e00000, 0x0000000697e00000| Complete 
| 351|0x0000000697f00000, 0x0000000698000000, 0x0000000698000000|100%| E|CS|TAMS 0x0000000697f00000, 0x0000000697f00000| Complete 
| 352|0x0000000698000000, 0x0000000698100000, 0x0000000698100000|100%| E|CS|TAMS 0x0000000698000000, 0x0000000698000000| Complete 
| 353|0x0000000698100000, 0x0000000698200000, 0x0000000698200000|100%| E|CS|TAMS 0x0000000698100000, 0x0000000698100000| Complete 
| 354|0x0000000698200000, 0x0000000698300000, 0x0000000698300000|100%| E|CS|TAMS 0x0000000698200000, 0x0000000698200000| Complete 
| 355|0x0000000698300000, 0x0000000698400000, 0x0000000698400000|100%| E|CS|TAMS 0x0000000698300000, 0x0000000698300000| Complete 
| 356|0x0000000698400000, 0x0000000698500000, 0x0000000698500000|100%| E|CS|TAMS 0x0000000698400000, 0x0000000698400000| Complete 
| 357|0x0000000698500000, 0x0000000698600000, 0x0000000698600000|100%| E|CS|TAMS 0x0000000698500000, 0x0000000698500000| Complete 
| 358|0x0000000698600000, 0x0000000698700000, 0x0000000698700000|100%| E|CS|TAMS 0x0000000698600000, 0x0000000698600000| Complete 
| 359|0x0000000698700000, 0x0000000698800000, 0x0000000698800000|100%| E|CS|TAMS 0x0000000698700000, 0x0000000698700000| Complete 
| 360|0x0000000698800000, 0x0000000698900000, 0x0000000698900000|100%| E|CS|TAMS 0x0000000698800000, 0x0000000698800000| Complete 
| 361|0x0000000698900000, 0x0000000698a00000, 0x0000000698a00000|100%| E|CS|TAMS 0x0000000698900000, 0x0000000698900000| Complete 
| 362|0x0000000698a00000, 0x0000000698b00000, 0x0000000698b00000|100%| E|CS|TAMS 0x0000000698a00000, 0x0000000698a00000| Complete 
| 363|0x0000000698b00000, 0x0000000698c00000, 0x0000000698c00000|100%| E|CS|TAMS 0x0000000698b00000, 0x0000000698b00000| Complete 
| 364|0x0000000698c00000, 0x0000000698d00000, 0x0000000698d00000|100%| E|CS|TAMS 0x0000000698c00000, 0x0000000698c00000| Complete 
| 365|0x0000000698d00000, 0x0000000698e00000, 0x0000000698e00000|100%| E|CS|TAMS 0x0000000698d00000, 0x0000000698d00000| Complete 
| 366|0x0000000698e00000, 0x0000000698f00000, 0x0000000698f00000|100%| E|CS|TAMS 0x0000000698e00000, 0x0000000698e00000| Complete 
| 367|0x0000000698f00000, 0x0000000699000000, 0x0000000699000000|100%| E|CS|TAMS 0x0000000698f00000, 0x0000000698f00000| Complete 
| 368|0x0000000699000000, 0x0000000699100000, 0x0000000699100000|100%| E|CS|TAMS 0x0000000699000000, 0x0000000699000000| Complete 
| 369|0x0000000699100000, 0x0000000699200000, 0x0000000699200000|100%| E|  |TAMS 0x0000000699100000, 0x0000000699100000| Complete 
| 370|0x0000000699200000, 0x0000000699300000, 0x0000000699300000|100%| E|CS|TAMS 0x0000000699200000, 0x0000000699200000| Complete 
| 371|0x0000000699300000, 0x0000000699400000, 0x0000000699400000|100%| E|CS|TAMS 0x0000000699300000, 0x0000000699300000| Complete 
| 372|0x0000000699400000, 0x0000000699500000, 0x0000000699500000|100%| E|CS|TAMS 0x0000000699400000, 0x0000000699400000| Complete 
| 373|0x0000000699500000, 0x0000000699600000, 0x0000000699600000|100%| E|CS|TAMS 0x0000000699500000, 0x0000000699500000| Complete 
| 374|0x0000000699600000, 0x0000000699700000, 0x0000000699700000|100%| E|CS|TAMS 0x0000000699600000, 0x0000000699600000| Complete 
| 375|0x0000000699700000, 0x0000000699800000, 0x0000000699800000|100%| E|CS|TAMS 0x0000000699700000, 0x0000000699700000| Complete 
| 376|0x0000000699800000, 0x0000000699900000, 0x0000000699900000|100%| E|CS|TAMS 0x0000000699800000, 0x0000000699800000| Complete 
| 377|0x0000000699900000, 0x0000000699a00000, 0x0000000699a00000|100%| E|CS|TAMS 0x0000000699900000, 0x0000000699900000| Complete 
| 378|0x0000000699a00000, 0x0000000699b00000, 0x0000000699b00000|100%| E|CS|TAMS 0x0000000699a00000, 0x0000000699a00000| Complete 
| 379|0x0000000699b00000, 0x0000000699c00000, 0x0000000699c00000|100%| E|CS|TAMS 0x0000000699b00000, 0x0000000699b00000| Complete 
| 380|0x0000000699c00000, 0x0000000699d00000, 0x0000000699d00000|100%| E|CS|TAMS 0x0000000699c00000, 0x0000000699c00000| Complete 
| 381|0x0000000699d00000, 0x0000000699e00000, 0x0000000699e00000|100%| E|CS|TAMS 0x0000000699d00000, 0x0000000699d00000| Complete 

Card table byte_map: [0x000001c6fdb10000,0x000001c6fe700000] _byte_map_base: 0x000001c6fa700000

Marking Bits (Prev, Next): (CMBitMap*) 0x000001c6e57c6030, (CMBitMap*) 0x000001c6e57c5ff8
 Prev Bits: [0x000001c685f80000, 0x000001c68bf00000)
 Next Bits: [0x000001c680000000, 0x000001c685f80000)

Polling page: 0x000001c6e4f20000

Metaspace:

Usage:
  Non-class:     20.97 MB capacity,    20.54 MB ( 98%) used,   367.48 KB (  2%) free+waste,    80.00 KB ( <1%) overhead. 
      Class:      2.72 MB capacity,     2.36 MB ( 87%) used,   323.65 KB ( 12%) free+waste,    40.44 KB (  1%) overhead. 
       Both:     23.69 MB capacity,    22.90 MB ( 97%) used,   691.13 KB (  3%) free+waste,   120.44 KB ( <1%) overhead. 

Virtual space:
  Non-class space:       22.00 MB reserved,      21.17 MB ( 96%) committed 
      Class space:        1.00 GB reserved,       2.75 MB ( <1%) committed 
             Both:        1.02 GB reserved,      23.92 MB (  2%) committed 

Chunk freelists:
   Non-Class:  1.50 KB
       Class:  128 bytes
        Both:  1.63 KB

CodeHeap 'non-profiled nmethods': size=120000Kb used=1638Kb max_used=1638Kb free=118361Kb
 bounds [0x000001c6f56c0000, 0x000001c6f5930000, 0x000001c6fcbf0000]
CodeHeap 'profiled nmethods': size=120000Kb used=6313Kb max_used=6313Kb free=113686Kb
 bounds [0x000001c6ee190000, 0x000001c6ee7c0000, 0x000001c6f56c0000]
CodeHeap 'non-nmethods': size=5760Kb used=1180Kb max_used=1216Kb free=4579Kb
 bounds [0x000001c6edbf0000, 0x000001c6ede60000, 0x000001c6ee190000]
 total_blobs=3310 nmethods=2787 adapters=434
 compilation: enabled
              stopped_count=0, restarted_count=0
 full_count=0

Compilation events (10 events):
Event: 7.733 Thread 0x000001c690223000 2773       4       java.util.zip.ZipFile$ZipEntryIterator::hasMoreElements (5 bytes)
Event: 7.733 Thread 0x000001c690223000 nmethod 2773 0x000001c6f5852010 code [0x000001c6f58521a0, 0x000001c6f5852218]
Event: 7.733 Thread 0x000001c690223000 2774       4       org.apache.tomcat.util.scan.JarFileUrlJar::getEntryName (17 bytes)
Event: 7.734 Thread 0x000001c690223000 nmethod 2774 0x000001c6f5852290 code [0x000001c6f5852420, 0x000001c6f58524b8]
Event: 7.734 Thread 0x000001c690223000 2775       4       java.util.zip.ZipFile$ZipEntryIterator::nextElement (5 bytes)
Event: 7.739 Thread 0x000001c690223000 nmethod 2775 0x000001c6f5852590 code [0x000001c6f5852740, 0x000001c6f5852c88]
Event: 7.795 Thread 0x000001c690223000 2776       4       java.io.File::isInvalid (48 bytes)
Event: 7.801 Thread 0x000001c690223000 nmethod 2776 0x000001c6f5852f90 code [0x000001c6f5853120, 0x000001c6f5853438]
Event: 7.802 Thread 0x000001c690223000 2777       4       org.apache.catalina.startup.ContextConfig::processAnnotationsStream (38 bytes)
Event: 7.826 Thread 0x000001c690223000 nmethod 2777 0x000001c6f5853610 code [0x000001c6f5853840, 0x000001c6f5854af8]

GC Heap History (8 events):
Event: 3.553 GC heap before
{Heap before GC invocations=0 (full 0):
 garbage-first heap   total 391168K, used 23552K [0x0000000682000000, 0x0000000800000000)
  region size 1024K, 24 young (24576K), 0 survivors (0K)
 Metaspace       used 18072K, capacity 18740K, committed 18944K, reserved 1067008K
  class space    used 1907K, capacity 2204K, committed 2304K, reserved 1048576K
}
Event: 3.560 GC heap after
{Heap after GC invocations=1 (full 0):
 garbage-first heap   total 391168K, used 5340K [0x0000000682000000, 0x0000000800000000)
  region size 1024K, 3 young (3072K), 3 survivors (3072K)
 Metaspace       used 18072K, capacity 18740K, committed 18944K, reserved 1067008K
  class space    used 1907K, capacity 2204K, committed 2304K, reserved 1048576K
}
Event: 4.430 GC heap before
{Heap before GC invocations=1 (full 0):
 garbage-first heap   total 391168K, used 21724K [0x0000000682000000, 0x0000000800000000)
  region size 1024K, 19 young (19456K), 3 survivors (3072K)
 Metaspace       used 20260K, capacity 21003K, committed 21120K, reserved 1069056K
  class space    used 2080K, capacity 2361K, committed 2432K, reserved 1048576K
}
Event: 4.435 GC heap after
{Heap after GC invocations=2 (full 0):
 garbage-first heap   total 391168K, used 6822K [0x0000000682000000, 0x0000000800000000)
  region size 1024K, 2 young (2048K), 2 survivors (2048K)
 Metaspace       used 20260K, capacity 21003K, committed 21120K, reserved 1069056K
  class space    used 2080K, capacity 2361K, committed 2432K, reserved 1048576K
}
Event: 4.501 GC heap before
{Heap before GC invocations=2 (full 0):
 garbage-first heap   total 391168K, used 8870K [0x0000000682000000, 0x0000000800000000)
  region size 1024K, 5 young (5120K), 2 survivors (2048K)
 Metaspace       used 20434K, capacity 21171K, committed 21296K, reserved 1069056K
  class space    used 2095K, capacity 2395K, committed 2432K, reserved 1048576K
}
Event: 4.503 GC heap after
{Heap after GC invocations=3 (full 0):
 garbage-first heap   total 391168K, used 6948K [0x0000000682000000, 0x0000000800000000)
  region size 1024K, 2 young (2048K), 2 survivors (2048K)
 Metaspace       used 20434K, capacity 21171K, committed 21296K, reserved 1069056K
  class space    used 2095K, capacity 2395K, committed 2432K, reserved 1048576K
}
Event: 6.954 GC heap before
{Heap before GC invocations=4 (full 0):
 garbage-first heap   total 391168K, used 75556K [0x0000000682000000, 0x0000000800000000)
  region size 1024K, 70 young (71680K), 2 survivors (2048K)
 Metaspace       used 23383K, capacity 24191K, committed 24240K, reserved 1071104K
  class space    used 2417K, capacity 2783K, committed 2816K, reserved 1048576K
}
Event: 6.959 GC heap after
{Heap after GC invocations=5 (full 0):
 garbage-first heap   total 391168K, used 10491K [0x0000000682000000, 0x0000000800000000)
  region size 1024K, 5 young (5120K), 5 survivors (5120K)
 Metaspace       used 23383K, capacity 24191K, committed 24240K, reserved 1071104K
  class space    used 2417K, capacity 2783K, committed 2816K, reserved 1048576K
}

Deoptimization events (10 events):
Event: 6.632 Thread 0x000001c68fb25000 Uncommon trap: reason=bimorphic_or_optimized_type_check action=maybe_recompile pc=0x000001c6f5805720 method=java.io.BufferedInputStream.skip(J)J @ 42 c2
Event: 6.632 Thread 0x000001c68fb25000 Uncommon trap: reason=bimorphic_or_optimized_type_check action=maybe_recompile pc=0x000001c6f5805720 method=java.io.BufferedInputStream.skip(J)J @ 42 c2
Event: 6.670 Thread 0x000001c68fb25000 Uncommon trap: reason=bimorphic_or_optimized_type_check action=maybe_recompile pc=0x000001c6f5805720 method=java.io.BufferedInputStream.skip(J)J @ 42 c2
Event: 6.675 Thread 0x000001c68fb25000 Uncommon trap: reason=bimorphic_or_optimized_type_check action=maybe_recompile pc=0x000001c6f5805720 method=java.io.BufferedInputStream.skip(J)J @ 42 c2
Event: 6.675 Thread 0x000001c68fb25000 Uncommon trap: reason=bimorphic_or_optimized_type_check action=maybe_recompile pc=0x000001c6f580454c method=java.io.BufferedInputStream.skip(J)J @ 42 c2
Event: 6.687 Thread 0x000001c68fb25000 Uncommon trap: reason=unstable_if action=reinterpret pc=0x000001c6f57fc25c method=org.apache.tomcat.util.bcel.classfile.Constant.readConstant(Ljava/io/DataInput;)Lorg/apache/tomcat/util/bcel/classfile/Constant; @ 8 c2
Event: 6.696 Thread 0x000001c68fb25000 Uncommon trap: reason=unstable_if action=reinterpret pc=0x000001c6f5801b90 method=java.io.DataInputStream.readUTF(Ljava/io/DataInput;)Ljava/lang/String; @ 112 c2
Event: 6.696 Thread 0x000001c68fb25000 Uncommon trap: reason=unstable_if action=reinterpret pc=0x000001c6f57f6604 method=java.lang.String.<init>([CIILjava/lang/Void;)V @ 43 c2
Event: 6.789 Thread 0x000001c68fb25000 Uncommon trap: reason=unloaded action=reinterpret pc=0x000001c6f580fcd0 method=org.apache.tomcat.util.bcel.classfile.Constant.readConstant(Ljava/io/DataInput;)Lorg/apache/tomcat/util/bcel/classfile/Constant; @ 122 c2
Event: 7.606 Thread 0x000001c68fb25000 Uncommon trap: reason=unstable_if action=reinterpret pc=0x000001c6f584853c method=java.util.jar.JarFile.maybeInstantiateVerifier()V @ 21 c2

Classes redefined (0 events):
No events

Internal exceptions (10 events):
Event: 5.061 Thread 0x000001c68fb25000 Exception <a 'java/security/PrivilegedActionException'{0x0000000699cb1258}> (0x0000000699cb1258) thrown at [./open/src/hotspot/share/prims/jvm.cpp, line 1305]
Event: 5.061 Thread 0x000001c68fb25000 Exception <a 'java/lang/reflect/InvocationTargetException'{0x0000000699cb1570}> (0x0000000699cb1570) thrown at [./open/src/hotspot/share/runtime/reflection.cpp, line 1242]
Event: 5.198 Thread 0x000001c68fb25000 Exception <a 'java/io/FileNotFoundException'{0x00000006990c4b10}> (0x00000006990c4b10) thrown at [./open/src/hotspot/share/prims/jni.cpp, line 611]
Event: 5.236 Thread 0x000001c68fb25000 Implicit null exception at 0x000001c6ee4aa537 to 0x000001c6ee4ac1fa
Event: 5.236 Thread 0x000001c68fb25000 Exception <a 'java/lang/NullPointerException'{0x0000000698f759e0}> (0x0000000698f759e0) thrown at [./open/src/hotspot/share/runtime/sharedRuntime.cpp, line 606]
Event: 5.236 Thread 0x000001c68fb25000 Implicit null exception at 0x000001c6ee4aa537 to 0x000001c6ee4ac1fa
Event: 5.236 Thread 0x000001c68fb25000 Exception <a 'java/lang/NullPointerException'{0x0000000698f76200}> (0x0000000698f76200) thrown at [./open/src/hotspot/share/runtime/sharedRuntime.cpp, line 606]
Event: 6.192 Thread 0x000001c68fb25000 Exception <a 'java/lang/ClassNotFoundException'{0x0000000698bb2fc0}: org/apache/catalina/webresources/jar/Handler> (0x0000000698bb2fc0) thrown at [./open/src/hotspot/share/classfile/systemDictionary.cpp, line 228]
Event: 6.272 Thread 0x000001c68fb25000 Exception <a 'java/io/FileNotFoundException'{0x00000006989e7450}> (0x00000006989e7450) thrown at [./open/src/hotspot/share/prims/jni.cpp, line 611]
Event: 7.606 Thread 0x000001c68fb25000 Implicit null exception at 0x000001c6f5847f77 to 0x000001c6f584851e

Events (10 events):
Event: 7.270 Thread 0x000001c68fb25000 DEOPT UNPACKING pc=0x000001c6edc1705e sp=0x00000019b9df6150 mode 0
Event: 7.288 Thread 0x000001c68fb25000 DEOPT PACKING pc=0x000001c6ee6ef958 sp=0x00000019b9df6430
Event: 7.288 Thread 0x000001c68fb25000 DEOPT UNPACKING pc=0x000001c6edc1705e sp=0x00000019b9df5940 mode 0
Event: 7.373 Executing VM operation: RevokeBias
Event: 7.373 Executing VM operation: RevokeBias done
Event: 7.606 Thread 0x000001c68fb25000 Uncommon trap: trap_request=0xffffff4d fr.pc=0x000001c6f584853c relative=0x000000000000075c
Event: 7.606 Executing VM operation: RevokeBias
Event: 7.606 Executing VM operation: RevokeBias done
Event: 7.606 Thread 0x000001c68fb25000 DEOPT PACKING pc=0x000001c6f584853c sp=0x00000019b9df6670
Event: 7.606 Thread 0x000001c68fb25000 DEOPT UNPACKING pc=0x000001c6edc168af sp=0x00000019b9df65c0 mode 2


Dynamic libraries:
0x00007ff7b3f80000 - 0x00007ff7b3f8f000 	C:\Program Files\Java\jdk-11.0.11\bin\java.exe
0x00007ff9e1890000 - 0x00007ff9e1a85000 	C:\WINDOWS\SYSTEM32\ntdll.dll
0x00007ff9dff60000 - 0x00007ff9e001e000 	C:\WINDOWS\System32\KERNEL32.DLL
0x00007ff9df230000 - 0x00007ff9df4f8000 	C:\WINDOWS\System32\KERNELBASE.dll
0x00007ff9df5e0000 - 0x00007ff9df6e0000 	C:\WINDOWS\System32\ucrtbase.dll
0x00007ff9dc2d0000 - 0x00007ff9dc2e8000 	C:\Program Files\Java\jdk-11.0.11\bin\jli.dll
0x00007ff9d85d0000 - 0x00007ff9d85e5000 	C:\Program Files\Java\jdk-11.0.11\bin\VCRUNTIME140.dll
0x00007ff9dfd50000 - 0x00007ff9dfdfe000 	C:\WINDOWS\System32\ADVAPI32.dll
0x00007ff9e12b0000 - 0x00007ff9e134e000 	C:\WINDOWS\System32\msvcrt.dll
0x00007ff9e1620000 - 0x00007ff9e16bc000 	C:\WINDOWS\System32\sechost.dll
0x00007ff9dfc20000 - 0x00007ff9dfd45000 	C:\WINDOWS\System32\RPCRT4.dll
0x00007ff9e0020000 - 0x00007ff9e01c1000 	C:\WINDOWS\System32\USER32.dll
0x00007ff9df6e0000 - 0x00007ff9df702000 	C:\WINDOWS\System32\win32u.dll
0x00007ff9df9f0000 - 0x00007ff9dfa1b000 	C:\WINDOWS\System32\GDI32.dll
0x00007ff9df710000 - 0x00007ff9df81d000 	C:\WINDOWS\System32\gdi32full.dll
0x00007ff9c6c40000 - 0x00007ff9c6eda000 	C:\WINDOWS\WinSxS\amd64_microsoft.windows.common-controls_6595b64144ccf1df_6.0.19041.1110_none_60b5254171f9507e\COMCTL32.dll
0x00007ff9df190000 - 0x00007ff9df22d000 	C:\WINDOWS\System32\msvcp_win.dll
0x00007ff9d6470000 - 0x00007ff9d647a000 	C:\WINDOWS\SYSTEM32\VERSION.dll
0x00007ff9df960000 - 0x00007ff9df990000 	C:\WINDOWS\System32\IMM32.DLL
0x00007ff9d8500000 - 0x00007ff9d859b000 	C:\Program Files\Java\jdk-11.0.11\bin\msvcp140.dll
0x00007ff9a15c0000 - 0x00007ff9a20be000 	C:\Program Files\Java\jdk-11.0.11\bin\server\jvm.dll
0x00007ff9dfa20000 - 0x00007ff9dfa28000 	C:\WINDOWS\System32\PSAPI.DLL
0x00007ff9c69a0000 - 0x00007ff9c69a9000 	C:\WINDOWS\SYSTEM32\WSOCK32.dll
0x00007ff9c4aa0000 - 0x00007ff9c4ac7000 	C:\WINDOWS\SYSTEM32\WINMM.dll
0x00007ff9e1500000 - 0x00007ff9e156b000 	C:\WINDOWS\System32\WS2_32.dll
0x00007ff9dd7e0000 - 0x00007ff9dd7f2000 	C:\WINDOWS\SYSTEM32\kernel.appcore.dll
0x00007ff9da450000 - 0x00007ff9da460000 	C:\Program Files\Java\jdk-11.0.11\bin\verify.dll
0x00007ff9dd4e0000 - 0x00007ff9dd6c4000 	C:\WINDOWS\SYSTEM32\DBGHELP.DLL
0x00007ff9c45b0000 - 0x00007ff9c45dc000 	C:\WINDOWS\SYSTEM32\dbgcore.DLL
0x00007ff9df550000 - 0x00007ff9df5d2000 	C:\WINDOWS\System32\bcryptPrimitives.dll
0x00007ff9d84d0000 - 0x00007ff9d84f8000 	C:\Program Files\Java\jdk-11.0.11\bin\java.dll
0x00007ff9d92f0000 - 0x00007ff9d92fa000 	C:\Program Files\Java\jdk-11.0.11\bin\jimage.dll
0x00007ff9d84b0000 - 0x00007ff9d84c6000 	C:\Program Files\Java\jdk-11.0.11\bin\zip.dll
0x00007ff9e0800000 - 0x00007ff9e0f44000 	C:\WINDOWS\System32\SHELL32.dll
0x00007ff9dcd40000 - 0x00007ff9dd4d5000 	C:\WINDOWS\SYSTEM32\windows.storage.dll
0x00007ff9e0f50000 - 0x00007ff9e12a5000 	C:\WINDOWS\System32\combase.dll
0x00007ff9de8a0000 - 0x00007ff9de8ce000 	C:\WINDOWS\SYSTEM32\Wldp.dll
0x00007ff9dfa90000 - 0x00007ff9dfb3d000 	C:\WINDOWS\System32\SHCORE.dll
0x00007ff9e01d0000 - 0x00007ff9e0225000 	C:\WINDOWS\System32\shlwapi.dll
0x00007ff9deee0000 - 0x00007ff9deeff000 	C:\WINDOWS\SYSTEM32\profapi.dll
0x00007ff9d5610000 - 0x00007ff9d5629000 	C:\Program Files\Java\jdk-11.0.11\bin\net.dll
0x00007ff9d8c80000 - 0x00007ff9d8d8c000 	C:\WINDOWS\SYSTEM32\WINHTTP.dll
0x00007ff9de620000 - 0x00007ff9de68a000 	C:\WINDOWS\system32\mswsock.dll
0x00007ff9d55f0000 - 0x00007ff9d5602000 	C:\Program Files\Java\jdk-11.0.11\bin\nio.dll
0x00007ff9d5a50000 - 0x00007ff9d5a59000 	C:\Program Files\Java\jdk-11.0.11\bin\management_agent.dll
0x00007ff9d8400000 - 0x00007ff9d8409000 	C:\Program Files\Java\jdk-11.0.11\bin\management.dll
0x00007ff9d6000000 - 0x00007ff9d600b000 	C:\Program Files\Java\jdk-11.0.11\bin\management_ext.dll
0x00007ff9bd380000 - 0x00007ff9bd397000 	C:\WINDOWS\system32\napinsp.dll
0x00007ff9bca90000 - 0x00007ff9bcaab000 	C:\WINDOWS\system32\pnrpnsp.dll
0x00007ff9d95e0000 - 0x00007ff9d95f5000 	C:\WINDOWS\system32\wshbth.dll
0x00007ff9da240000 - 0x00007ff9da25d000 	C:\WINDOWS\system32\NLAapi.dll
0x00007ff9de330000 - 0x00007ff9de36b000 	C:\WINDOWS\SYSTEM32\IPHLPAPI.DLL
0x00007ff9de370000 - 0x00007ff9de43b000 	C:\WINDOWS\SYSTEM32\DNSAPI.dll
0x00007ff9e16c0000 - 0x00007ff9e16c8000 	C:\WINDOWS\System32\NSI.dll
0x00007ff9bca70000 - 0x00007ff9bca82000 	C:\WINDOWS\System32\winrnr.dll
0x00007ff9d3520000 - 0x00007ff9d352a000 	C:\Windows\System32\rasadhlp.dll
0x00007ff9c95c0000 - 0x00007ff9c963f000 	C:\WINDOWS\System32\fwpuclnt.dll
0x00007ff9defa0000 - 0x00007ff9defc7000 	C:\WINDOWS\System32\bcrypt.dll
0x00007ff9de8e0000 - 0x00007ff9de8f8000 	C:\WINDOWS\SYSTEM32\CRYPTSP.dll
0x00007ff9ddfc0000 - 0x00007ff9ddff4000 	C:\WINDOWS\system32\rsaenh.dll
0x00007ff9dee60000 - 0x00007ff9dee8e000 	C:\WINDOWS\SYSTEM32\USERENV.dll
0x00007ff9de7b0000 - 0x00007ff9de7bc000 	C:\WINDOWS\SYSTEM32\CRYPTBASE.dll
0x00007ff9d6bd0000 - 0x00007ff9d6be7000 	C:\WINDOWS\SYSTEM32\dhcpcsvc6.DLL
0x00007ff9d6bb0000 - 0x00007ff9d6bcd000 	C:\WINDOWS\SYSTEM32\dhcpcsvc.DLL
0x0000000180000000 - 0x0000000180286000 	D:\apache-tomcat-9.0.45\bin\tcnative-1.dll
0x00007ff9defd0000 - 0x00007ff9df126000 	C:\WINDOWS\System32\CRYPT32.dll

dbghelp: loaded successfully - version: 4.0.5 - missing functions: none
symbol engine: initialized successfully - sym options: 0x614 - pdb path: .;C:\Program Files\Java\jdk-11.0.11\bin;C:\WINDOWS\SYSTEM32;C:\WINDOWS\WinSxS\amd64_microsoft.windows.common-controls_6595b64144ccf1df_6.0.19041.1110_none_60b5254171f9507e;C:\Program Files\Java\jdk-11.0.11\bin\server;D:\apache-tomcat-9.0.45\bin

VM Arguments:
jvm_args: --add-opens=java.base/java.lang=ALL-UNNAMED --add-opens=java.base/java.io=ALL-UNNAMED --add-opens=java.base/java.util=ALL-UNNAMED --add-opens=java.base/java.util.concurrent=ALL-UNNAMED --add-opens=java.rmi/sun.rmi.transport=ALL-UNNAMED -Djava.util.logging.config.file=C:\Users\cyh12\AppData\Local\JetBrains\IntelliJIdea2021.1\tomcat\b6b2fda9-fe3e-485c-ac22-2db6060a4908\conf\logging.properties -Djava.util.logging.manager=org.apache.juli.ClassLoaderLogManager -Dcom.sun.management.jmxremote= -Dcom.sun.management.jmxremote.port=1099 -Dcom.sun.management.jmxremote.ssl=false -Dcom.sun.management.jmxremote.password.file=C:\Users\cyh12\AppData\Local\JetBrains\IntelliJIdea2021.1\tomcat\b6b2fda9-fe3e-485c-ac22-2db6060a4908\jmxremote.password -Dcom.sun.management.jmxremote.access.file=C:\Users\cyh12\AppData\Local\JetBrains\IntelliJIdea2021.1\tomcat\b6b2fda9-fe3e-485c-ac22-2db6060a4908\jmxremote.access -Djava.rmi.server.hostname=127.0.0.1 -Djdk.tls.ephemeralDHKeySize=2048 -Djava.protocol.handler.pkgs=org.apache.catalina.webresources -Dignore.endorsed.dirs= -Dcatalina.base=C:\Users\cyh12\AppData\Local\JetBrains\IntelliJIdea2021.1\tomcat\b6b2fda9-fe3e-485c-ac22-2db6060a4908 -Dcatalina.home=D:\apache-tomcat-9.0.45 -Djava.io.tmpdir=D:\apache-tomcat-9.0.45\temp 
java_command: org.apache.catalina.startup.Bootstrap start
java_class_path (initial): D:\apache-tomcat-9.0.45\bin\bootstrap.jar;D:\apache-tomcat-9.0.45\bin\tomcat-juli.jar
Launcher Type: SUN_STANDARD

[Global flags]
     intx CICompilerCount                          = 4                                         {product} {ergonomic}
     uint ConcGCThreads                            = 2                                         {product} {ergonomic}
     uint G1ConcRefinementThreads                  = 8                                         {product} {ergonomic}
   size_t G1HeapRegionSize                         = 1048576                                   {product} {ergonomic}
    uintx GCDrainStackTargetSize                   = 64                                        {product} {ergonomic}
   size_t InitialHeapSize                          = 400556032                                 {product} {ergonomic}
     bool ManagementServer                         = true                                      {product} {command line}
   size_t MarkStackSize                            = 4194304                                   {product} {ergonomic}
   size_t MaxHeapSize                              = 6408896512                                {product} {ergonomic}
   size_t MaxNewSize                               = 3845128192                                {product} {ergonomic}
   size_t MinHeapDeltaBytes                        = 1048576                                   {product} {ergonomic}
    uintx NonNMethodCodeHeapSize                   = 5836300                                {pd product} {ergonomic}
    uintx NonProfiledCodeHeapSize                  = 122910970                              {pd product} {ergonomic}
    uintx ProfiledCodeHeapSize                     = 122910970                              {pd product} {ergonomic}
    uintx ReservedCodeCacheSize                    = 251658240                              {pd product} {ergonomic}
     bool SegmentedCodeCache                       = true                                      {product} {ergonomic}
     bool UseCompressedClassPointers               = true                                 {lp64_product} {ergonomic}
     bool UseCompressedOops                        = true                                 {lp64_product} {ergonomic}
     bool UseG1GC                                  = true                                      {product} {ergonomic}
     bool UseLargePagesIndividualAllocation        = false                                  {pd product} {ergonomic}

Logging:
Log output configuration:
 #0: stdout all=warning uptime,level,tags
 #1: stderr all=off uptime,level,tags

Environment Variables:
JAVA_HOME=C:\Program Files\Java\jdk-11.0.11
JRE_HOME=C:\Program Files\Java\jdk-11.0.11
CLASSPATH=D:\apache-tomcat-9.0.45\bin\bootstrap.jar;D:\apache-tomcat-9.0.45\bin\tomcat-juli.jar
PATH=D:\Anaconda3;D:\Anaconda3\Library\mingw-w64\bin;D:\Anaconda3\Library\usr\bin;D:\Anaconda3\Library\bin;D:\Anaconda3\Scripts;D:\app\cyh12\product\11.2.0\dbhome_1\bin;D:\Program Files\Java\jdk-15.0.1\bin;C:\Program Files\Common Files\Oracle\Java\javapath;C:\Program Files (x86)\NAT Service;C:\Program Files (x86)\Common Files\Oracle\Java\javapath;C:\WINDOWS\system32;C:\WINDOWS;C:\WINDOWS\System32\Wbem;C:\WINDOWS\System32\WindowsPowerShell\v1.0\;C:\WINDOWS\System32\OpenSSH\;C:\Program Files (x86)\NVIDIA Corporation\PhysX\Common;C:\Program Files\NVIDIA Corporation\NVIDIA NvDLISR;C:\Program Files (x86)\command;C:\WINDOWS\system32;C:\WINDOWS;C:\WINDOWS\System32\Wbem;C:\WINDOWS\System32\WindowsPowerShell\v1.0\;C:\WINDOWS\System32\OpenSSH\;C:\Program Files\dotnet\;C:\Program Files\Microsoft SQL Server\130\Tools\Binn\;C:\Program Files\Microsoft SQL Server\Client SDK\ODBC\170\Tools\Binn\;D:\Program Files\Git\cmd;C:\dev\local\cmder;D:\Program Files\nodejs\;D:\gradle-6.7.1\bin;D:\mongodb\bin;D:\Program Files\Java\jdk-15.0.1\bin;D:\Program Files\Java\apache-maven-3.8.4-bin\apache-maven-3.8.4\bin;C:\Ruby27-x64\bin;C:\Users\cyh12\AppData\Local\Programs\Python\Python39\Scripts\;C:\Users\cyh12\AppData\Local\Programs\Python\Python39\;D:\Program Files\Java\jdk1.8.0_201\bin;C:\Users\cyh12\AppData\Local\Microsoft\WindowsApps;D:\Microsoft VS Code\bin;D:\Program Files\Bandizip\;D:\flutter\bin;D:\Program Files\JetBrains\IntelliJ IDEA Community Edition 2020.1.1\bin;D:\Program Files\JetBrains\PyCharm Community Edition 2020.2.3\bin;C:\venvs;C:\Users\cyh12\.dotnet\tools;C:\Users\cyh12\AppData\Local\atom\bin;C:\Program Files\JetBrains\IntelliJ IDEA 2021.1\bin;;C:\Users\cyh12\AppData\Roaming\npm;D:\Program Files (x86)\ALSee\x64
USERNAME=cyh12
OS=Windows_NT
PROCESSOR_IDENTIFIER=Intel64 Family 6 Model 158 Stepping 9, GenuineIntel



---------------  S Y S T E M  ---------------

OS: Windows 10 , 64 bit Build 19041 (10.0.19041.1466)
Hyper-V role detected

CPU:total 8 (initial active 8) (4 cores per cpu, 2 threads per core) family 6 model 158 stepping 9 microcode 0xb4, cmov, cx8, fxsr, mmx, sse, sse2, sse3, ssse3, sse4.1, sse4.2, popcnt, avx, avx2, aes, clmul, erms, 3dnowpref, lzcnt, ht, tsc, tscinvbit, bmi1, bmi2, adx, fma

Memory: 4k page, system-wide physical 24442M (8652M free)
TotalPageFile size 39628M (AvailPageFile size 2M)
current process WorkingSet (physical memory assigned to process): 247M, peak: 247M
current process commit charge ("private bytes"): 543M, peak: 543M

vm_info: Java HotSpot(TM) 64-Bit Server VM (11.0.11+9-LTS-194) for windows-amd64 JRE (11.0.11+9-LTS-194), built on Mar 18 2021 18:46:53 by "mach5one" with MS VC++ 15.9 (VS2017)

END.
