13-Apr-2022 16:33:02.814 INFO [main] org.apache.catalina.startup.VersionLoggerListener.log 서버 버전 이름:    Apache Tomcat/9.0.45
13-Apr-2022 16:33:02.895 INFO [main] org.apache.catalina.startup.VersionLoggerListener.log Server 빌드 시각:  Mar 30 2021 10:29:04 UTC
13-Apr-2022 16:33:02.896 INFO [main] org.apache.catalina.startup.VersionLoggerListener.log Server 버전 번호:  9.0.45.0
13-Apr-2022 16:33:02.897 INFO [main] org.apache.catalina.startup.VersionLoggerListener.log 운영체제 이름:     Windows 10
13-Apr-2022 16:33:02.897 INFO [main] org.apache.catalina.startup.VersionLoggerListener.log 운영체제 버전:     10.0
13-Apr-2022 16:33:02.898 INFO [main] org.apache.catalina.startup.VersionLoggerListener.log 아키텍처:          amd64
13-Apr-2022 16:33:02.898 INFO [main] org.apache.catalina.startup.VersionLoggerListener.log 자바 홈:           D:\Program Files\Java\jdk-15.0.1
13-Apr-2022 16:33:02.899 INFO [main] org.apache.catalina.startup.VersionLoggerListener.log JVM 버전:          15.0.1+9-18
13-Apr-2022 16:33:02.900 INFO [main] org.apache.catalina.startup.VersionLoggerListener.log JVM 벤더:          Oracle Corporation
13-Apr-2022 16:33:02.901 INFO [main] org.apache.catalina.startup.VersionLoggerListener.log CATALINA_BASE:     D:\apache-tomcat-9.0.45
13-Apr-2022 16:33:02.901 INFO [main] org.apache.catalina.startup.VersionLoggerListener.log CATALINA_HOME:     D:\apache-tomcat-9.0.45
13-Apr-2022 16:33:02.902 INFO [main] org.apache.catalina.startup.VersionLoggerListener.log 명령 행 아규먼트:  --add-opens=java.base/java.lang=ALL-UNNAMED
13-Apr-2022 16:33:02.903 INFO [main] org.apache.catalina.startup.VersionLoggerListener.log 명령 행 아규먼트:  --add-opens=java.base/java.io=ALL-UNNAMED
13-Apr-2022 16:33:02.906 INFO [main] org.apache.catalina.startup.VersionLoggerListener.log 명령 행 아규먼트:  --add-opens=java.base/java.util=ALL-UNNAMED
13-Apr-2022 16:33:02.911 INFO [main] org.apache.catalina.startup.VersionLoggerListener.log 명령 행 아규먼트:  --add-opens=java.base/java.util.concurrent=ALL-UNNAMED
13-Apr-2022 16:33:02.917 INFO [main] org.apache.catalina.startup.VersionLoggerListener.log 명령 행 아규먼트:  --add-opens=java.rmi/sun.rmi.transport=ALL-UNNAMED
13-Apr-2022 16:33:02.933 INFO [main] org.apache.catalina.startup.VersionLoggerListener.log 명령 행 아규먼트:  -Djava.util.logging.config.file=D:\apache-tomcat-9.0.45\conf\logging.properties
13-Apr-2022 16:33:02.939 INFO [main] org.apache.catalina.startup.VersionLoggerListener.log 명령 행 아규먼트:  -Djava.util.logging.manager=org.apache.juli.ClassLoaderLogManager
13-Apr-2022 16:33:02.947 INFO [main] org.apache.catalina.startup.VersionLoggerListener.log 명령 행 아규먼트:  -Djdk.tls.ephemeralDHKeySize=2048
13-Apr-2022 16:33:02.952 INFO [main] org.apache.catalina.startup.VersionLoggerListener.log 명령 행 아규먼트:  -Djava.protocol.handler.pkgs=org.apache.catalina.webresources
13-Apr-2022 16:33:02.956 INFO [main] org.apache.catalina.startup.VersionLoggerListener.log 명령 행 아규먼트:  -Dignore.endorsed.dirs=
13-Apr-2022 16:33:02.958 INFO [main] org.apache.catalina.startup.VersionLoggerListener.log 명령 행 아규먼트:  -Dcatalina.base=D:\apache-tomcat-9.0.45
13-Apr-2022 16:33:02.963 INFO [main] org.apache.catalina.startup.VersionLoggerListener.log 명령 행 아규먼트:  -Dcatalina.home=D:\apache-tomcat-9.0.45
13-Apr-2022 16:33:02.978 INFO [main] org.apache.catalina.startup.VersionLoggerListener.log 명령 행 아규먼트:  -Djava.io.tmpdir=D:\apache-tomcat-9.0.45\temp
13-Apr-2022 16:33:03.039 INFO [main] org.apache.catalina.core.AprLifecycleListener.lifecycleEvent APR 버전 [1.7.0]을(를) 사용한, APR 기반 Apache Tomcat Native 라이브러리 [1.2.27]을(를) 로드했습니다.
13-Apr-2022 16:33:03.052 INFO [main] org.apache.catalina.core.AprLifecycleListener.lifecycleEvent APR 용량정보들: IPv6 [true], sendfile [true], accept filters [false], random [true].
13-Apr-2022 16:33:03.056 INFO [main] org.apache.catalina.core.AprLifecycleListener.lifecycleEvent APR/OpenSSL 설정: useAprConnector [false], useOpenSSL [true]
13-Apr-2022 16:33:03.113 INFO [main] org.apache.catalina.core.AprLifecycleListener.initializeSSL OpenSSL이 성공적으로 초기화되었습니다: [OpenSSL 1.1.1k  25 Mar 2021]
13-Apr-2022 16:33:04.110 INFO [main] org.apache.coyote.AbstractProtocol.init 프로토콜 핸들러 ["http-nio-8080"]을(를) 초기화합니다.
13-Apr-2022 16:33:04.570 INFO [main] org.apache.catalina.startup.Catalina.load [2746] 밀리초 내에 서버가 초기화되었습니다.
13-Apr-2022 16:33:04.831 INFO [main] org.apache.catalina.core.StandardService.startInternal 서비스 [Catalina]을(를) 시작합니다.
13-Apr-2022 16:33:04.836 INFO [main] org.apache.catalina.core.StandardEngine.startInternal 서버 엔진을 시작합니다: [Apache Tomcat/9.0.45]
13-Apr-2022 16:33:04.961 INFO [main] org.apache.catalina.startup.HostConfig.deployWAR 웹 애플리케이션 아카이브 [D:\apache-tomcat-9.0.45\webapps\Ex30_WebJars.war]을(를) 배치합니다.
13-Apr-2022 16:33:11.787 INFO [main] org.apache.jasper.servlet.TldScanner.scanJars 적어도 하나의 JAR가 TLD들을 찾기 위해 스캔되었으나 아무 것도 찾지 못했습니다. 스캔했으나 TLD가 없는 JAR들의 전체 목록을 보시려면, 로그 레벨을 디버그 레벨로 설정하십시오. 스캔 과정에서 불필요한 JAR들을 건너뛰면, 시스템 시작 시간과 JSP 컴파일 시간을 단축시킬 수 있습니다.
13-Apr-2022 16:33:16.790 WARNING [main] org.apache.catalina.util.SessionIdGeneratorBase.createSecureRandom [SHA1PRNG] 알고리즘을 사용하여, 세션 ID를 생성하기 위한 SecureRandom 객체를 생성하는데, [353] 밀리초가 소요됐습니다.
13-Apr-2022 16:33:16.912 INFO [main] org.apache.catalina.startup.HostConfig.deployWAR 웹 애플리케이션 아카이브 [D:\apache-tomcat-9.0.45\webapps\Ex30_WebJars.war]의 배치가 [11,950] 밀리초에 완료되었습니다.
13-Apr-2022 16:33:16.917 INFO [main] org.apache.catalina.startup.HostConfig.deployDirectory 웹 애플리케이션 디렉토리 [D:\apache-tomcat-9.0.45\webapps\ch2]을(를) 배치합니다.
13-Apr-2022 16:33:20.337 INFO [main] org.apache.jasper.servlet.TldScanner.scanJars 적어도 하나의 JAR가 TLD들을 찾기 위해 스캔되었으나 아무 것도 찾지 못했습니다. 스캔했으나 TLD가 없는 JAR들의 전체 목록을 보시려면, 로그 레벨을 디버그 레벨로 설정하십시오. 스캔 과정에서 불필요한 JAR들을 건너뛰면, 시스템 시작 시간과 JSP 컴파일 시간을 단축시킬 수 있습니다.
13-Apr-2022 16:33:25.808 INFO [main] org.apache.catalina.startup.HostConfig.deployDirectory 웹 애플리케이션 디렉토리 [D:\apache-tomcat-9.0.45\webapps\ch2]에 대한 배치가 [8,891] 밀리초에 완료되었습니다.
13-Apr-2022 16:33:25.812 INFO [main] org.apache.catalina.startup.HostConfig.deployDirectory 웹 애플리케이션 디렉토리 [D:\apache-tomcat-9.0.45\webapps\ch2_war]을(를) 배치합니다.
13-Apr-2022 16:33:28.538 INFO [main] org.apache.jasper.servlet.TldScanner.scanJars 적어도 하나의 JAR가 TLD들을 찾기 위해 스캔되었으나 아무 것도 찾지 못했습니다. 스캔했으나 TLD가 없는 JAR들의 전체 목록을 보시려면, 로그 레벨을 디버그 레벨로 설정하십시오. 스캔 과정에서 불필요한 JAR들을 건너뛰면, 시스템 시작 시간과 JSP 컴파일 시간을 단축시킬 수 있습니다.
13-Apr-2022 16:33:31.228 INFO [main] org.apache.catalina.startup.HostConfig.deployDirectory 웹 애플리케이션 디렉토리 [D:\apache-tomcat-9.0.45\webapps\ch2_war]에 대한 배치가 [5,417] 밀리초에 완료되었습니다.
13-Apr-2022 16:33:31.232 INFO [main] org.apache.catalina.startup.HostConfig.deployDirectory 웹 애플리케이션 디렉토리 [D:\apache-tomcat-9.0.45\webapps\day22]을(를) 배치합니다.
13-Apr-2022 16:33:31.273 INFO [main] org.apache.catalina.startup.HostConfig.deployDirectory 웹 애플리케이션 디렉토리 [D:\apache-tomcat-9.0.45\webapps\day22]에 대한 배치가 [41] 밀리초에 완료되었습니다.
13-Apr-2022 16:33:31.277 INFO [main] org.apache.catalina.startup.HostConfig.deployDirectory 웹 애플리케이션 디렉토리 [D:\apache-tomcat-9.0.45\webapps\docs]을(를) 배치합니다.
13-Apr-2022 16:33:31.347 INFO [main] org.apache.catalina.startup.HostConfig.deployDirectory 웹 애플리케이션 디렉토리 [D:\apache-tomcat-9.0.45\webapps\docs]에 대한 배치가 [70] 밀리초에 완료되었습니다.
13-Apr-2022 16:33:31.351 INFO [main] org.apache.catalina.startup.HostConfig.deployDirectory 웹 애플리케이션 디렉토리 [D:\apache-tomcat-9.0.45\webapps\examples]을(를) 배치합니다.
13-Apr-2022 16:33:33.179 INFO [main] org.apache.catalina.startup.HostConfig.deployDirectory 웹 애플리케이션 디렉토리 [D:\apache-tomcat-9.0.45\webapps\examples]에 대한 배치가 [1,828] 밀리초에 완료되었습니다.
13-Apr-2022 16:33:33.182 INFO [main] org.apache.catalina.startup.HostConfig.deployDirectory 웹 애플리케이션 디렉토리 [D:\apache-tomcat-9.0.45\webapps\host-manager]을(를) 배치합니다.
13-Apr-2022 16:33:33.335 INFO [main] org.apache.catalina.startup.HostConfig.deployDirectory 웹 애플리케이션 디렉토리 [D:\apache-tomcat-9.0.45\webapps\host-manager]에 대한 배치가 [153] 밀리초에 완료되었습니다.
13-Apr-2022 16:33:33.342 INFO [main] org.apache.catalina.startup.HostConfig.deployDirectory 웹 애플리케이션 디렉토리 [D:\apache-tomcat-9.0.45\webapps\manager]을(를) 배치합니다.
13-Apr-2022 16:33:33.420 INFO [main] org.apache.catalina.startup.HostConfig.deployDirectory 웹 애플리케이션 디렉토리 [D:\apache-tomcat-9.0.45\webapps\manager]에 대한 배치가 [78] 밀리초에 완료되었습니다.
13-Apr-2022 16:33:33.426 INFO [main] org.apache.catalina.startup.HostConfig.deployDirectory 웹 애플리케이션 디렉토리 [D:\apache-tomcat-9.0.45\webapps\ROOT]을(를) 배치합니다.
13-Apr-2022 16:33:33.505 INFO [main] org.apache.catalina.startup.HostConfig.deployDirectory 웹 애플리케이션 디렉토리 [D:\apache-tomcat-9.0.45\webapps\ROOT]에 대한 배치가 [78] 밀리초에 완료되었습니다.
13-Apr-2022 16:33:33.516 INFO [main] org.apache.coyote.AbstractProtocol.start 프로토콜 핸들러 ["http-nio-8080"]을(를) 시작합니다.
13-Apr-2022 16:33:33.552 INFO [main] org.apache.catalina.startup.Catalina.start 서버가 [28977] 밀리초 내에 시작되었습니다.
13-Apr-2022 18:16:35.910 INFO [main] org.apache.catalina.core.StandardServer.await 셧다운 포트를 통해 유효한 셧다운 명령을 받았습니다. 서버 인스턴스를 중지시킵니다.
13-Apr-2022 18:16:35.936 INFO [main] org.apache.coyote.AbstractProtocol.pause 프로토콜 핸들러 ["http-nio-8080"]을(를) 일시 정지 중
13-Apr-2022 18:16:36.016 INFO [main] org.apache.catalina.core.StandardService.stopInternal 서비스 [Catalina]을(를) 중지시킵니다.
13-Apr-2022 18:16:36.474 INFO [main] org.apache.coyote.AbstractProtocol.stop 프로토콜 핸들러 ["http-nio-8080"]을(를) 중지시킵니다.
13-Apr-2022 18:16:36.504 INFO [main] org.apache.coyote.AbstractProtocol.destroy 프로토콜 핸들러 ["http-nio-8080"]을(를) 소멸시킵니다.
