#
# There is insufficient memory for the Java Runtime Environment to continue.
# Native memory allocation (malloc) failed to allocate 1048576 bytes for AllocateHeap
# Possible reasons:
#   The system is out of physical RAM or swap space
#   The process is running with CompressedOops enabled, and the Java Heap may be blocking the growth of the native heap
# Possible solutions:
#   Reduce memory load on the system
#   Increase physical memory or swap space
#   Check if swap backing store is full
#   Decrease Java heap size (-Xmx/-Xms)
#   Decrease number of Java threads
#   Decrease Java thread stack sizes (-Xss)
#   Set larger code cache with -XX:ReservedCodeCacheSize=
#   JVM is running with Zero Based Compressed Oops mode in which the Java heap is
#     placed in the first 32GB address space. The Java Heap base address is the
#     maximum limit for the native heap growth. Please use -XX:HeapBaseMinAddress
#     to set the Java Heap base and to place the Java Heap above 32GB virtual address.
# This output file may be truncated or incomplete.
#
#  Out of Memory Error (memory/allocation.inline.hpp:61), pid=27460, tid=0x0000000000001bf0
#
# JRE version:  (8.0_332-b09) (build )
# Java VM: OpenJDK 64-Bit Server VM (25.332-b09 mixed mode windows-amd64 compressed oops)
# Failed to write core dump. Minidumps are not enabled by default on client versions of Windows
#

---------------  T H R E A D  ---------------

Current thread (0x0000000003088000):  JavaThread "Unknown thread" [_thread_in_vm, id=7152, stack(0x0000000002f40000,0x0000000003040000)]

Stack: [0x0000000002f40000,0x0000000003040000]
[error occurred during error reporting (printing stack bounds), id 0xc0000005]

Native frames: (J=compiled Java code, j=interpreted, Vv=VM code, C=native code)


---------------  P R O C E S S  ---------------

Java Threads: ( => current thread )

Other Threads:

=>0x0000000003088000 (exited) JavaThread "Unknown thread" [_thread_in_vm, id=7152, stack(0x0000000002f40000,0x0000000003040000)]

VM state:not at safepoint (normal execution)

VM Mutex/Monitor currently owned by a thread: None

heap address: 0x0000000642000000, size: 6112 MB, Compressed Oops mode: Zero based, Oop shift amount: 3
Narrow klass base: 0x0000000000000000, Narrow klass shift: 3
Compressed class space size: 1073741824 Address: 0x00000007c0000000

Heap:
 PSYoungGen      total 114176K, used 1966K [0x0000000740b00000, 0x0000000748a00000, 0x00000007c0000000)
  eden space 98304K, 2% used [0x0000000740b00000,0x0000000740ceb860,0x0000000746b00000)
  from space 15872K, 0% used [0x0000000747a80000,0x0000000747a80000,0x0000000748a00000)
  to   space 15872K, 0% used [0x0000000746b00000,0x0000000746b00000,0x0000000747a80000)
 ParOldGen       total 261120K, used 0K [0x0000000642000000, 0x0000000651f00000, 0x0000000740b00000)
  object space 261120K, 0% used [0x0000000642000000,0x0000000642000000,0x0000000651f00000)
 Metaspace       used 876K, capacity 4480K, committed 4480K, reserved 1056768K
  class space    used 76K, capacity 384K, committed 384K, reserved 1048576K

Card table byte_map: [0x0000000012500000,0x0000000013100000] byte_map_base: 0x000000000f2f0000

Marking Bits: (ParMarkBitMap*) 0x000000005b74a100
 Begin Bits: [0x0000000014100000, 0x000000001a080000)
 End Bits:   [0x000000001a080000, 0x0000000020000000)

Polling page: 0x0000000001260000

CodeCache: size=245760Kb used=328Kb max_used=328Kb free=245431Kb
 bounds [0x0000000003140000, 0x00000000033b0000, 0x0000000012140000]
 total_blobs=57 nmethods=0 adapters=38
 compilation: enabled

Compilation events (0 events):
No events

GC Heap History (0 events):
No events

Deoptimization events (0 events):
No events

Classes redefined (0 events):
No events

Internal exceptions (0 events):
No events

Events (216 events):
Event: 0.029 loading class java/lang/Object
Event: 0.033 loading class java/lang/Object done
Event: 0.033 loading class java/lang/String
Event: 0.034 loading class java/io/Serializable
Event: 0.034 loading class java/io/Serializable done
Event: 0.034 loading class java/lang/Comparable
Event: 0.034 loading class java/lang/Comparable done
Event: 0.034 loading class java/lang/CharSequence
Event: 0.034 loading class java/lang/CharSequence done
Event: 0.034 loading class java/lang/String done
Event: 0.034 loading class java/lang/Class
Event: 0.034 loading class java/lang/reflect/GenericDeclaration
Event: 0.034 loading class java/lang/reflect/AnnotatedElement
Event: 0.035 loading class java/lang/reflect/AnnotatedElement done
Event: 0.035 loading class java/lang/reflect/GenericDeclaration done
Event: 0.035 loading class java/lang/reflect/Type
Event: 0.035 loading class java/lang/reflect/Type done
Event: 0.035 loading class java/lang/Class done
Event: 0.035 loading class java/lang/Cloneable
Event: 0.035 loading class java/lang/Cloneable done
Event: 0.035 loading class java/lang/ClassLoader
Event: 0.036 loading class java/lang/ClassLoader done
Event: 0.036 loading class java/lang/System
Event: 0.036 loading class java/lang/System done
Event: 0.036 loading class java/lang/Throwable
Event: 0.036 loading class java/lang/Throwable done
Event: 0.036 loading class java/lang/Error
Event: 0.036 loading class java/lang/Error done
Event: 0.036 loading class java/lang/ThreadDeath
Event: 0.036 loading class java/lang/ThreadDeath done
Event: 0.036 loading class java/lang/Exception
Event: 0.036 loading class java/lang/Exception done
Event: 0.036 loading class java/lang/RuntimeException
Event: 0.036 loading class java/lang/RuntimeException done
Event: 0.036 loading class java/lang/SecurityManager
Event: 0.037 loading class java/lang/SecurityManager done
Event: 0.037 loading class java/security/ProtectionDomain
Event: 0.037 loading class java/security/ProtectionDomain done
Event: 0.037 loading class java/security/AccessControlContext
Event: 0.037 loading class java/security/AccessControlContext done
Event: 0.037 loading class java/security/SecureClassLoader
Event: 0.037 loading class java/security/SecureClassLoader done
Event: 0.037 loading class java/lang/ClassNotFoundException
Event: 0.037 loading class java/lang/ReflectiveOperationException
Event: 0.037 loading class java/lang/ReflectiveOperationException done
Event: 0.037 loading class java/lang/ClassNotFoundException done
Event: 0.037 loading class java/lang/NoClassDefFoundError
Event: 0.037 loading class java/lang/LinkageError
Event: 0.037 loading class java/lang/LinkageError done
Event: 0.037 loading class java/lang/NoClassDefFoundError done
Event: 0.037 loading class java/lang/ClassCastException
Event: 0.037 loading class java/lang/ClassCastException done
Event: 0.037 loading class java/lang/ArrayStoreException
Event: 0.037 loading class java/lang/ArrayStoreException done
Event: 0.037 loading class java/lang/VirtualMachineError
Event: 0.037 loading class java/lang/VirtualMachineError done
Event: 0.037 loading class java/lang/OutOfMemoryError
Event: 0.037 loading class java/lang/OutOfMemoryError done
Event: 0.037 loading class java/lang/StackOverflowError
Event: 0.037 loading class java/lang/StackOverflowError done
Event: 0.037 loading class java/lang/IllegalMonitorStateException
Event: 0.038 loading class java/lang/IllegalMonitorStateException done
Event: 0.038 loading class java/lang/ref/Reference
Event: 0.038 loading class java/lang/ref/Reference done
Event: 0.038 loading class java/lang/ref/SoftReference
Event: 0.038 loading class java/lang/ref/SoftReference done
Event: 0.038 loading class java/lang/ref/WeakReference
Event: 0.038 loading class java/lang/ref/WeakReference done
Event: 0.038 loading class java/lang/ref/FinalReference
Event: 0.038 loading class java/lang/ref/FinalReference done
Event: 0.038 loading class java/lang/ref/PhantomReference
Event: 0.038 loading class java/lang/ref/PhantomReference done
Event: 0.038 loading class sun/misc/Cleaner
Event: 0.038 loading class sun/misc/Cleaner done
Event: 0.038 loading class java/lang/ref/Finalizer
Event: 0.038 loading class java/lang/ref/Finalizer done
Event: 0.038 loading class java/lang/ref/ReferenceQueue
Event: 0.038 loading class java/lang/ref/ReferenceQueue done
Event: 0.038 loading class java/lang/Thread
Event: 0.038 loading class java/lang/Runnable
Event: 0.039 loading class java/lang/Runnable done
Event: 0.040 loading class java/lang/Thread done
Event: 0.040 loading class java/lang/ThreadGroup
Event: 0.040 loading class java/lang/Thread$UncaughtExceptionHandler
Event: 0.040 loading class java/lang/Thread$UncaughtExceptionHandler done
Event: 0.040 loading class java/lang/ThreadGroup done
Event: 0.040 loading class java/util/Properties
Event: 0.040 loading class java/util/Hashtable
Event: 0.051 loading class java/util/Map
Event: 0.051 loading class java/util/Map done
Event: 0.052 loading class java/util/Dictionary
Event: 0.052 loading class java/util/Dictionary done
Event: 0.052 loading class java/util/Hashtable done
Event: 0.052 loading class java/util/Properties done
Event: 0.052 loading class java/lang/reflect/AccessibleObject
Event: 0.052 loading class java/lang/reflect/AccessibleObject done
Event: 0.052 loading class java/lang/reflect/Field
Event: 0.053 loading class java/lang/reflect/Member
Event: 0.058 loading class java/lang/reflect/Member done
Event: 0.059 loading class java/lang/reflect/Field done
Event: 0.059 loading class java/lang/reflect/Parameter
Event: 0.060 loading class java/lang/reflect/Parameter done
Event: 0.060 loading class java/lang/reflect/Method
Event: 0.061 loading class java/lang/reflect/Executable
Event: 0.068 loading class java/lang/reflect/Executable done
Event: 0.068 loading class java/lang/reflect/Method done
Event: 0.068 loading class java/lang/reflect/Constructor
Event: 0.069 loading class java/lang/reflect/Constructor done
Event: 0.069 loading class sun/reflect/MagicAccessorImpl
Event: 0.069 loading class sun/reflect/MagicAccessorImpl done
Event: 0.069 loading class sun/reflect/MethodAccessorImpl
Event: 0.069 loading class sun/reflect/MethodAccessor
Event: 0.069 loading class sun/reflect/MethodAccessor done
Event: 0.069 loading class sun/reflect/MethodAccessorImpl done
Event: 0.069 loading class sun/reflect/ConstructorAccessorImpl
Event: 0.069 loading class sun/reflect/ConstructorAccessor
Event: 0.069 loading class sun/reflect/ConstructorAccessor done
Event: 0.069 loading class sun/reflect/ConstructorAccessorImpl done
Event: 0.069 loading class sun/reflect/DelegatingClassLoader
Event: 0.070 loading class sun/reflect/DelegatingClassLoader done
Event: 0.070 loading class sun/reflect/ConstantPool
Event: 0.070 loading class sun/reflect/ConstantPool done
Event: 0.070 loading class sun/reflect/UnsafeStaticFieldAccessorImpl
Event: 0.070 loading class sun/reflect/UnsafeFieldAccessorImpl
Event: 0.070 loading class sun/reflect/FieldAccessorImpl
Event: 0.070 loading class sun/reflect/FieldAccessor
Event: 0.070 loading class sun/reflect/FieldAccessor done
Event: 0.070 loading class sun/reflect/FieldAccessorImpl done
Event: 0.070 loading class sun/reflect/UnsafeFieldAccessorImpl done
Event: 0.070 loading class sun/reflect/UnsafeStaticFieldAccessorImpl done
Event: 0.070 loading class sun/reflect/CallerSensitive
Event: 0.071 loading class java/lang/annotation/Annotation
Event: 0.071 loading class java/lang/annotation/Annotation done
Event: 0.071 loading class sun/reflect/CallerSensitive done
Event: 0.071 loading class java/lang/invoke/DirectMethodHandle
Event: 0.071 loading class java/lang/invoke/MethodHandle
Event: 0.074 loading class java/lang/invoke/MethodHandle done
Event: 0.074 loading class java/lang/invoke/DirectMethodHandle done
Event: 0.074 loading class java/lang/invoke/MemberName
Event: 0.076 loading class java/lang/invoke/MemberName done
Event: 0.076 loading class java/lang/invoke/MethodHandleNatives
Event: 0.076 loading class java/lang/invoke/MethodHandleNatives done
Event: 0.076 loading class java/lang/invoke/LambdaForm
Event: 0.078 loading class java/lang/invoke/LambdaForm done
Event: 0.078 loading class java/lang/invoke/MethodType
Event: 0.079 loading class java/lang/invoke/MethodType done
Event: 0.079 loading class java/lang/BootstrapMethodError
Event: 0.079 loading class java/lang/BootstrapMethodError done
Event: 0.079 loading class java/lang/invoke/CallSite
Event: 0.079 loading class java/lang/invoke/CallSite done
Event: 0.079 loading class java/lang/invoke/ConstantCallSite
Event: 0.080 loading class java/lang/invoke/ConstantCallSite done
Event: 0.081 loading class java/lang/invoke/MutableCallSite
Event: 0.081 loading class java/lang/invoke/MutableCallSite done
Event: 0.081 loading class java/lang/invoke/VolatileCallSite
Event: 0.081 loading class java/lang/invoke/VolatileCallSite done
Event: 0.081 loading class java/lang/StringBuffer
Event: 0.082 loading class java/lang/AbstractStringBuilder
Event: 0.082 loading class java/lang/Appendable
Event: 0.082 loading class java/lang/Appendable done
Event: 0.082 loading class java/lang/AbstractStringBuilder done
Event: 0.083 loading class java/lang/StringBuffer done
Event: 0.083 loading class java/lang/StringBuilder
Event: 0.086 loading class java/lang/StringBuilder done
Event: 0.086 loading class sun/misc/Unsafe
Event: 0.087 loading class sun/misc/Unsafe done
Event: 0.087 loading class java/io/ByteArrayInputStream
Event: 0.087 loading class java/io/InputStream
Event: 0.087 loading class java/io/Closeable
Event: 0.087 loading class java/lang/AutoCloseable
Event: 0.087 loading class java/lang/AutoCloseable done
Event: 0.087 loading class java/io/Closeable done
Event: 0.087 loading class java/io/InputStream done
Event: 0.087 loading class java/io/ByteArrayInputStream done
Event: 0.087 loading class java/io/File
Event: 0.089 loading class java/io/File done
Event: 0.089 loading class java/net/URLClassLoader
Event: 0.090 loading class java/net/URLClassLoader done
Event: 0.090 loading class java/net/URL
Event: 0.091 loading class java/net/URL done
Event: 0.091 loading class java/util/jar/Manifest
Event: 0.091 loading class java/util/jar/Manifest done
Event: 0.091 loading class sun/misc/Launcher
Event: 0.091 loading class sun/misc/Launcher done
Event: 0.091 loading class sun/misc/Launcher$AppClassLoader
Event: 0.091 loading class sun/misc/Launcher$AppClassLoader done
Event: 0.091 loading class sun/misc/Launcher$ExtClassLoader
Event: 0.091 loading class sun/misc/Launcher$ExtClassLoader done
Event: 0.091 loading class java/security/CodeSource
Event: 0.092 loading class java/security/CodeSource done
Event: 0.092 loading class java/lang/StackTraceElement
Event: 0.092 loading class java/lang/StackTraceElement done
Event: 0.092 loading class java/nio/Buffer
Event: 0.092 loading class java/nio/Buffer done
Event: 0.092 loading class java/lang/Boolean
Event: 0.092 loading class java/lang/Boolean done
Event: 0.092 loading class java/lang/Character
Event: 0.093 loading class java/lang/Character done
Event: 0.093 loading class java/lang/Float
Event: 0.093 loading class java/lang/Number
Event: 0.093 loading class java/lang/Number done
Event: 0.093 loading class java/lang/Float done
Event: 0.093 loading class java/lang/Double
Event: 0.093 loading class java/lang/Double done
Event: 0.093 loading class java/lang/Byte
Event: 0.094 loading class java/lang/Byte done
Event: 0.094 loading class java/lang/Short
Event: 0.094 loading class java/lang/Short done
Event: 0.094 loading class java/lang/Integer
Event: 0.094 loading class java/lang/Integer done
Event: 0.094 loading class java/lang/Long
Event: 0.095 loading class java/lang/Long done
Event: 0.096 loading class java/lang/NullPointerException
Event: 0.097 loading class java/lang/NullPointerException done
Event: 0.097 loading class java/lang/ArithmeticException
Event: 0.097 loading class java/lang/ArithmeticException done


Dynamic libraries:
0x00007ff7664b0000 - 0x00007ff7664f8000 	D:\Program Files\Java\java-1.8.0-openjdk\bin\javaw.exe
0x00007ffd859d0000 - 0x00007ffd85bc8000 	C:\WINDOWS\SYSTEM32\ntdll.dll
0x00007ffd84d30000 - 0x00007ffd84ded000 	C:\WINDOWS\System32\KERNEL32.DLL
0x00007ffd83760000 - 0x00007ffd83a2e000 	C:\WINDOWS\System32\KERNELBASE.dll
0x00007ffd849f0000 - 0x00007ffd84a9e000 	C:\WINDOWS\System32\ADVAPI32.dll
0x00007ffd84f50000 - 0x00007ffd84fee000 	C:\WINDOWS\System32\msvcrt.dll
0x00007ffd84eb0000 - 0x00007ffd84f4c000 	C:\WINDOWS\System32\sechost.dll
0x00007ffd84650000 - 0x00007ffd84775000 	C:\WINDOWS\System32\RPCRT4.dll
0x00007ffd84850000 - 0x00007ffd849f0000 	C:\WINDOWS\System32\USER32.dll
0x00007ffd836c0000 - 0x00007ffd836e2000 	C:\WINDOWS\System32\win32u.dll
0x00007ffd85560000 - 0x00007ffd8558a000 	C:\WINDOWS\System32\GDI32.dll
0x00007ffd83430000 - 0x00007ffd8353b000 	C:\WINDOWS\System32\gdi32full.dll
0x00007ffd830f0000 - 0x00007ffd8318d000 	C:\WINDOWS\System32\msvcp_win.dll
0x00007ffd83590000 - 0x00007ffd83690000 	C:\WINDOWS\System32\ucrtbase.dll
0x00007ffd6a5f0000 - 0x00007ffd6a88a000 	C:\WINDOWS\WinSxS\amd64_microsoft.windows.common-controls_6595b64144ccf1df_6.0.19041.1110_none_60b5254171f9507e\COMCTL32.dll
0x00007ffd85880000 - 0x00007ffd858b0000 	C:\WINDOWS\System32\IMM32.DLL
0x000000005b7e0000 - 0x000000005b8b2000 	D:\Program Files\Java\java-1.8.0-openjdk\jre\bin\msvcr100.dll
0x000000005aea0000 - 0x000000005b7d3000 	D:\Program Files\Java\java-1.8.0-openjdk\jre\bin\server\jvm.dll
0x00007ffd84c50000 - 0x00007ffd84c58000 	C:\WINDOWS\System32\PSAPI.DLL
0x00007ffd6b860000 - 0x00007ffd6b887000 	C:\WINDOWS\SYSTEM32\WINMM.dll
0x00007ffd7a800000 - 0x00007ffd7a80a000 	C:\WINDOWS\SYSTEM32\VERSION.dll
0x00007ffd6d320000 - 0x00007ffd6d329000 	C:\WINDOWS\SYSTEM32\WSOCK32.dll
0x00007ffd84c60000 - 0x00007ffd84ccb000 	C:\WINDOWS\System32\WS2_32.dll
0x00007ffd7ac20000 - 0x00007ffd7ac2f000 	D:\Program Files\Java\java-1.8.0-openjdk\jre\bin\verify.dll
0x00007ffd79e00000 - 0x00007ffd79e29000 	D:\Program Files\Java\java-1.8.0-openjdk\jre\bin\java.dll
0x00007ffd7a0a0000 - 0x00007ffd7a0b6000 	D:\Program Files\Java\java-1.8.0-openjdk\jre\bin\zip.dll

VM Arguments:
jvm_args: -Dcom.sun.management.jmxremote -Dcom.sun.management.jmxremote.port=2481 -Dcom.sun.management.jmxremote.authenticate=false -Dcom.sun.management.jmxremote.ssl=false -Djava.rmi.server.hostname=localhost -Dspring.jmx.enabled=true -Dspring.application.admin.enabled=true -XX:TieredStopAtLevel=1 -Dspring.boot.project.name=secu2 -Dfile.encoding=UTF-8 
java_command: org.hdcd.Ch18Security10UserTableApplication --spring.output.ansi.enabled=always
java_class_path (initial): D:\aloha\SpringbootBoardEx\SPRING_CYH\secu2\target\classes;C:\Users\cyh12\.m2\repository\org\springframework\boot\spring-boot-starter-security\2.1.4.RELEASE\spring-boot-starter-security-2.1.4.RELEASE.jar;C:\Users\cyh12\.m2\repository\org\springframework\boot\spring-boot-starter\2.1.4.RELEASE\spring-boot-starter-2.1.4.RELEASE.jar;C:\Users\cyh12\.m2\repository\org\springframework\boot\spring-boot-starter-logging\2.1.4.RELEASE\spring-boot-starter-logging-2.1.4.RELEASE.jar;C:\Users\cyh12\.m2\repository\ch\qos\logback\logback-classic\1.2.3\logback-classic-1.2.3.jar;C:\Users\cyh12\.m2\repository\ch\qos\logback\logback-core\1.2.3\logback-core-1.2.3.jar;C:\Users\cyh12\.m2\repository\org\apache\logging\log4j\log4j-to-slf4j\2.11.2\log4j-to-slf4j-2.11.2.jar;C:\Users\cyh12\.m2\repository\org\apache\logging\log4j\log4j-api\2.11.2\log4j-api-2.11.2.jar;C:\Users\cyh12\.m2\repository\org\slf4j\jul-to-slf4j\1.7.26\jul-to-slf4j-1.7.26.jar;C:\Users\cyh12\.m2\repository\org\yaml\snakeyaml\1.23\snakeyaml-1.23.jar;C:\Users\cyh12\.m2\repository\org\springframework\spring-aop\5.1.6.RELEASE\spring-aop-5.1.6.RELEASE.jar;C:\Users\cyh12\.m2\repository\org\springframework\spring-beans\5.1.6.RELEASE\spring-beans-5.1.6.RELEASE.jar;C:\Users\cyh12\.m2\repository\org\springframework\security\spring-security-config\5.1.5.RELEASE\spring-security-config-5.1.5.RELEASE.jar;C:\Users\cyh12\.m2\repository\org\springframework\spring-context\5.1.6.RELEASE\spring-context-5.1.6.RELEASE.jar;C:\Users\cyh12\.m2\repository\org\springframework\security\spring-security-web\5.1.5.RELEASE\spring-security-web-5.1.5.RELEASE.jar;C:\Users\cyh12\.m2\repository\org\springframework\spring-expression\5.1.6.RELEASE\spring-expression-5.1.6.RELEASE.jar;C:\Users\cyh12\.m2\repository\org\springframework\boot\spring-boot-starter-thymeleaf\2.1.4.RELEASE\spring-boot-starter-thymeleaf-2.1.4.RELEASE.jar;C:\Users\cyh12\.m2\repository\org\thymeleaf\thymeleaf-spring5\3.0.11.RELEASE\thymeleaf-spring5-3.0.11.RELEA
Launcher Type: SUN_STANDARD

Environment Variables:
JAVA_HOME=D:\Program Files\Java\jdk-15.0.1
USERNAME=cyh12
OS=Windows_NT
PROCESSOR_IDENTIFIER=Intel64 Family 6 Model 158 Stepping 9, GenuineIntel



---------------  S Y S T E M  ---------------

OS: Windows 10.0 , 64 bit Build 19041 (10.0.19041.1806)

CPU:total 8 (initial active 8) (4 cores per cpu, 2 threads per core) family 6 model 158 stepping 9, cmov, cx8, fxsr, mmx, sse, sse2, sse3, ssse3, sse4.1, sse4.2, popcnt, avx, avx2, aes, clmul, erms, 3dnowpref, lzcnt, ht, tsc, tscinvbit, bmi1, bmi2, adx

Memory: 4k page, physical 25028748k(6961536k free), swap 40579208k(1004k free)

vm_info: OpenJDK 64-Bit Server VM (25.332-b09) for windows-amd64 JRE (1.8.0_332-b09), built on May  3 2022 02:38:43 by "Administrator" with MS VC++ 10.0 (VS2010)

time: Sun Aug 07 13:11:06 2022
timezone: 대한민국 표준시
elapsed time: 0.220603 seconds (0d 0h 0m 0s)

